{"/home/ssperanz/Documenti/swe/integrazione/MVP/microservices/warehouse/src/main.ts": {"path":"/home/ssperanz/Documenti/swe/integrazione/MVP/microservices/warehouse/src/main.ts","statementMap":{"0":{"start":{"line":1,"column":0},"end":{"line":1,"column":43}},"1":{"start":{"line":2,"column":0},"end":{"line":2,"column":53}},"2":{"start":{"line":3,"column":0},"end":{"line":3,"column":71}},"3":{"start":{"line":4,"column":0},"end":{"line":4,"column":48}},"4":{"start":{"line":7,"column":14},"end":{"line":7,"column":55}},"5":{"start":{"line":8,"column":2},"end":{"line":14,"column":4}},"6":{"start":{"line":16,"column":2},"end":{"line":16,"column":43}},"7":{"start":{"line":17,"column":2},"end":{"line":17,"column":36}},"8":{"start":{"line":18,"column":2},"end":{"line":18,"column":45}},"9":{"start":{"line":20,"column":0},"end":{"line":20,"column":12}}},"fnMap":{"0":{"name":"bootstrap","decl":{"start":{"line":6,"column":15},"end":{"line":6,"column":24}},"loc":{"start":{"line":6,"column":24},"end":{"line":19,"column":1}}}},"branchMap":{"0":{"loc":{"start":{"line":11,"column":18},"end":{"line":11,"column":65}},"type":"binary-expr","locations":[{"start":{"line":11,"column":18},"end":{"line":11,"column":38}},{"start":{"line":11,"column":42},"end":{"line":11,"column":65}}]},"1":{"loc":{"start":{"line":18,"column":19},"end":{"line":18,"column":43}},"type":"binary-expr","locations":[{"start":{"line":18,"column":19},"end":{"line":18,"column":35}},{"start":{"line":18,"column":39},"end":{"line":18,"column":43}}]}},"s":{"0":0,"1":0,"2":0,"3":0,"4":0,"5":0,"6":0,"7":0,"8":0,"9":0},"f":{"0":0},"b":{"0":[0,0],"1":[0,0]}}
,"/home/ssperanz/Documenti/swe/integrazione/MVP/microservices/warehouse/src/warehouse.controller.ts": {"path":"/home/ssperanz/Documenti/swe/integrazione/MVP/microservices/warehouse/src/warehouse.controller.ts","statementMap":{"0":{"start":{"line":1,"column":0},"end":{"line":1,"column":49}},"1":{"start":{"line":2,"column":0},"end":{"line":2,"column":55}},"2":{"start":{"line":5,"column":7},"end":{"line":12,"column":null}},"3":{"start":{"line":6,"column":31},"end":{"line":6,"column":49}},"4":{"start":{"line":10,"column":4},"end":{"line":10,"column":44}},"5":{"start":{"line":5,"column":13},"end":{"line":5,"column":32}},"6":{"start":{"line":9,"column":2},"end":{"line":11,"column":null}},"7":{"start":{"line":5,"column":13},"end":{"line":12,"column":null}}},"fnMap":{"0":{"name":"(anonymous_2)","decl":{"start":{"line":6,"column":2},"end":{"line":6,"column":31}},"loc":{"start":{"line":6,"column":65},"end":{"line":6,"column":69}}},"1":{"name":"(anonymous_3)","decl":{"start":{"line":9,"column":2},"end":{"line":9,"column":10}},"loc":{"start":{"line":9,"column":10},"end":{"line":11,"column":3}}}},"branchMap":{"0":{"loc":{"start":{"line":6,"column":49},"end":{"line":6,"column":68}},"type":"cond-expr","locations":[{"start":{"line":6,"column":65},"end":{"line":6,"column":68}},{"start":{"line":6,"column":65},"end":{"line":6,"column":68}}]},"1":{"loc":{"start":{"line":6,"column":49},"end":{"line":6,"column":65}},"type":"binary-expr","locations":[{"start":{"line":6,"column":49},"end":{"line":6,"column":68}},{"start":{"line":6,"column":49},"end":{"line":6,"column":65}}]}},"s":{"0":1,"1":1,"2":1,"3":1,"4":1,"5":1,"6":1,"7":1},"f":{"0":1,"1":1},"b":{"0":[1,0],"1":[1,1]}}
,"/home/ssperanz/Documenti/swe/integrazione/MVP/microservices/warehouse/src/warehouse.module.ts": {"path":"/home/ssperanz/Documenti/swe/integrazione/MVP/microservices/warehouse/src/warehouse.module.ts","statementMap":{"0":{"start":{"line":1,"column":0},"end":{"line":1,"column":40}},"1":{"start":{"line":2,"column":0},"end":{"line":2,"column":92}},"2":{"start":{"line":3,"column":0},"end":{"line":3,"column":50}},"3":{"start":{"line":4,"column":0},"end":{"line":4,"column":42}},"4":{"start":{"line":5,"column":0},"end":{"line":5,"column":74}},"5":{"start":{"line":6,"column":0},"end":{"line":6,"column":68}},"6":{"start":{"line":7,"column":0},"end":{"line":7,"column":86}},"7":{"start":{"line":24,"column":7},"end":{"line":24,"column":null}},"8":{"start":{"line":24,"column":13},"end":{"line":24,"column":28}},"9":{"start":{"line":24,"column":13},"end":{"line":24,"column":null}}},"fnMap":{},"branchMap":{"0":{"loc":{"start":{"line":12,"column":27},"end":{"line":12,"column":116}},"type":"binary-expr","locations":[{"start":{"line":12,"column":27},"end":{"line":12,"column":48}},{"start":{"line":12,"column":52},"end":{"line":12,"column":116}}]}},"s":{"0":0,"1":0,"2":0,"3":0,"4":0,"5":0,"6":0,"7":0,"8":0,"9":0},"f":{},"b":{"0":[0,0]}}
,"/home/ssperanz/Documenti/swe/integrazione/MVP/microservices/warehouse/src/warehouse.service.ts": {"path":"/home/ssperanz/Documenti/swe/integrazione/MVP/microservices/warehouse/src/warehouse.service.ts","statementMap":{"0":{"start":{"line":1,"column":0},"end":{"line":1,"column":44}},"1":{"start":{"line":4,"column":7},"end":{"line":8,"column":null}},"2":{"start":{"line":6,"column":4},"end":{"line":6,"column":26}},"3":{"start":{"line":4,"column":13},"end":{"line":4,"column":29}},"4":{"start":{"line":4,"column":13},"end":{"line":8,"column":null}}},"fnMap":{"0":{"name":"(anonymous_1)","decl":{"start":{"line":5,"column":2},"end":{"line":5,"column":10}},"loc":{"start":{"line":5,"column":10},"end":{"line":7,"column":3}}}},"branchMap":{},"s":{"0":1,"1":1,"2":1,"3":1,"4":1},"f":{"0":1},"b":{}}
,"/home/ssperanz/Documenti/swe/integrazione/MVP/microservices/warehouse/src/core/application/order/order.controller.ts": {"path":"/home/ssperanz/Documenti/swe/integrazione/MVP/microservices/warehouse/src/core/application/order/order.controller.ts","statementMap":{"0":{"start":{"line":1,"column":0},"end":{"line":1,"column":83}},"1":{"start":{"line":2,"column":0},"end":{"line":2,"column":56}},"2":{"start":{"line":10,"column":7},"end":{"line":37,"column":null}},"3":{"start":{"line":13,"column":21},"end":{"line":13,"column":61}},"4":{"start":{"line":15,"column":21},"end":{"line":15,"column":57}},"5":{"start":{"line":20,"column":4},"end":{"line":20,"column":53}},"6":{"start":{"line":25,"column":4},"end":{"line":25,"column":61}},"7":{"start":{"line":30,"column":4},"end":{"line":30,"column":60}},"8":{"start":{"line":35,"column":4},"end":{"line":35,"column":47}},"9":{"start":{"line":10,"column":13},"end":{"line":10,"column":28}},"10":{"start":{"line":19,"column":8},"end":{"line":21,"column":null}},"11":{"start":{"line":24,"column":8},"end":{"line":26,"column":null}},"12":{"start":{"line":29,"column":8},"end":{"line":31,"column":null}},"13":{"start":{"line":34,"column":8},"end":{"line":36,"column":null}},"14":{"start":{"line":10,"column":13},"end":{"line":37,"column":null}}},"fnMap":{"0":{"name":"(anonymous_4)","decl":{"start":{"line":11,"column":2},"end":{"line":11,"column":null}},"loc":{"start":{"line":15,"column":57},"end":{"line":16,"column":6}}},"1":{"name":"(anonymous_5)","decl":{"start":{"line":19,"column":8},"end":{"line":19,"column":19}},"loc":{"start":{"line":19,"column":47},"end":{"line":21,"column":3}}},"2":{"name":"(anonymous_6)","decl":{"start":{"line":24,"column":8},"end":{"line":24,"column":19}},"loc":{"start":{"line":24,"column":48},"end":{"line":26,"column":3}}},"3":{"name":"(anonymous_7)","decl":{"start":{"line":29,"column":8},"end":{"line":29,"column":20}},"loc":{"start":{"line":29,"column":49},"end":{"line":31,"column":3}}},"4":{"name":"(anonymous_8)","decl":{"start":{"line":34,"column":8},"end":{"line":34,"column":18}},"loc":{"start":{"line":34,"column":18},"end":{"line":36,"column":3}}}},"branchMap":{"0":{"loc":{"start":{"line":19,"column":33},"end":{"line":19,"column":50}},"type":"cond-expr","locations":[{"start":{"line":19,"column":47},"end":{"line":19,"column":50}},{"start":{"line":19,"column":47},"end":{"line":19,"column":50}}]},"1":{"loc":{"start":{"line":19,"column":33},"end":{"line":19,"column":47}},"type":"binary-expr","locations":[{"start":{"line":19,"column":33},"end":{"line":19,"column":50}},{"start":{"line":19,"column":33},"end":{"line":19,"column":47}}]},"2":{"loc":{"start":{"line":19,"column":50},"end":{"line":19,"column":null}},"type":"cond-expr","locations":[{"start":{"line":19,"column":57},"end":{"line":19,"column":null}},{"start":{"line":19,"column":57},"end":{"line":19,"column":null}}]},"3":{"loc":{"start":{"line":19,"column":50},"end":{"line":19,"column":57}},"type":"binary-expr","locations":[{"start":{"line":19,"column":50},"end":{"line":19,"column":null}},{"start":{"line":19,"column":50},"end":{"line":19,"column":57}}]},"4":{"loc":{"start":{"line":24,"column":51},"end":{"line":24,"column":null}},"type":"cond-expr","locations":[{"start":{"line":24,"column":58},"end":{"line":24,"column":null}},{"start":{"line":24,"column":58},"end":{"line":24,"column":null}}]},"5":{"loc":{"start":{"line":24,"column":51},"end":{"line":24,"column":58}},"type":"binary-expr","locations":[{"start":{"line":24,"column":51},"end":{"line":24,"column":null}},{"start":{"line":24,"column":51},"end":{"line":24,"column":58}}]},"6":{"loc":{"start":{"line":29,"column":52},"end":{"line":29,"column":null}},"type":"cond-expr","locations":[{"start":{"line":29,"column":59},"end":{"line":29,"column":null}},{"start":{"line":29,"column":59},"end":{"line":29,"column":null}}]},"7":{"loc":{"start":{"line":29,"column":52},"end":{"line":29,"column":59}},"type":"binary-expr","locations":[{"start":{"line":29,"column":52},"end":{"line":29,"column":null}},{"start":{"line":29,"column":52},"end":{"line":29,"column":59}}]},"8":{"loc":{"start":{"line":34,"column":22},"end":{"line":34,"column":null}},"type":"cond-expr","locations":[{"start":{"line":34,"column":29},"end":{"line":34,"column":null}},{"start":{"line":34,"column":29},"end":{"line":34,"column":null}}]},"9":{"loc":{"start":{"line":34,"column":22},"end":{"line":34,"column":29}},"type":"binary-expr","locations":[{"start":{"line":34,"column":22},"end":{"line":34,"column":null}},{"start":{"line":34,"column":22},"end":{"line":34,"column":29}}]}},"s":{"0":1,"1":1,"2":1,"3":1,"4":1,"5":0,"6":0,"7":2,"8":1,"9":1,"10":1,"11":1,"12":1,"13":1,"14":1},"f":{"0":1,"1":0,"2":0,"3":2,"4":1},"b":{"0":[1,0],"1":[1,1],"2":[1,0],"3":[1,1],"4":[1,0],"5":[1,1],"6":[1,0],"7":[1,1],"8":[1,0],"9":[1,1]}}
,"/home/ssperanz/Documenti/swe/integrazione/MVP/microservices/warehouse/src/core/application/order/order.module.ts": {"path":"/home/ssperanz/Documenti/swe/integrazione/MVP/microservices/warehouse/src/core/application/order/order.module.ts","statementMap":{"0":{"start":{"line":1,"column":0},"end":{"line":1,"column":40}},"1":{"start":{"line":2,"column":0},"end":{"line":2,"column":42}},"2":{"start":{"line":3,"column":0},"end":{"line":3,"column":50}},"3":{"start":{"line":4,"column":0},"end":{"line":4,"column":116}},"4":{"start":{"line":5,"column":0},"end":{"line":5,"column":145}},"5":{"start":{"line":6,"column":0},"end":{"line":6,"column":134}},"6":{"start":{"line":7,"column":0},"end":{"line":7,"column":109}},"7":{"start":{"line":8,"column":0},"end":{"line":8,"column":121}},"8":{"start":{"line":9,"column":0},"end":{"line":9,"column":120}},"9":{"start":{"line":10,"column":0},"end":{"line":10,"column":119}},"10":{"start":{"line":11,"column":0},"end":{"line":11,"column":119}},"11":{"start":{"line":12,"column":0},"end":{"line":12,"column":123}},"12":{"start":{"line":13,"column":0},"end":{"line":13,"column":123}},"13":{"start":{"line":14,"column":0},"end":{"line":14,"column":121}},"14":{"start":{"line":15,"column":0},"end":{"line":15,"column":107}},"15":{"start":{"line":16,"column":0},"end":{"line":16,"column":111}},"16":{"start":{"line":17,"column":0},"end":{"line":17,"column":121}},"17":{"start":{"line":18,"column":0},"end":{"line":18,"column":119}},"18":{"start":{"line":19,"column":0},"end":{"line":19,"column":71}},"19":{"start":{"line":20,"column":0},"end":{"line":20,"column":102}},"20":{"start":{"line":21,"column":0},"end":{"line":21,"column":61}},"21":{"start":{"line":22,"column":0},"end":{"line":22,"column":96}},"22":{"start":{"line":23,"column":0},"end":{"line":23,"column":87}},"23":{"start":{"line":24,"column":0},"end":{"line":24,"column":87}},"24":{"start":{"line":25,"column":0},"end":{"line":25,"column":104}},"25":{"start":{"line":26,"column":0},"end":{"line":26,"column":50}},"26":{"start":{"line":27,"column":0},"end":{"line":27,"column":56}},"27":{"start":{"line":28,"column":0},"end":{"line":28,"column":61}},"28":{"start":{"line":29,"column":0},"end":{"line":29,"column":119}},"29":{"start":{"line":32,"column":24},"end":{"line":38,"column":2}},"30":{"start":{"line":40,"column":22},"end":{"line":43,"column":2}},"31":{"start":{"line":45,"column":22},"end":{"line":52,"column":2}},"32":{"start":{"line":99,"column":7},"end":{"line":99,"column":null}},"33":{"start":{"line":99,"column":13},"end":{"line":99,"column":24}},"34":{"start":{"line":99,"column":13},"end":{"line":99,"column":null}}},"fnMap":{},"branchMap":{},"s":{"0":1,"1":1,"2":1,"3":1,"4":1,"5":1,"6":1,"7":1,"8":1,"9":1,"10":1,"11":1,"12":1,"13":1,"14":1,"15":1,"16":1,"17":1,"18":1,"19":1,"20":1,"21":1,"22":1,"23":1,"24":1,"25":1,"26":1,"27":1,"28":1,"29":1,"30":1,"31":1,"32":1,"33":1,"34":1},"f":{},"b":{}}
,"/home/ssperanz/Documenti/swe/integrazione/MVP/microservices/warehouse/src/core/application/order/order.query.service.ts": {"path":"/home/ssperanz/Documenti/swe/integrazione/MVP/microservices/warehouse/src/core/application/order/order.query.service.ts","statementMap":{"0":{"start":{"line":1,"column":0},"end":{"line":1,"column":40}},"1":{"start":{"line":5,"column":0},"end":{"line":5,"column":66}},"2":{"start":{"line":6,"column":0},"end":{"line":6,"column":75}},"3":{"start":{"line":7,"column":0},"end":{"line":7,"column":44}},"4":{"start":{"line":10,"column":7},"end":{"line":23,"column":null}},"5":{"start":{"line":12,"column":21},"end":{"line":12,"column":31}},"6":{"start":{"line":16,"column":4},"end":{"line":16,"column":65}},"7":{"start":{"line":20,"column":4},"end":{"line":20,"column":58}},"8":{"start":{"line":10,"column":13},"end":{"line":10,"column":30}},"9":{"start":{"line":10,"column":13},"end":{"line":23,"column":null}}},"fnMap":{"0":{"name":"(anonymous_2)","decl":{"start":{"line":11,"column":2},"end":{"line":11,"column":null}},"loc":{"start":{"line":12,"column":39},"end":{"line":13,"column":6}}},"1":{"name":"(anonymous_3)","decl":{"start":{"line":15,"column":2},"end":{"line":15,"column":7}},"loc":{"start":{"line":15,"column":36},"end":{"line":17,"column":3}}},"2":{"name":"(anonymous_4)","decl":{"start":{"line":19,"column":2},"end":{"line":19,"column":7}},"loc":{"start":{"line":19,"column":18},"end":{"line":21,"column":3}}}},"branchMap":{"0":{"loc":{"start":{"line":12,"column":31},"end":{"line":12,"column":null}},"type":"cond-expr","locations":[{"start":{"line":12,"column":39},"end":{"line":12,"column":null}},{"start":{"line":12,"column":39},"end":{"line":12,"column":null}}]},"1":{"loc":{"start":{"line":12,"column":31},"end":{"line":12,"column":39}},"type":"binary-expr","locations":[{"start":{"line":12,"column":31},"end":{"line":12,"column":null}},{"start":{"line":12,"column":31},"end":{"line":12,"column":39}}]}},"s":{"0":2,"1":2,"2":2,"3":2,"4":2,"5":4,"6":3,"7":2,"8":2,"9":2},"f":{"0":4,"1":3,"2":2},"b":{"0":[2,0],"1":[2,2]}}
,"/home/ssperanz/Documenti/swe/integrazione/MVP/microservices/warehouse/src/core/application/order/order.service.ts": {"path":"/home/ssperanz/Documenti/swe/integrazione/MVP/microservices/warehouse/src/core/application/order/order.service.ts","statementMap":{"0":{"start":{"line":1,"column":0},"end":{"line":1,"column":42}},"1":{"start":{"line":3,"column":0},"end":{"line":3,"column":78}},"2":{"start":{"line":4,"column":0},"end":{"line":4,"column":78}},"3":{"start":{"line":6,"column":0},"end":{"line":6,"column":80}},"4":{"start":{"line":8,"column":0},"end":{"line":8,"column":44}},"5":{"start":{"line":11,"column":0},"end":{"line":11,"column":89}},"6":{"start":{"line":16,"column":7},"end":{"line":51,"column":null}},"7":{"start":{"line":18,"column":21},"end":{"line":18,"column":33}},"8":{"start":{"line":23,"column":6},"end":{"line":29,"column":7}},"9":{"start":{"line":24,"column":8},"end":{"line":24,"column":33}},"10":{"start":{"line":25,"column":13},"end":{"line":29,"column":7}},"11":{"start":{"line":26,"column":8},"end":{"line":26,"column":38}},"12":{"start":{"line":28,"column":8},"end":{"line":28,"column":87}},"13":{"start":{"line":30,"column":22},"end":{"line":35,"column":null}},"14":{"start":{"line":37,"column":6},"end":{"line":37,"column":46}},"15":{"start":{"line":41,"column":6},"end":{"line":41,"column":74}},"16":{"start":{"line":45,"column":6},"end":{"line":45,"column":75}},"17":{"start":{"line":49,"column":6},"end":{"line":49,"column":107}},"18":{"start":{"line":16,"column":13},"end":{"line":16,"column":25}},"19":{"start":{"line":16,"column":13},"end":{"line":51,"column":null}}},"fnMap":{"0":{"name":"(anonymous_2)","decl":{"start":{"line":17,"column":2},"end":{"line":17,"column":null}},"loc":{"start":{"line":18,"column":43},"end":{"line":19,"column":6}}},"1":{"name":"(anonymous_3)","decl":{"start":{"line":21,"column":4},"end":{"line":21,"column":9}},"loc":{"start":{"line":21,"column":41},"end":{"line":38,"column":5}}},"2":{"name":"(anonymous_4)","decl":{"start":{"line":40,"column":4},"end":{"line":40,"column":9}},"loc":{"start":{"line":40,"column":37},"end":{"line":42,"column":5}}},"3":{"name":"(anonymous_5)","decl":{"start":{"line":44,"column":4},"end":{"line":44,"column":9}},"loc":{"start":{"line":44,"column":46},"end":{"line":46,"column":5}}},"4":{"name":"(anonymous_6)","decl":{"start":{"line":48,"column":4},"end":{"line":48,"column":9}},"loc":{"start":{"line":48,"column":52},"end":{"line":50,"column":5}}}},"branchMap":{"0":{"loc":{"start":{"line":23,"column":6},"end":{"line":29,"column":7}},"type":"if","locations":[{"start":{"line":23,"column":6},"end":{"line":29,"column":7}},{"start":{"line":25,"column":13},"end":{"line":29,"column":7}}]},"1":{"loc":{"start":{"line":25,"column":13},"end":{"line":29,"column":7}},"type":"if","locations":[{"start":{"line":25,"column":13},"end":{"line":29,"column":7}},{"start":{"line":27,"column":13},"end":{"line":29,"column":7}}]},"2":{"loc":{"start":{"line":33,"column":8},"end":{"line":33,"column":29}},"type":"binary-expr","locations":[{"start":{"line":33,"column":8},"end":{"line":33,"column":21}},{"start":{"line":33,"column":25},"end":{"line":33,"column":29}}]},"3":{"loc":{"start":{"line":35,"column":8},"end":{"line":35,"column":34}},"type":"binary-expr","locations":[{"start":{"line":35,"column":8},"end":{"line":35,"column":26}},{"start":{"line":35,"column":30},"end":{"line":35,"column":34}}]},"4":{"loc":{"start":{"line":18,"column":33},"end":{"line":18,"column":null}},"type":"cond-expr","locations":[{"start":{"line":18,"column":43},"end":{"line":18,"column":null}},{"start":{"line":18,"column":43},"end":{"line":18,"column":null}}]},"5":{"loc":{"start":{"line":18,"column":33},"end":{"line":18,"column":43}},"type":"binary-expr","locations":[{"start":{"line":18,"column":33},"end":{"line":18,"column":null}},{"start":{"line":18,"column":33},"end":{"line":18,"column":43}}]}},"s":{"0":2,"1":2,"2":2,"3":2,"4":2,"5":2,"6":2,"7":5,"8":1,"9":1,"10":0,"11":0,"12":0,"13":1,"14":1,"15":1,"16":1,"17":1,"18":2,"19":2},"f":{"0":5,"1":1,"2":1,"3":1,"4":1},"b":{"0":[1,0],"1":[0,0],"2":[1,0],"3":[1,1],"4":[2,0],"5":[2,2]}}
,"/home/ssperanz/Documenti/swe/integrazione/MVP/microservices/warehouse/src/core/application/order-saga/order.saga.ts": {"path":"/home/ssperanz/Documenti/swe/integrazione/MVP/microservices/warehouse/src/core/application/order-saga/order.saga.ts","statementMap":{"0":{"start":{"line":1,"column":0},"end":{"line":1,"column":52}},"1":{"start":{"line":2,"column":0},"end":{"line":2,"column":54}},"2":{"start":{"line":3,"column":0},"end":{"line":3,"column":39}},"3":{"start":{"line":4,"column":0},"end":{"line":4,"column":90}},"4":{"start":{"line":5,"column":0},"end":{"line":5,"column":108}},"5":{"start":{"line":6,"column":0},"end":{"line":6,"column":103}},"6":{"start":{"line":7,"column":0},"end":{"line":7,"column":95}},"7":{"start":{"line":8,"column":0},"end":{"line":8,"column":103}},"8":{"start":{"line":9,"column":0},"end":{"line":9,"column":82}},"9":{"start":{"line":10,"column":0},"end":{"line":10,"column":108}},"10":{"start":{"line":11,"column":0},"end":{"line":11,"column":89}},"11":{"start":{"line":12,"column":0},"end":{"line":12,"column":89}},"12":{"start":{"line":13,"column":0},"end":{"line":13,"column":87}},"13":{"start":{"line":14,"column":0},"end":{"line":14,"column":85}},"14":{"start":{"line":15,"column":0},"end":{"line":15,"column":92}},"15":{"start":{"line":16,"column":0},"end":{"line":16,"column":103}},"16":{"start":{"line":17,"column":0},"end":{"line":17,"column":82}},"17":{"start":{"line":18,"column":0},"end":{"line":18,"column":95}},"18":{"start":{"line":19,"column":0},"end":{"line":19,"column":131}},"19":{"start":{"line":20,"column":0},"end":{"line":20,"column":76}},"20":{"start":{"line":23,"column":22},"end":{"line":133,"column":null}},"21":{"start":{"line":25,"column":28},"end":{"line":25,"column":54}},"22":{"start":{"line":27,"column":19},"end":{"line":35,"column":3}},"23":{"start":{"line":28,"column":4},"end":{"line":34,"column":6}},"24":{"start":{"line":31,"column":8},"end":{"line":31,"column":92}},"25":{"start":{"line":32,"column":8},"end":{"line":32,"column":77}},"26":{"start":{"line":39,"column":25},"end":{"line":47,"column":3}},"27":{"start":{"line":40,"column":4},"end":{"line":46,"column":6}},"28":{"start":{"line":43,"column":8},"end":{"line":43,"column":104}},"29":{"start":{"line":44,"column":8},"end":{"line":44,"column":87}},"30":{"start":{"line":51,"column":23},"end":{"line":59,"column":3}},"31":{"start":{"line":52,"column":4},"end":{"line":58,"column":6}},"32":{"start":{"line":55,"column":8},"end":{"line":55,"column":102}},"33":{"start":{"line":56,"column":8},"end":{"line":56,"column":80}},"34":{"start":{"line":63,"column":25},"end":{"line":71,"column":3}},"35":{"start":{"line":64,"column":4},"end":{"line":70,"column":6}},"36":{"start":{"line":67,"column":8},"end":{"line":67,"column":110}},"37":{"start":{"line":68,"column":8},"end":{"line":68,"column":61}},"38":{"start":{"line":75,"column":21},"end":{"line":83,"column":3}},"39":{"start":{"line":76,"column":4},"end":{"line":82,"column":6}},"40":{"start":{"line":79,"column":8},"end":{"line":79,"column":94}},"41":{"start":{"line":80,"column":8},"end":{"line":80,"column":63}},"42":{"start":{"line":87,"column":29},"end":{"line":95,"column":3}},"43":{"start":{"line":88,"column":4},"end":{"line":94,"column":6}},"44":{"start":{"line":91,"column":8},"end":{"line":91,"column":102}},"45":{"start":{"line":92,"column":8},"end":{"line":92,"column":88}},"46":{"start":{"line":99,"column":21},"end":{"line":107,"column":3}},"47":{"start":{"line":100,"column":4},"end":{"line":106,"column":6}},"48":{"start":{"line":103,"column":8},"end":{"line":103,"column":99}},"49":{"start":{"line":104,"column":8},"end":{"line":104,"column":61}},"50":{"start":{"line":111,"column":36},"end":{"line":119,"column":3}},"51":{"start":{"line":112,"column":4},"end":{"line":118,"column":6}},"52":{"start":{"line":115,"column":8},"end":{"line":115,"column":115}},"53":{"start":{"line":116,"column":8},"end":{"line":116,"column":87}},"54":{"start":{"line":123,"column":23},"end":{"line":131,"column":3}},"55":{"start":{"line":124,"column":4},"end":{"line":130,"column":6}},"56":{"start":{"line":127,"column":8},"end":{"line":127,"column":96}},"57":{"start":{"line":128,"column":8},"end":{"line":128,"column":59}},"58":{"start":{"line":23,"column":13},"end":{"line":23,"column":22}},"59":{"start":{"line":27,"column":2},"end":{"line":35,"column":null}},"60":{"start":{"line":39,"column":2},"end":{"line":47,"column":null}},"61":{"start":{"line":51,"column":2},"end":{"line":59,"column":null}},"62":{"start":{"line":63,"column":2},"end":{"line":71,"column":null}},"63":{"start":{"line":75,"column":2},"end":{"line":83,"column":null}},"64":{"start":{"line":87,"column":2},"end":{"line":95,"column":null}},"65":{"start":{"line":99,"column":2},"end":{"line":107,"column":null}},"66":{"start":{"line":111,"column":2},"end":{"line":119,"column":null}},"67":{"start":{"line":123,"column":2},"end":{"line":131,"column":null}},"68":{"start":{"line":23,"column":13},"end":{"line":133,"column":null}}},"fnMap":{"0":{"name":"(anonymous_2)","decl":{"start":{"line":27,"column":19},"end":{"line":27,"column":20}},"loc":{"start":{"line":27,"column":70},"end":{"line":35,"column":3}}},"1":{"name":"(anonymous_3)","decl":{"start":{"line":30,"column":10},"end":{"line":30,"column":11}},"loc":{"start":{"line":30,"column":20},"end":{"line":33,"column":7}}},"2":{"name":"(anonymous_4)","decl":{"start":{"line":39,"column":25},"end":{"line":39,"column":26}},"loc":{"start":{"line":39,"column":76},"end":{"line":47,"column":3}}},"3":{"name":"(anonymous_5)","decl":{"start":{"line":42,"column":10},"end":{"line":42,"column":11}},"loc":{"start":{"line":42,"column":20},"end":{"line":45,"column":7}}},"4":{"name":"(anonymous_6)","decl":{"start":{"line":51,"column":23},"end":{"line":51,"column":24}},"loc":{"start":{"line":51,"column":74},"end":{"line":59,"column":3}}},"5":{"name":"(anonymous_7)","decl":{"start":{"line":54,"column":10},"end":{"line":54,"column":11}},"loc":{"start":{"line":54,"column":20},"end":{"line":57,"column":7}}},"6":{"name":"(anonymous_8)","decl":{"start":{"line":63,"column":25},"end":{"line":63,"column":26}},"loc":{"start":{"line":63,"column":76},"end":{"line":71,"column":3}}},"7":{"name":"(anonymous_9)","decl":{"start":{"line":66,"column":10},"end":{"line":66,"column":11}},"loc":{"start":{"line":66,"column":20},"end":{"line":69,"column":7}}},"8":{"name":"(anonymous_10)","decl":{"start":{"line":75,"column":21},"end":{"line":75,"column":22}},"loc":{"start":{"line":75,"column":72},"end":{"line":83,"column":3}}},"9":{"name":"(anonymous_11)","decl":{"start":{"line":78,"column":10},"end":{"line":78,"column":11}},"loc":{"start":{"line":78,"column":20},"end":{"line":81,"column":7}}},"10":{"name":"(anonymous_12)","decl":{"start":{"line":87,"column":29},"end":{"line":87,"column":30}},"loc":{"start":{"line":87,"column":80},"end":{"line":95,"column":3}}},"11":{"name":"(anonymous_13)","decl":{"start":{"line":90,"column":10},"end":{"line":90,"column":11}},"loc":{"start":{"line":90,"column":20},"end":{"line":93,"column":7}}},"12":{"name":"(anonymous_14)","decl":{"start":{"line":99,"column":21},"end":{"line":99,"column":22}},"loc":{"start":{"line":99,"column":72},"end":{"line":107,"column":3}}},"13":{"name":"(anonymous_15)","decl":{"start":{"line":102,"column":10},"end":{"line":102,"column":11}},"loc":{"start":{"line":102,"column":20},"end":{"line":105,"column":7}}},"14":{"name":"(anonymous_16)","decl":{"start":{"line":111,"column":36},"end":{"line":111,"column":37}},"loc":{"start":{"line":111,"column":87},"end":{"line":119,"column":3}}},"15":{"name":"(anonymous_17)","decl":{"start":{"line":114,"column":10},"end":{"line":114,"column":11}},"loc":{"start":{"line":114,"column":20},"end":{"line":117,"column":7}}},"16":{"name":"(anonymous_18)","decl":{"start":{"line":123,"column":23},"end":{"line":123,"column":24}},"loc":{"start":{"line":123,"column":74},"end":{"line":131,"column":3}}},"17":{"name":"(anonymous_19)","decl":{"start":{"line":126,"column":10},"end":{"line":126,"column":11}},"loc":{"start":{"line":126,"column":20},"end":{"line":129,"column":7}}}},"branchMap":{},"s":{"0":2,"1":2,"2":2,"3":2,"4":2,"5":2,"6":2,"7":2,"8":2,"9":2,"10":2,"11":2,"12":2,"13":2,"14":2,"15":2,"16":2,"17":2,"18":2,"19":2,"20":2,"21":10,"22":10,"23":2,"24":1,"25":1,"26":10,"27":2,"28":1,"29":1,"30":10,"31":2,"32":1,"33":1,"34":10,"35":2,"36":1,"37":1,"38":10,"39":2,"40":1,"41":1,"42":10,"43":2,"44":1,"45":1,"46":10,"47":2,"48":1,"49":1,"50":10,"51":2,"52":1,"53":1,"54":10,"55":2,"56":1,"57":1,"58":2,"59":2,"60":2,"61":2,"62":2,"63":2,"64":2,"65":2,"66":2,"67":2,"68":2},"f":{"0":2,"1":1,"2":2,"3":1,"4":2,"5":1,"6":2,"7":1,"8":2,"9":1,"10":2,"11":1,"12":2,"13":1,"14":2,"15":1,"16":2,"17":1},"b":{}}
,"/home/ssperanz/Documenti/swe/integrazione/MVP/microservices/warehouse/src/core/application/order/dto/cancel-order.dto.ts": {"path":"/home/ssperanz/Documenti/swe/integrazione/MVP/microservices/warehouse/src/core/application/order/dto/cancel-order.dto.ts","statementMap":{"0":{"start":{"line":1,"column":0},"end":{"line":1,"column":43}},"1":{"start":{"line":3,"column":0},"end":{"line":3,"column":13}},"2":{"start":{"line":5,"column":2},"end":{"line":5,"column":null}}},"fnMap":{},"branchMap":{},"s":{"0":1,"1":1,"2":1},"f":{},"b":{}}
,"/home/ssperanz/Documenti/swe/integrazione/MVP/microservices/warehouse/src/core/application/order/dto/create-order.dto.ts": {"path":"/home/ssperanz/Documenti/swe/integrazione/MVP/microservices/warehouse/src/core/application/order/dto/create-order.dto.ts","statementMap":{"0":{"start":{"line":1,"column":0},"end":{"line":1,"column":26}},"1":{"start":{"line":2,"column":0},"end":{"line":2,"column":102}},"2":{"start":{"line":3,"column":0},"end":{"line":3,"column":41}},"3":{"start":{"line":5,"column":0},"end":{"line":5,"column":13}},"4":{"start":{"line":7,"column":2},"end":{"line":7,"column":null}},"5":{"start":{"line":10,"column":2},"end":{"line":10,"column":null}},"6":{"start":{"line":13,"column":0},"end":{"line":13,"column":13}},"7":{"start":{"line":15,"column":2},"end":{"line":15,"column":null}},"8":{"start":{"line":18,"column":2},"end":{"line":18,"column":null}},"9":{"start":{"line":21,"column":2},"end":{"line":21,"column":null}},"10":{"start":{"line":24,"column":2},"end":{"line":24,"column":null}},"11":{"start":{"line":27,"column":2},"end":{"line":27,"column":null}},"12":{"start":{"line":30,"column":0},"end":{"line":30,"column":13}},"13":{"start":{"line":32,"column":2},"end":{"line":32,"column":null}},"14":{"start":{"line":37,"column":2},"end":{"line":37,"column":null}},"15":{"start":{"line":36,"column":14},"end":{"line":36,"column":26}},"16":{"start":{"line":41,"column":2},"end":{"line":41,"column":null}},"17":{"start":{"line":46,"column":2},"end":{"line":46,"column":null}},"18":{"start":{"line":44,"column":19},"end":{"line":44,"column":40}},"19":{"start":{"line":52,"column":2},"end":{"line":52,"column":null}},"20":{"start":{"line":49,"column":19},"end":{"line":49,"column":35}},"21":{"start":{"line":51,"column":14},"end":{"line":51,"column":24}},"22":{"start":{"line":56,"column":2},"end":{"line":56,"column":null}}},"fnMap":{"0":{"name":"(anonymous_2)","decl":{"start":{"line":36,"column":8},"end":{"line":36,"column":11}},"loc":{"start":{"line":36,"column":14},"end":{"line":36,"column":26}}},"1":{"name":"(anonymous_3)","decl":{"start":{"line":44,"column":14},"end":{"line":44,"column":15}},"loc":{"start":{"line":44,"column":19},"end":{"line":44,"column":40}}},"2":{"name":"(anonymous_4)","decl":{"start":{"line":49,"column":14},"end":{"line":49,"column":15}},"loc":{"start":{"line":49,"column":19},"end":{"line":49,"column":35}}},"3":{"name":"(anonymous_5)","decl":{"start":{"line":51,"column":8},"end":{"line":51,"column":11}},"loc":{"start":{"line":51,"column":14},"end":{"line":51,"column":24}}}},"branchMap":{},"s":{"0":3,"1":3,"2":3,"3":3,"4":3,"5":3,"6":3,"7":3,"8":3,"9":3,"10":3,"11":3,"12":3,"13":3,"14":3,"15":0,"16":3,"17":3,"18":0,"19":3,"20":0,"21":0,"22":3},"f":{"0":0,"1":0,"2":0,"3":0},"b":{}}
,"/home/ssperanz/Documenti/swe/integrazione/MVP/microservices/warehouse/src/core/application/order/dto/order-dispatched.dto.ts": {"path":"/home/ssperanz/Documenti/swe/integrazione/MVP/microservices/warehouse/src/core/application/order/dto/order-dispatched.dto.ts","statementMap":{"0":{"start":{"line":1,"column":0},"end":{"line":1,"column":43}},"1":{"start":{"line":3,"column":0},"end":{"line":3,"column":13}},"2":{"start":{"line":5,"column":2},"end":{"line":5,"column":null}}},"fnMap":{},"branchMap":{},"s":{"0":1,"1":1,"2":1},"f":{},"b":{}}
,"/home/ssperanz/Documenti/swe/integrazione/MVP/microservices/warehouse/src/core/application/order/dto/order-id.dto.ts": {"path":"/home/ssperanz/Documenti/swe/integrazione/MVP/microservices/warehouse/src/core/application/order/dto/order-id.dto.ts","statementMap":{"0":{"start":{"line":1,"column":0},"end":{"line":1,"column":43}},"1":{"start":{"line":3,"column":0},"end":{"line":3,"column":13}},"2":{"start":{"line":5,"column":2},"end":{"line":5,"column":null}}},"fnMap":{},"branchMap":{},"s":{"0":0,"1":0,"2":0},"f":{},"b":{}}
,"/home/ssperanz/Documenti/swe/integrazione/MVP/microservices/warehouse/src/core/application/order/dto/order.dto.ts": {"path":"/home/ssperanz/Documenti/swe/integrazione/MVP/microservices/warehouse/src/core/application/order/dto/order.dto.ts","statementMap":{"0":{"start":{"line":1,"column":0},"end":{"line":1,"column":94}},"1":{"start":{"line":2,"column":0},"end":{"line":2,"column":62}},"2":{"start":{"line":4,"column":0},"end":{"line":4,"column":13}},"3":{"start":{"line":6,"column":2},"end":{"line":6,"column":null}},"4":{"start":{"line":9,"column":2},"end":{"line":9,"column":null}},"5":{"start":{"line":12,"column":2},"end":{"line":12,"column":null}},"6":{"start":{"line":15,"column":2},"end":{"line":15,"column":null}},"7":{"start":{"line":18,"column":2},"end":{"line":18,"column":null}},"8":{"start":{"line":21,"column":2},"end":{"line":21,"column":null}},"9":{"start":{"line":25,"column":2},"end":{"line":25,"column":null}},"10":{"start":{"line":28,"column":2},"end":{"line":28,"column":null}},"11":{"start":{"line":32,"column":2},"end":{"line":32,"column":null}},"12":{"start":{"line":36,"column":2},"end":{"line":36,"column":null}}},"fnMap":{},"branchMap":{"0":{"loc":{"start":{"line":18,"column":21},"end":{"line":18,"column":26}},"type":"cond-expr","locations":[{"start":{"line":18,"column":25},"end":{"line":18,"column":26}},{"start":{"line":18,"column":25},"end":{"line":18,"column":26}}]},"1":{"loc":{"start":{"line":18,"column":21},"end":{"line":18,"column":25}},"type":"binary-expr","locations":[{"start":{"line":18,"column":21},"end":{"line":18,"column":26}},{"start":{"line":18,"column":21},"end":{"line":18,"column":25}}]},"2":{"loc":{"start":{"line":28,"column":16},"end":{"line":28,"column":27}},"type":"cond-expr","locations":[{"start":{"line":28,"column":26},"end":{"line":28,"column":27}},{"start":{"line":28,"column":26},"end":{"line":28,"column":27}}]},"3":{"loc":{"start":{"line":28,"column":16},"end":{"line":28,"column":26}},"type":"binary-expr","locations":[{"start":{"line":28,"column":16},"end":{"line":28,"column":27}},{"start":{"line":28,"column":16},"end":{"line":28,"column":26}}]}},"s":{"0":3,"1":3,"2":3,"3":3,"4":3,"5":3,"6":3,"7":3,"8":3,"9":3,"10":3,"11":3,"12":3},"f":{},"b":{"0":[3,0],"1":[3,3],"2":[3,0],"3":[3,3]}}
,"/home/ssperanz/Documenti/swe/integrazione/MVP/microservices/warehouse/src/core/application/order/dto/update-order-state.dto.ts": {"path":"/home/ssperanz/Documenti/swe/integrazione/MVP/microservices/warehouse/src/core/application/order/dto/update-order-state.dto.ts","statementMap":{"0":{"start":{"line":1,"column":0},"end":{"line":1,"column":43}},"1":{"start":{"line":3,"column":0},"end":{"line":3,"column":13}},"2":{"start":{"line":5,"column":2},"end":{"line":5,"column":null}},"3":{"start":{"line":8,"column":2},"end":{"line":8,"column":null}},"4":{"start":{"line":11,"column":2},"end":{"line":11,"column":null}}},"fnMap":{},"branchMap":{},"s":{"0":2,"1":2,"2":2,"3":2,"4":2},"f":{},"b":{}}
,"/home/ssperanz/Documenti/swe/integrazione/MVP/microservices/warehouse/src/core/application/order/event-handlers/abstract-order-event-handler.ts": {"path":"/home/ssperanz/Documenti/swe/integrazione/MVP/microservices/warehouse/src/core/application/order/event-handlers/abstract-order-event-handler.ts","statementMap":{"0":{"start":{"line":2,"column":0},"end":{"line":2,"column":88}},"1":{"start":{"line":3,"column":0},"end":{"line":3,"column":99}},"2":{"start":{"line":7,"column":4},"end":{"line":7,"column":78}},"3":{"start":{"line":7,"column":44},"end":{"line":7,"column":78}},"4":{"start":{"line":8,"column":4},"end":{"line":8,"column":88}},"5":{"start":{"line":8,"column":49},"end":{"line":8,"column":88}},"6":{"start":{"line":5,"column":0},"end":{"line":5,"column":22}}},"fnMap":{"0":{"name":"(anonymous_0)","decl":{"start":{"line":6,"column":2},"end":{"line":6,"column":7}},"loc":{"start":{"line":6,"column":32},"end":{"line":9,"column":3}}},"1":{"name":"(anonymous_1)","decl":{"start":{"line":11,"column":12},"end":{"line":11,"column":17}},"loc":{"start":{"line":11,"column":54},"end":{"line":11,"column":73}}},"2":{"name":"(anonymous_2)","decl":{"start":{"line":12,"column":12},"end":{"line":12,"column":17}},"loc":{"start":{"line":12,"column":64},"end":{"line":12,"column":83}}}},"branchMap":{"0":{"loc":{"start":{"line":7,"column":4},"end":{"line":7,"column":78}},"type":"if","locations":[{"start":{"line":7,"column":4},"end":{"line":7,"column":78}},{"start":{},"end":{}}]},"1":{"loc":{"start":{"line":8,"column":4},"end":{"line":8,"column":88}},"type":"if","locations":[{"start":{"line":8,"column":4},"end":{"line":8,"column":88}},{"start":{},"end":{}}]}},"s":{"0":6,"1":6,"2":2,"3":1,"4":1,"5":1,"6":6},"f":{"0":2,"1":0,"2":0},"b":{"0":[1,1],"1":[1,0]}}
,"/home/ssperanz/Documenti/swe/integrazione/MVP/microservices/warehouse/src/core/application/order/event-handlers/order-dispatched-event.handler.ts": {"path":"/home/ssperanz/Documenti/swe/integrazione/MVP/microservices/warehouse/src/core/application/order/event-handlers/order-dispatched-event.handler.ts","statementMap":{"0":{"start":{"line":1,"column":0},"end":{"line":1,"column":60}},"1":{"start":{"line":2,"column":0},"end":{"line":2,"column":40}},"2":{"start":{"line":3,"column":0},"end":{"line":3,"column":75}},"3":{"start":{"line":6,"column":0},"end":{"line":6,"column":88}},"4":{"start":{"line":8,"column":0},"end":{"line":8,"column":71}},"5":{"start":{"line":9,"column":0},"end":{"line":9,"column":80}},"6":{"start":{"line":14,"column":7},"end":{"line":52,"column":null}},"7":{"start":{"line":16,"column":54},"end":{"line":16,"column":84}},"8":{"start":{"line":17,"column":49},"end":{"line":17,"column":81}},"9":{"start":{"line":18,"column":52},"end":{"line":18,"column":85}},"10":{"start":{"line":22,"column":18},"end":{"line":22,"column":64}},"11":{"start":{"line":23,"column":4},"end":{"line":23,"column":23}},"12":{"start":{"line":23,"column":16},"end":{"line":23,"column":23}},"13":{"start":{"line":25,"column":4},"end":{"line":37,"column":5}},"14":{"start":{"line":26,"column":6},"end":{"line":32,"column":8}},"15":{"start":{"line":35,"column":9},"end":{"line":37,"column":5}},"16":{"start":{"line":36,"column":6},"end":{"line":36,"column":48}},"17":{"start":{"line":41,"column":4},"end":{"line":41,"column":40}},"18":{"start":{"line":45,"column":16},"end":{"line":45,"column":39}},"19":{"start":{"line":46,"column":4},"end":{"line":46,"column":34}},"20":{"start":{"line":47,"column":4},"end":{"line":47,"column":31}},"21":{"start":{"line":48,"column":4},"end":{"line":48,"column":27}},"22":{"start":{"line":50,"column":4},"end":{"line":50,"column":51}},"23":{"start":{"line":14,"column":13},"end":{"line":14,"column":40}},"24":{"start":{"line":14,"column":13},"end":{"line":52,"column":null}}},"fnMap":{"0":{"name":"(anonymous_4)","decl":{"start":{"line":15,"column":2},"end":{"line":15,"column":null}},"loc":{"start":{"line":18,"column":85},"end":{"line":19,"column":6}}},"1":{"name":"(anonymous_5)","decl":{"start":{"line":21,"column":2},"end":{"line":21,"column":7}},"loc":{"start":{"line":21,"column":42},"end":{"line":38,"column":3}}},"2":{"name":"(anonymous_6)","decl":{"start":{"line":40,"column":10},"end":{"line":40,"column":15}},"loc":{"start":{"line":40,"column":48},"end":{"line":42,"column":3}}},"3":{"name":"(anonymous_7)","decl":{"start":{"line":44,"column":10},"end":{"line":44,"column":15}},"loc":{"start":{"line":44,"column":48},"end":{"line":51,"column":3}}}},"branchMap":{"0":{"loc":{"start":{"line":23,"column":4},"end":{"line":23,"column":23}},"type":"if","locations":[{"start":{"line":23,"column":4},"end":{"line":23,"column":23}},{"start":{},"end":{}}]},"1":{"loc":{"start":{"line":25,"column":4},"end":{"line":37,"column":5}},"type":"if","locations":[{"start":{"line":25,"column":4},"end":{"line":37,"column":5}},{"start":{"line":35,"column":9},"end":{"line":37,"column":5}}]},"2":{"loc":{"start":{"line":35,"column":9},"end":{"line":37,"column":5}},"type":"if","locations":[{"start":{"line":35,"column":9},"end":{"line":37,"column":5}},{"start":{},"end":{}}]}},"s":{"0":2,"1":2,"2":2,"3":2,"4":2,"5":2,"6":2,"7":4,"8":4,"9":4,"10":3,"11":3,"12":1,"13":2,"14":1,"15":1,"16":1,"17":1,"18":1,"19":1,"20":1,"21":1,"22":1,"23":2,"24":2},"f":{"0":4,"1":3,"2":1,"3":1},"b":{"0":[1,2],"1":[1,1],"2":[1,0]}}
,"/home/ssperanz/Documenti/swe/integrazione/MVP/microservices/warehouse/src/core/application/order/event-handlers/order-event-cloud-handler.ts": {"path":"/home/ssperanz/Documenti/swe/integrazione/MVP/microservices/warehouse/src/core/application/order/event-handlers/order-event-cloud-handler.ts","statementMap":{"0":{"start":{"line":1,"column":0},"end":{"line":1,"column":60}},"1":{"start":{"line":2,"column":0},"end":{"line":2,"column":40}},"2":{"start":{"line":3,"column":0},"end":{"line":3,"column":78}},"3":{"start":{"line":5,"column":0},"end":{"line":5,"column":88}},"4":{"start":{"line":6,"column":0},"end":{"line":6,"column":99}},"5":{"start":{"line":10,"column":7},"end":{"line":25,"column":null}},"6":{"start":{"line":15,"column":4},"end":{"line":15,"column":12}},"7":{"start":{"line":13,"column":21},"end":{"line":13,"column":56}},"8":{"start":{"line":19,"column":4},"end":{"line":19,"column":52}},"9":{"start":{"line":23,"column":4},"end":{"line":23,"column":57}},"10":{"start":{"line":10,"column":13},"end":{"line":10,"column":35}},"11":{"start":{"line":10,"column":13},"end":{"line":25,"column":null}}},"fnMap":{"0":{"name":"(anonymous_4)","decl":{"start":{"line":11,"column":2},"end":{"line":11,"column":null}},"loc":{"start":{"line":13,"column":56},"end":{"line":16,"column":3}}},"1":{"name":"(anonymous_5)","decl":{"start":{"line":18,"column":11},"end":{"line":18,"column":16}},"loc":{"start":{"line":18,"column":56},"end":{"line":20,"column":3}}},"2":{"name":"(anonymous_6)","decl":{"start":{"line":22,"column":11},"end":{"line":22,"column":16}},"loc":{"start":{"line":22,"column":66},"end":{"line":24,"column":3}}}},"branchMap":{},"s":{"0":2,"1":2,"2":2,"3":2,"4":2,"5":2,"6":3,"7":3,"8":1,"9":1,"10":2,"11":2},"f":{"0":3,"1":1,"2":1},"b":{}}
,"/home/ssperanz/Documenti/swe/integrazione/MVP/microservices/warehouse/src/core/application/order/event-handlers/order-event-destination-wh-handler.ts": {"path":"/home/ssperanz/Documenti/swe/integrazione/MVP/microservices/warehouse/src/core/application/order/event-handlers/order-event-destination-wh-handler.ts","statementMap":{"0":{"start":{"line":1,"column":0},"end":{"line":1,"column":60}},"1":{"start":{"line":2,"column":0},"end":{"line":2,"column":40}},"2":{"start":{"line":3,"column":0},"end":{"line":3,"column":78}},"3":{"start":{"line":5,"column":0},"end":{"line":5,"column":99}},"4":{"start":{"line":6,"column":0},"end":{"line":6,"column":88}},"5":{"start":{"line":10,"column":7},"end":{"line":25,"column":null}},"6":{"start":{"line":15,"column":4},"end":{"line":15,"column":12}},"7":{"start":{"line":13,"column":21},"end":{"line":13,"column":64}},"8":{"start":{"line":19,"column":4},"end":{"line":19,"column":52}},"9":{"start":{"line":23,"column":4},"end":{"line":23,"column":57}},"10":{"start":{"line":10,"column":13},"end":{"line":10,"column":43}},"11":{"start":{"line":10,"column":13},"end":{"line":25,"column":null}}},"fnMap":{"0":{"name":"(anonymous_4)","decl":{"start":{"line":11,"column":2},"end":{"line":11,"column":null}},"loc":{"start":{"line":13,"column":64},"end":{"line":16,"column":3}}},"1":{"name":"(anonymous_5)","decl":{"start":{"line":18,"column":11},"end":{"line":18,"column":16}},"loc":{"start":{"line":18,"column":56},"end":{"line":20,"column":3}}},"2":{"name":"(anonymous_6)","decl":{"start":{"line":22,"column":11},"end":{"line":22,"column":16}},"loc":{"start":{"line":22,"column":66},"end":{"line":24,"column":3}}}},"branchMap":{},"s":{"0":2,"1":2,"2":2,"3":2,"4":2,"5":2,"6":3,"7":3,"8":1,"9":1,"10":2,"11":2},"f":{"0":3,"1":1,"2":1},"b":{}}
,"/home/ssperanz/Documenti/swe/integrazione/MVP/microservices/warehouse/src/core/application/order/event-handlers/order-read-model-updater.ts": {"path":"/home/ssperanz/Documenti/swe/integrazione/MVP/microservices/warehouse/src/core/application/order/event-handlers/order-read-model-updater.ts","statementMap":{"0":{"start":{"line":1,"column":0},"end":{"line":1,"column":60}},"1":{"start":{"line":2,"column":0},"end":{"line":2,"column":40}},"2":{"start":{"line":3,"column":0},"end":{"line":3,"column":78}},"3":{"start":{"line":5,"column":0},"end":{"line":5,"column":88}},"4":{"start":{"line":6,"column":0},"end":{"line":6,"column":99}},"5":{"start":{"line":9,"column":7},"end":{"line":42,"column":null}},"6":{"start":{"line":14,"column":4},"end":{"line":14,"column":12}},"7":{"start":{"line":12,"column":21},"end":{"line":12,"column":61}},"8":{"start":{"line":19,"column":4},"end":{"line":32,"column":7}},"9":{"start":{"line":21,"column":47},"end":{"line":26,"column":8}},"10":{"start":{"line":36,"column":21},"end":{"line":36,"column":78}},"11":{"start":{"line":37,"column":4},"end":{"line":40,"column":5}},"12":{"start":{"line":38,"column":6},"end":{"line":38,"column":45}},"13":{"start":{"line":39,"column":6},"end":{"line":39,"column":49}},"14":{"start":{"line":9,"column":13},"end":{"line":9,"column":34}},"15":{"start":{"line":9,"column":13},"end":{"line":42,"column":null}}},"fnMap":{"0":{"name":"(anonymous_4)","decl":{"start":{"line":10,"column":2},"end":{"line":10,"column":null}},"loc":{"start":{"line":12,"column":61},"end":{"line":15,"column":3}}},"1":{"name":"(anonymous_5)","decl":{"start":{"line":17,"column":11},"end":{"line":17,"column":16}},"loc":{"start":{"line":17,"column":56},"end":{"line":33,"column":3}}},"2":{"name":"(anonymous_6)","decl":{"start":{"line":21,"column":39},"end":{"line":21,"column":40}},"loc":{"start":{"line":21,"column":47},"end":{"line":26,"column":8}}},"3":{"name":"(anonymous_7)","decl":{"start":{"line":35,"column":11},"end":{"line":35,"column":16}},"loc":{"start":{"line":35,"column":66},"end":{"line":41,"column":3}}}},"branchMap":{"0":{"loc":{"start":{"line":37,"column":4},"end":{"line":40,"column":5}},"type":"if","locations":[{"start":{"line":37,"column":4},"end":{"line":40,"column":5}},{"start":{},"end":{}}]}},"s":{"0":3,"1":3,"2":3,"3":3,"4":3,"5":3,"6":4,"7":4,"8":1,"9":1,"10":2,"11":2,"12":1,"13":1,"14":3,"15":3},"f":{"0":4,"1":1,"2":1,"3":2},"b":{"0":[1,1]}}
,"/home/ssperanz/Documenti/swe/integrazione/MVP/microservices/warehouse/src/core/application/order/event-handlers/order-validation-failed.handler.ts": {"path":"/home/ssperanz/Documenti/swe/integrazione/MVP/microservices/warehouse/src/core/application/order/event-handlers/order-validation-failed.handler.ts","statementMap":{"0":{"start":{"line":1,"column":0},"end":{"line":1,"column":60}},"1":{"start":{"line":2,"column":0},"end":{"line":2,"column":40}},"2":{"start":{"line":3,"column":0},"end":{"line":3,"column":88}},"3":{"start":{"line":7,"column":7},"end":{"line":22,"column":null}},"4":{"start":{"line":10,"column":21},"end":{"line":10,"column":71}},"5":{"start":{"line":14,"column":4},"end":{"line":20,"column":6}},"6":{"start":{"line":7,"column":13},"end":{"line":7,"column":41}},"7":{"start":{"line":7,"column":13},"end":{"line":22,"column":null}}},"fnMap":{"0":{"name":"(anonymous_4)","decl":{"start":{"line":8,"column":2},"end":{"line":8,"column":null}},"loc":{"start":{"line":10,"column":71},"end":{"line":11,"column":6}}},"1":{"name":"(anonymous_5)","decl":{"start":{"line":13,"column":2},"end":{"line":13,"column":7}},"loc":{"start":{"line":13,"column":48},"end":{"line":21,"column":3}}}},"branchMap":{},"s":{"0":2,"1":2,"2":2,"3":2,"4":2,"5":1,"6":2,"7":2},"f":{"0":2,"1":1},"b":{}}
,"/home/ssperanz/Documenti/swe/integrazione/MVP/microservices/warehouse/src/core/application/order/event-handlers/update-order-state.handler.ts": {"path":"/home/ssperanz/Documenti/swe/integrazione/MVP/microservices/warehouse/src/core/application/order/event-handlers/update-order-state.handler.ts","statementMap":{"0":{"start":{"line":1,"column":0},"end":{"line":1,"column":60}},"1":{"start":{"line":2,"column":0},"end":{"line":2,"column":40}},"2":{"start":{"line":4,"column":0},"end":{"line":4,"column":106}},"3":{"start":{"line":5,"column":0},"end":{"line":5,"column":106}},"4":{"start":{"line":6,"column":0},"end":{"line":6,"column":129}},"5":{"start":{"line":7,"column":0},"end":{"line":7,"column":73}},"6":{"start":{"line":8,"column":0},"end":{"line":8,"column":88}},"7":{"start":{"line":9,"column":0},"end":{"line":9,"column":75}},"8":{"start":{"line":10,"column":0},"end":{"line":10,"column":84}},"9":{"start":{"line":11,"column":0},"end":{"line":11,"column":73}},"10":{"start":{"line":12,"column":0},"end":{"line":12,"column":71}},"11":{"start":{"line":16,"column":0},"end":{"line":16,"column":88}},"12":{"start":{"line":25,"column":7},"end":{"line":121,"column":null}},"13":{"start":{"line":27,"column":49},"end":{"line":27,"column":81}},"14":{"start":{"line":31,"column":4},"end":{"line":31,"column":90}},"15":{"start":{"line":31,"column":50},"end":{"line":31,"column":90}},"16":{"start":{"line":32,"column":4},"end":{"line":32,"column":90}},"17":{"start":{"line":32,"column":50},"end":{"line":32,"column":90}},"18":{"start":{"line":33,"column":4},"end":{"line":33,"column":106}},"19":{"start":{"line":33,"column":61},"end":{"line":33,"column":106}},"20":{"start":{"line":34,"column":4},"end":{"line":34,"column":86}},"21":{"start":{"line":34,"column":48},"end":{"line":34,"column":86}},"22":{"start":{"line":35,"column":4},"end":{"line":35,"column":82}},"23":{"start":{"line":35,"column":46},"end":{"line":35,"column":82}},"24":{"start":{"line":36,"column":4},"end":{"line":36,"column":96}},"25":{"start":{"line":36,"column":53},"end":{"line":36,"column":96}},"26":{"start":{"line":37,"column":4},"end":{"line":37,"column":84}},"27":{"start":{"line":37,"column":47},"end":{"line":37,"column":84}},"28":{"start":{"line":38,"column":4},"end":{"line":38,"column":92}},"29":{"start":{"line":38,"column":51},"end":{"line":38,"column":92}},"30":{"start":{"line":39,"column":4},"end":{"line":39,"column":82}},"31":{"start":{"line":39,"column":46},"end":{"line":39,"column":82}},"32":{"start":{"line":40,"column":4},"end":{"line":40,"column":80}},"33":{"start":{"line":40,"column":45},"end":{"line":40,"column":80}},"34":{"start":{"line":44,"column":18},"end":{"line":44,"column":66}},"35":{"start":{"line":45,"column":4},"end":{"line":48,"column":5}},"36":{"start":{"line":46,"column":6},"end":{"line":46,"column":30}},"37":{"start":{"line":47,"column":6},"end":{"line":47,"column":45}},"38":{"start":{"line":52,"column":18},"end":{"line":52,"column":60}},"39":{"start":{"line":53,"column":4},"end":{"line":56,"column":5}},"40":{"start":{"line":54,"column":6},"end":{"line":54,"column":29}},"41":{"start":{"line":55,"column":6},"end":{"line":55,"column":45}},"42":{"start":{"line":60,"column":22},"end":{"line":60,"column":70}},"43":{"start":{"line":61,"column":4},"end":{"line":64,"column":5}},"44":{"start":{"line":62,"column":6},"end":{"line":62,"column":31}},"45":{"start":{"line":63,"column":6},"end":{"line":63,"column":45}},"46":{"start":{"line":68,"column":18},"end":{"line":68,"column":60}},"47":{"start":{"line":69,"column":4},"end":{"line":72,"column":5}},"48":{"start":{"line":70,"column":6},"end":{"line":70,"column":32}},"49":{"start":{"line":71,"column":6},"end":{"line":71,"column":45}},"50":{"start":{"line":76,"column":18},"end":{"line":76,"column":60}},"51":{"start":{"line":77,"column":4},"end":{"line":80,"column":5}},"52":{"start":{"line":78,"column":6},"end":{"line":78,"column":31}},"53":{"start":{"line":79,"column":6},"end":{"line":79,"column":45}},"54":{"start":{"line":83,"column":18},"end":{"line":83,"column":60}},"55":{"start":{"line":84,"column":4},"end":{"line":87,"column":5}},"56":{"start":{"line":85,"column":6},"end":{"line":85,"column":31}},"57":{"start":{"line":86,"column":6},"end":{"line":86,"column":45}},"58":{"start":{"line":91,"column":18},"end":{"line":91,"column":60}},"59":{"start":{"line":92,"column":4},"end":{"line":95,"column":5}},"60":{"start":{"line":93,"column":6},"end":{"line":93,"column":30}},"61":{"start":{"line":94,"column":6},"end":{"line":94,"column":45}},"62":{"start":{"line":99,"column":18},"end":{"line":99,"column":60}},"63":{"start":{"line":100,"column":4},"end":{"line":103,"column":5}},"64":{"start":{"line":101,"column":6},"end":{"line":101,"column":30}},"65":{"start":{"line":102,"column":6},"end":{"line":102,"column":45}},"66":{"start":{"line":107,"column":18},"end":{"line":107,"column":66}},"67":{"start":{"line":108,"column":4},"end":{"line":111,"column":5}},"68":{"start":{"line":109,"column":6},"end":{"line":109,"column":30}},"69":{"start":{"line":110,"column":6},"end":{"line":110,"column":45}},"70":{"start":{"line":115,"column":18},"end":{"line":115,"column":60}},"71":{"start":{"line":116,"column":4},"end":{"line":119,"column":5}},"72":{"start":{"line":117,"column":6},"end":{"line":117,"column":29}},"73":{"start":{"line":118,"column":6},"end":{"line":118,"column":45}},"74":{"start":{"line":25,"column":13},"end":{"line":25,"column":36}},"75":{"start":{"line":25,"column":13},"end":{"line":121,"column":null}}},"fnMap":{"0":{"name":"(anonymous_4)","decl":{"start":{"line":26,"column":2},"end":{"line":26,"column":null}},"loc":{"start":{"line":27,"column":81},"end":{"line":28,"column":6}}},"1":{"name":"(anonymous_5)","decl":{"start":{"line":30,"column":2},"end":{"line":30,"column":7}},"loc":{"start":{"line":30,"column":75},"end":{"line":41,"column":3}}},"2":{"name":"(anonymous_6)","decl":{"start":{"line":43,"column":10},"end":{"line":43,"column":15}},"loc":{"start":{"line":43,"column":63},"end":{"line":49,"column":3}}},"3":{"name":"(anonymous_7)","decl":{"start":{"line":51,"column":10},"end":{"line":51,"column":15}},"loc":{"start":{"line":51,"column":59},"end":{"line":57,"column":3}}},"4":{"name":"(anonymous_8)","decl":{"start":{"line":59,"column":10},"end":{"line":59,"column":15}},"loc":{"start":{"line":59,"column":63},"end":{"line":65,"column":3}}},"5":{"name":"(anonymous_9)","decl":{"start":{"line":67,"column":10},"end":{"line":67,"column":15}},"loc":{"start":{"line":67,"column":55},"end":{"line":73,"column":3}}},"6":{"name":"(anonymous_10)","decl":{"start":{"line":75,"column":10},"end":{"line":75,"column":15}},"loc":{"start":{"line":75,"column":69},"end":{"line":80,"column":8}}},"7":{"name":"(anonymous_11)","decl":{"start":{"line":82,"column":10},"end":{"line":82,"column":15}},"loc":{"start":{"line":82,"column":57},"end":{"line":88,"column":3}}},"8":{"name":"(anonymous_12)","decl":{"start":{"line":90,"column":10},"end":{"line":90,"column":15}},"loc":{"start":{"line":90,"column":65},"end":{"line":96,"column":3}}},"9":{"name":"(anonymous_13)","decl":{"start":{"line":98,"column":10},"end":{"line":98,"column":15}},"loc":{"start":{"line":98,"column":55},"end":{"line":104,"column":3}}},"10":{"name":"(anonymous_14)","decl":{"start":{"line":106,"column":10},"end":{"line":106,"column":15}},"loc":{"start":{"line":106,"column":79},"end":{"line":112,"column":3}}},"11":{"name":"(anonymous_15)","decl":{"start":{"line":114,"column":10},"end":{"line":114,"column":15}},"loc":{"start":{"line":114,"column":53},"end":{"line":120,"column":3}}}},"branchMap":{"0":{"loc":{"start":{"line":31,"column":4},"end":{"line":31,"column":90}},"type":"if","locations":[{"start":{"line":31,"column":4},"end":{"line":31,"column":90}},{"start":{},"end":{}}]},"1":{"loc":{"start":{"line":32,"column":4},"end":{"line":32,"column":90}},"type":"if","locations":[{"start":{"line":32,"column":4},"end":{"line":32,"column":90}},{"start":{},"end":{}}]},"2":{"loc":{"start":{"line":33,"column":4},"end":{"line":33,"column":106}},"type":"if","locations":[{"start":{"line":33,"column":4},"end":{"line":33,"column":106}},{"start":{},"end":{}}]},"3":{"loc":{"start":{"line":34,"column":4},"end":{"line":34,"column":86}},"type":"if","locations":[{"start":{"line":34,"column":4},"end":{"line":34,"column":86}},{"start":{},"end":{}}]},"4":{"loc":{"start":{"line":35,"column":4},"end":{"line":35,"column":82}},"type":"if","locations":[{"start":{"line":35,"column":4},"end":{"line":35,"column":82}},{"start":{},"end":{}}]},"5":{"loc":{"start":{"line":36,"column":4},"end":{"line":36,"column":96}},"type":"if","locations":[{"start":{"line":36,"column":4},"end":{"line":36,"column":96}},{"start":{},"end":{}}]},"6":{"loc":{"start":{"line":37,"column":4},"end":{"line":37,"column":84}},"type":"if","locations":[{"start":{"line":37,"column":4},"end":{"line":37,"column":84}},{"start":{},"end":{}}]},"7":{"loc":{"start":{"line":38,"column":4},"end":{"line":38,"column":92}},"type":"if","locations":[{"start":{"line":38,"column":4},"end":{"line":38,"column":92}},{"start":{},"end":{}}]},"8":{"loc":{"start":{"line":39,"column":4},"end":{"line":39,"column":82}},"type":"if","locations":[{"start":{"line":39,"column":4},"end":{"line":39,"column":82}},{"start":{},"end":{}}]},"9":{"loc":{"start":{"line":40,"column":4},"end":{"line":40,"column":80}},"type":"if","locations":[{"start":{"line":40,"column":4},"end":{"line":40,"column":80}},{"start":{},"end":{}}]},"10":{"loc":{"start":{"line":45,"column":4},"end":{"line":48,"column":5}},"type":"if","locations":[{"start":{"line":45,"column":4},"end":{"line":48,"column":5}},{"start":{},"end":{}}]},"11":{"loc":{"start":{"line":53,"column":4},"end":{"line":56,"column":5}},"type":"if","locations":[{"start":{"line":53,"column":4},"end":{"line":56,"column":5}},{"start":{},"end":{}}]},"12":{"loc":{"start":{"line":61,"column":4},"end":{"line":64,"column":5}},"type":"if","locations":[{"start":{"line":61,"column":4},"end":{"line":64,"column":5}},{"start":{},"end":{}}]},"13":{"loc":{"start":{"line":69,"column":4},"end":{"line":72,"column":5}},"type":"if","locations":[{"start":{"line":69,"column":4},"end":{"line":72,"column":5}},{"start":{},"end":{}}]},"14":{"loc":{"start":{"line":77,"column":4},"end":{"line":80,"column":5}},"type":"if","locations":[{"start":{"line":77,"column":4},"end":{"line":80,"column":5}},{"start":{},"end":{}}]},"15":{"loc":{"start":{"line":84,"column":4},"end":{"line":87,"column":5}},"type":"if","locations":[{"start":{"line":84,"column":4},"end":{"line":87,"column":5}},{"start":{},"end":{}}]},"16":{"loc":{"start":{"line":92,"column":4},"end":{"line":95,"column":5}},"type":"if","locations":[{"start":{"line":92,"column":4},"end":{"line":95,"column":5}},{"start":{},"end":{}}]},"17":{"loc":{"start":{"line":100,"column":4},"end":{"line":103,"column":5}},"type":"if","locations":[{"start":{"line":100,"column":4},"end":{"line":103,"column":5}},{"start":{},"end":{}}]},"18":{"loc":{"start":{"line":108,"column":4},"end":{"line":111,"column":5}},"type":"if","locations":[{"start":{"line":108,"column":4},"end":{"line":111,"column":5}},{"start":{},"end":{}}]},"19":{"loc":{"start":{"line":116,"column":4},"end":{"line":119,"column":5}},"type":"if","locations":[{"start":{"line":116,"column":4},"end":{"line":119,"column":5}},{"start":{},"end":{}}]}},"s":{"0":2,"1":2,"2":2,"3":2,"4":2,"5":2,"6":2,"7":2,"8":2,"9":2,"10":2,"11":2,"12":2,"13":14,"14":12,"15":1,"16":11,"17":1,"18":10,"19":1,"20":9,"21":1,"22":8,"23":2,"24":6,"25":1,"26":5,"27":1,"28":4,"29":1,"30":3,"31":1,"32":2,"33":2,"34":1,"35":1,"36":1,"37":1,"38":1,"39":1,"40":1,"41":1,"42":1,"43":1,"44":1,"45":1,"46":2,"47":2,"48":1,"49":1,"50":1,"51":1,"52":1,"53":1,"54":1,"55":1,"56":1,"57":1,"58":1,"59":1,"60":1,"61":1,"62":1,"63":1,"64":1,"65":1,"66":1,"67":1,"68":1,"69":1,"70":2,"71":2,"72":2,"73":2,"74":2,"75":2},"f":{"0":14,"1":12,"2":1,"3":1,"4":1,"5":2,"6":1,"7":1,"8":1,"9":1,"10":1,"11":2},"b":{"0":[1,11],"1":[1,10],"2":[1,9],"3":[1,8],"4":[2,6],"5":[1,5],"6":[1,4],"7":[1,3],"8":[1,2],"9":[2,0],"10":[1,0],"11":[1,0],"12":[1,0],"13":[1,1],"14":[1,0],"15":[1,0],"16":[1,0],"17":[1,0],"18":[1,0],"19":[2,0]}}
,"/home/ssperanz/Documenti/swe/integrazione/MVP/microservices/warehouse/src/core/application/order/events/order-canceled.event.ts": {"path":"/home/ssperanz/Documenti/swe/integrazione/MVP/microservices/warehouse/src/core/application/order/events/order-canceled.event.ts","statementMap":{"0":{"start":{"line":2,"column":0},"end":{"line":2,"column":102}},"1":{"start":{"line":6,"column":4},"end":{"line":6,"column":19}},"2":{"start":{"line":5,"column":30},"end":{"line":5,"column":46}},"3":{"start":{"line":4,"column":0},"end":{"line":4,"column":13}}},"fnMap":{"0":{"name":"(anonymous_0)","decl":{"start":{"line":5,"column":2},"end":{"line":5,"column":30}},"loc":{"start":{"line":5,"column":46},"end":{"line":7,"column":3}}}},"branchMap":{},"s":{"0":2,"1":2,"2":2,"3":2},"f":{"0":2},"b":{}}
,"/home/ssperanz/Documenti/swe/integrazione/MVP/microservices/warehouse/src/core/application/order/events/order-delivered.event.ts": {"path":"/home/ssperanz/Documenti/swe/integrazione/MVP/microservices/warehouse/src/core/application/order/events/order-delivered.event.ts","statementMap":{"0":{"start":{"line":1,"column":0},"end":{"line":1,"column":97}},"1":{"start":{"line":6,"column":4},"end":{"line":6,"column":19}},"2":{"start":{"line":5,"column":30},"end":{"line":5,"column":46}},"3":{"start":{"line":4,"column":0},"end":{"line":4,"column":13}}},"fnMap":{"0":{"name":"(anonymous_0)","decl":{"start":{"line":5,"column":2},"end":{"line":5,"column":30}},"loc":{"start":{"line":5,"column":46},"end":{"line":7,"column":3}}}},"branchMap":{},"s":{"0":3,"1":2,"2":2,"3":3},"f":{"0":2},"b":{}}
,"/home/ssperanz/Documenti/swe/integrazione/MVP/microservices/warehouse/src/core/application/order/events/order-dispatch-failed.event.ts": {"path":"/home/ssperanz/Documenti/swe/integrazione/MVP/microservices/warehouse/src/core/application/order/events/order-dispatch-failed.event.ts","statementMap":{"0":{"start":{"line":2,"column":0},"end":{"line":2,"column":97}},"1":{"start":{"line":6,"column":4},"end":{"line":6,"column":19}},"2":{"start":{"line":5,"column":30},"end":{"line":5,"column":46}},"3":{"start":{"line":5,"column":64},"end":{"line":5,"column":78}},"4":{"start":{"line":7,"column":4},"end":{"line":7,"column":25}},"5":{"start":{"line":4,"column":0},"end":{"line":4,"column":13}}},"fnMap":{"0":{"name":"(anonymous_0)","decl":{"start":{"line":5,"column":2},"end":{"line":5,"column":30}},"loc":{"start":{"line":5,"column":78},"end":{"line":8,"column":3}}}},"branchMap":{},"s":{"0":4,"1":3,"2":3,"3":3,"4":3,"5":4},"f":{"0":3},"b":{}}
,"/home/ssperanz/Documenti/swe/integrazione/MVP/microservices/warehouse/src/core/application/order/events/order-dispatched.event.ts": {"path":"/home/ssperanz/Documenti/swe/integrazione/MVP/microservices/warehouse/src/core/application/order/events/order-dispatched.event.ts","statementMap":{"0":{"start":{"line":2,"column":0},"end":{"line":2,"column":97}},"1":{"start":{"line":11,"column":4},"end":{"line":11,"column":19}},"2":{"start":{"line":7,"column":20},"end":{"line":7,"column":36}},"3":{"start":{"line":8,"column":20},"end":{"line":8,"column":36}},"4":{"start":{"line":9,"column":20},"end":{"line":9,"column":42}},"5":{"start":{"line":4,"column":0},"end":{"line":4,"column":13}}},"fnMap":{"0":{"name":"(anonymous_0)","decl":{"start":{"line":6,"column":2},"end":{"line":6,"column":null}},"loc":{"start":{"line":9,"column":42},"end":{"line":12,"column":3}}}},"branchMap":{},"s":{"0":4,"1":5,"2":5,"3":5,"4":5,"5":4},"f":{"0":5},"b":{}}
,"/home/ssperanz/Documenti/swe/integrazione/MVP/microservices/warehouse/src/core/application/order/events/order-validated.event.ts": {"path":"/home/ssperanz/Documenti/swe/integrazione/MVP/microservices/warehouse/src/core/application/order/events/order-validated.event.ts","statementMap":{"0":{"start":{"line":1,"column":0},"end":{"line":1,"column":102}},"1":{"start":{"line":6,"column":4},"end":{"line":6,"column":19}},"2":{"start":{"line":5,"column":30},"end":{"line":5,"column":46}},"3":{"start":{"line":4,"column":0},"end":{"line":4,"column":13}}},"fnMap":{"0":{"name":"(anonymous_0)","decl":{"start":{"line":5,"column":2},"end":{"line":5,"column":30}},"loc":{"start":{"line":5,"column":46},"end":{"line":7,"column":3}}}},"branchMap":{},"s":{"0":4,"1":4,"2":4,"3":4},"f":{"0":4},"b":{}}
,"/home/ssperanz/Documenti/swe/integrazione/MVP/microservices/warehouse/src/core/application/order/events/order-validation-failed.event.ts": {"path":"/home/ssperanz/Documenti/swe/integrazione/MVP/microservices/warehouse/src/core/application/order/events/order-validation-failed.event.ts","statementMap":{"0":{"start":{"line":2,"column":0},"end":{"line":2,"column":102}},"1":{"start":{"line":11,"column":4},"end":{"line":11,"column":19}},"2":{"start":{"line":7,"column":20},"end":{"line":7,"column":41}},"3":{"start":{"line":8,"column":20},"end":{"line":8,"column":36}},"4":{"start":{"line":9,"column":20},"end":{"line":9,"column":80}},"5":{"start":{"line":5,"column":0},"end":{"line":5,"column":13}}},"fnMap":{"0":{"name":"(anonymous_0)","decl":{"start":{"line":6,"column":2},"end":{"line":6,"column":null}},"loc":{"start":{"line":9,"column":80},"end":{"line":12,"column":3}}}},"branchMap":{},"s":{"0":4,"1":3,"2":3,"3":3,"4":3,"5":4},"f":{"0":3},"b":{}}
,"/home/ssperanz/Documenti/swe/integrazione/MVP/microservices/warehouse/src/core/application/order/events/replenishment-delivered.event.ts": {"path":"/home/ssperanz/Documenti/swe/integrazione/MVP/microservices/warehouse/src/core/application/order/events/replenishment-delivered.event.ts","statementMap":{"0":{"start":{"line":1,"column":0},"end":{"line":1,"column":97}},"1":{"start":{"line":10,"column":4},"end":{"line":10,"column":27}},"2":{"start":{"line":7,"column":20},"end":{"line":7,"column":44}},"3":{"start":{"line":8,"column":20},"end":{"line":8,"column":43}},"4":{"start":{"line":9,"column":20},"end":{"line":9,"column":51}},"5":{"start":{"line":11,"column":4},"end":{"line":11,"column":41}},"6":{"start":{"line":12,"column":4},"end":{"line":12,"column":45}},"7":{"start":{"line":5,"column":0},"end":{"line":5,"column":13}}},"fnMap":{"0":{"name":"(anonymous_0)","decl":{"start":{"line":6,"column":2},"end":{"line":6,"column":null}},"loc":{"start":{"line":9,"column":51},"end":{"line":13,"column":3}}}},"branchMap":{},"s":{"0":3,"1":1,"2":1,"3":1,"4":1,"5":1,"6":1,"7":3},"f":{"0":1},"b":{}}
,"/home/ssperanz/Documenti/swe/integrazione/MVP/microservices/warehouse/src/core/application/order/ports/dispatch-notifier.port.ts": {"path":"/home/ssperanz/Documenti/swe/integrazione/MVP/microservices/warehouse/src/core/application/order/ports/dispatch-notifier.port.ts","statementMap":{"0":{"start":{"line":3,"column":13},"end":{"line":3,"column":74}}},"fnMap":{},"branchMap":{},"s":{"0":0},"f":{},"b":{}}
,"/home/ssperanz/Documenti/swe/integrazione/MVP/microservices/warehouse/src/core/application/order/ports/inbound-order-event-listener.port.ts": {"path":"/home/ssperanz/Documenti/swe/integrazione/MVP/microservices/warehouse/src/core/application/order/ports/inbound-order-event-listener.port.ts","statementMap":{"0":{"start":{"line":5,"column":13},"end":{"line":5,"column":92}}},"fnMap":{},"branchMap":{},"s":{"0":0},"f":{},"b":{}}
,"/home/ssperanz/Documenti/swe/integrazione/MVP/microservices/warehouse/src/core/application/order/ports/order-event-cloud-publisher.port.ts": {"path":"/home/ssperanz/Documenti/swe/integrazione/MVP/microservices/warehouse/src/core/application/order/ports/order-event-cloud-publisher.port.ts","statementMap":{"0":{"start":{"line":3,"column":13},"end":{"line":3,"column":82}}},"fnMap":{},"branchMap":{},"s":{"0":0},"f":{},"b":{}}
,"/home/ssperanz/Documenti/swe/integrazione/MVP/microservices/warehouse/src/core/application/order/ports/order-event-destination-wh-publisher.port.ts": {"path":"/home/ssperanz/Documenti/swe/integrazione/MVP/microservices/warehouse/src/core/application/order/ports/order-event-destination-wh-publisher.port.ts","statementMap":{"0":{"start":{"line":3,"column":13},"end":{"line":3,"column":98}}},"fnMap":{},"branchMap":{},"s":{"0":0},"f":{},"b":{}}
,"/home/ssperanz/Documenti/swe/integrazione/MVP/microservices/warehouse/src/core/application/order/ports/order-read-model.repository.interface.ts": {"path":"/home/ssperanz/Documenti/swe/integrazione/MVP/microservices/warehouse/src/core/application/order/ports/order-read-model.repository.interface.ts","statementMap":{"0":{"start":{"line":1,"column":13},"end":{"line":1,"column":82}}},"fnMap":{},"branchMap":{},"s":{"0":0},"f":{},"b":{}}
,"/home/ssperanz/Documenti/swe/integrazione/MVP/microservices/warehouse/src/core/application/order/ports/order.repository.interface.ts": {"path":"/home/ssperanz/Documenti/swe/integrazione/MVP/microservices/warehouse/src/core/application/order/ports/order.repository.interface.ts","statementMap":{"0":{"start":{"line":4,"column":13},"end":{"line":4,"column":64}}},"fnMap":{},"branchMap":{},"s":{"0":0},"f":{},"b":{}}
,"/home/ssperanz/Documenti/swe/integrazione/MVP/microservices/warehouse/src/core/application/order/ports/replenishment-request.port.ts": {"path":"/home/ssperanz/Documenti/swe/integrazione/MVP/microservices/warehouse/src/core/application/order/ports/replenishment-request.port.ts","statementMap":{"0":{"start":{"line":3,"column":13},"end":{"line":3,"column":82}}},"fnMap":{},"branchMap":{},"s":{"0":0},"f":{},"b":{}}
,"/home/ssperanz/Documenti/swe/integrazione/MVP/microservices/warehouse/src/core/application/order/use-cases/command/cancel-order.command.ts": {"path":"/home/ssperanz/Documenti/swe/integrazione/MVP/microservices/warehouse/src/core/application/order/use-cases/command/cancel-order.command.ts","statementMap":{"0":{"start":{"line":1,"column":0},"end":{"line":1,"column":39}},"1":{"start":{"line":6,"column":4},"end":{"line":6,"column":12}},"2":{"start":{"line":5,"column":30},"end":{"line":5,"column":45}},"3":{"start":{"line":4,"column":0},"end":{"line":4,"column":13}}},"fnMap":{"0":{"name":"(anonymous_0)","decl":{"start":{"line":5,"column":2},"end":{"line":5,"column":30}},"loc":{"start":{"line":5,"column":45},"end":{"line":7,"column":3}}}},"branchMap":{},"s":{"0":4,"1":4,"2":4,"3":4},"f":{"0":4},"b":{}}
,"/home/ssperanz/Documenti/swe/integrazione/MVP/microservices/warehouse/src/core/application/order/use-cases/command/create-order.command.ts": {"path":"/home/ssperanz/Documenti/swe/integrazione/MVP/microservices/warehouse/src/core/application/order/use-cases/command/create-order.command.ts","statementMap":{"0":{"start":{"line":1,"column":0},"end":{"line":1,"column":39}},"1":{"start":{"line":11,"column":4},"end":{"line":11,"column":12}},"2":{"start":{"line":5,"column":20},"end":{"line":5,"column":37}},"3":{"start":{"line":6,"column":20},"end":{"line":6,"column":68}},"4":{"start":{"line":7,"column":20},"end":{"line":7,"column":44}},"5":{"start":{"line":8,"column":20},"end":{"line":8,"column":129}},"6":{"start":{"line":9,"column":20},"end":{"line":9,"column":49}},"7":{"start":{"line":3,"column":0},"end":{"line":3,"column":13}}},"fnMap":{"0":{"name":"(anonymous_0)","decl":{"start":{"line":4,"column":2},"end":{"line":4,"column":null}},"loc":{"start":{"line":9,"column":49},"end":{"line":12,"column":3}}}},"branchMap":{},"s":{"0":3,"1":5,"2":5,"3":5,"4":5,"5":5,"6":5,"7":3},"f":{"0":5},"b":{}}
,"/home/ssperanz/Documenti/swe/integrazione/MVP/microservices/warehouse/src/core/application/order/use-cases/command/deliver-order.command.ts": {"path":"/home/ssperanz/Documenti/swe/integrazione/MVP/microservices/warehouse/src/core/application/order/use-cases/command/deliver-order.command.ts","statementMap":{"0":{"start":{"line":1,"column":0},"end":{"line":1,"column":39}},"1":{"start":{"line":6,"column":4},"end":{"line":6,"column":12}},"2":{"start":{"line":5,"column":30},"end":{"line":5,"column":45}},"3":{"start":{"line":4,"column":0},"end":{"line":4,"column":13}}},"fnMap":{"0":{"name":"(anonymous_0)","decl":{"start":{"line":5,"column":2},"end":{"line":5,"column":30}},"loc":{"start":{"line":5,"column":45},"end":{"line":7,"column":3}}}},"branchMap":{},"s":{"0":3,"1":4,"2":4,"3":3},"f":{"0":4},"b":{}}
,"/home/ssperanz/Documenti/swe/integrazione/MVP/microservices/warehouse/src/core/application/order/use-cases/command/dispatch-order.command.ts": {"path":"/home/ssperanz/Documenti/swe/integrazione/MVP/microservices/warehouse/src/core/application/order/use-cases/command/dispatch-order.command.ts","statementMap":{"0":{"start":{"line":1,"column":0},"end":{"line":1,"column":39}},"1":{"start":{"line":5,"column":4},"end":{"line":5,"column":12}},"2":{"start":{"line":4,"column":30},"end":{"line":4,"column":45}},"3":{"start":{"line":3,"column":0},"end":{"line":3,"column":13}}},"fnMap":{"0":{"name":"(anonymous_0)","decl":{"start":{"line":4,"column":2},"end":{"line":4,"column":30}},"loc":{"start":{"line":4,"column":45},"end":{"line":6,"column":3}}}},"branchMap":{},"s":{"0":3,"1":5,"2":5,"3":3},"f":{"0":5},"b":{}}
,"/home/ssperanz/Documenti/swe/integrazione/MVP/microservices/warehouse/src/core/application/order/use-cases/command/update-order-state.command.ts": {"path":"/home/ssperanz/Documenti/swe/integrazione/MVP/microservices/warehouse/src/core/application/order/use-cases/command/update-order-state.command.ts","statementMap":{"0":{"start":{"line":1,"column":0},"end":{"line":1,"column":39}},"1":{"start":{"line":7,"column":4},"end":{"line":7,"column":12}},"2":{"start":{"line":6,"column":30},"end":{"line":6,"column":45}},"3":{"start":{"line":6,"column":63},"end":{"line":6,"column":83}},"4":{"start":{"line":5,"column":0},"end":{"line":5,"column":13}}},"fnMap":{"0":{"name":"(anonymous_0)","decl":{"start":{"line":6,"column":2},"end":{"line":6,"column":30}},"loc":{"start":{"line":6,"column":83},"end":{"line":8,"column":3}}}},"branchMap":{},"s":{"0":3,"1":3,"2":3,"3":3,"4":3},"f":{"0":3},"b":{}}
,"/home/ssperanz/Documenti/swe/integrazione/MVP/microservices/warehouse/src/core/application/order/use-cases/command/validate-order.command.ts": {"path":"/home/ssperanz/Documenti/swe/integrazione/MVP/microservices/warehouse/src/core/application/order/use-cases/command/validate-order.command.ts","statementMap":{"0":{"start":{"line":1,"column":0},"end":{"line":1,"column":39}},"1":{"start":{"line":6,"column":4},"end":{"line":6,"column":12}},"2":{"start":{"line":5,"column":30},"end":{"line":5,"column":46}},"3":{"start":{"line":4,"column":0},"end":{"line":4,"column":13}}},"fnMap":{"0":{"name":"(anonymous_0)","decl":{"start":{"line":5,"column":2},"end":{"line":5,"column":30}},"loc":{"start":{"line":5,"column":46},"end":{"line":7,"column":3}}}},"branchMap":{},"s":{"0":3,"1":3,"2":3,"3":3},"f":{"0":3},"b":{}}
,"/home/ssperanz/Documenti/swe/integrazione/MVP/microservices/warehouse/src/core/application/order/use-cases/command/handlers/cancel-order.handler.ts": {"path":"/home/ssperanz/Documenti/swe/integrazione/MVP/microservices/warehouse/src/core/application/order/use-cases/command/handlers/cancel-order.handler.ts","statementMap":{"0":{"start":{"line":1,"column":0},"end":{"line":1,"column":73}},"1":{"start":{"line":2,"column":0},"end":{"line":2,"column":40}},"2":{"start":{"line":3,"column":0},"end":{"line":3,"column":64}},"3":{"start":{"line":5,"column":0},"end":{"line":5,"column":129}},"4":{"start":{"line":6,"column":0},"end":{"line":6,"column":73}},"5":{"start":{"line":9,"column":7},"end":{"line":24,"column":null}},"6":{"start":{"line":11,"column":55},"end":{"line":11,"column":99}},"7":{"start":{"line":12,"column":12},"end":{"line":12,"column":22}},"8":{"start":{"line":16,"column":24},"end":{"line":16,"column":91}},"9":{"start":{"line":17,"column":4},"end":{"line":19,"column":5}},"10":{"start":{"line":18,"column":6},"end":{"line":18,"column":81}},"11":{"start":{"line":20,"column":29},"end":{"line":20,"column":59}},"12":{"start":{"line":21,"column":4},"end":{"line":21,"column":55}},"13":{"start":{"line":22,"column":4},"end":{"line":22,"column":114}},"14":{"start":{"line":9,"column":13},"end":{"line":9,"column":38}},"15":{"start":{"line":9,"column":13},"end":{"line":24,"column":null}}},"fnMap":{"0":{"name":"(anonymous_4)","decl":{"start":{"line":10,"column":2},"end":{"line":10,"column":null}},"loc":{"start":{"line":12,"column":30},"end":{"line":13,"column":6}}},"1":{"name":"(anonymous_5)","decl":{"start":{"line":15,"column":2},"end":{"line":15,"column":7}},"loc":{"start":{"line":15,"column":43},"end":{"line":23,"column":3}}}},"branchMap":{"0":{"loc":{"start":{"line":17,"column":4},"end":{"line":19,"column":5}},"type":"if","locations":[{"start":{"line":17,"column":4},"end":{"line":19,"column":5}},{"start":{},"end":{}}]},"1":{"loc":{"start":{"line":12,"column":22},"end":{"line":12,"column":null}},"type":"cond-expr","locations":[{"start":{"line":12,"column":30},"end":{"line":12,"column":null}},{"start":{"line":12,"column":30},"end":{"line":12,"column":null}}]},"2":{"loc":{"start":{"line":12,"column":22},"end":{"line":12,"column":30}},"type":"binary-expr","locations":[{"start":{"line":12,"column":22},"end":{"line":12,"column":null}},{"start":{"line":12,"column":22},"end":{"line":12,"column":30}}]}},"s":{"0":2,"1":2,"2":2,"3":2,"4":2,"5":2,"6":3,"7":3,"8":2,"9":2,"10":1,"11":1,"12":1,"13":1,"14":2,"15":2},"f":{"0":3,"1":2},"b":{"0":[1,1],"1":[2,0],"2":[2,2]}}
,"/home/ssperanz/Documenti/swe/integrazione/MVP/microservices/warehouse/src/core/application/order/use-cases/command/handlers/create-order.handler.ts": {"path":"/home/ssperanz/Documenti/swe/integrazione/MVP/microservices/warehouse/src/core/application/order/use-cases/command/handlers/create-order.handler.ts","statementMap":{"0":{"start":{"line":1,"column":0},"end":{"line":1,"column":79}},"1":{"start":{"line":2,"column":0},"end":{"line":2,"column":40}},"2":{"start":{"line":3,"column":0},"end":{"line":3,"column":64}},"3":{"start":{"line":5,"column":0},"end":{"line":5,"column":86}},"4":{"start":{"line":6,"column":0},"end":{"line":6,"column":94}},"5":{"start":{"line":7,"column":0},"end":{"line":7,"column":104}},"6":{"start":{"line":8,"column":0},"end":{"line":8,"column":87}},"7":{"start":{"line":9,"column":0},"end":{"line":9,"column":91}},"8":{"start":{"line":10,"column":0},"end":{"line":10,"column":91}},"9":{"start":{"line":11,"column":0},"end":{"line":11,"column":88}},"10":{"start":{"line":12,"column":0},"end":{"line":12,"column":82}},"11":{"start":{"line":13,"column":0},"end":{"line":13,"column":95}},"12":{"start":{"line":14,"column":0},"end":{"line":14,"column":86}},"13":{"start":{"line":15,"column":0},"end":{"line":15,"column":85}},"14":{"start":{"line":17,"column":0},"end":{"line":17,"column":33}},"15":{"start":{"line":20,"column":7},"end":{"line":82,"column":null}},"16":{"start":{"line":22,"column":49},"end":{"line":22,"column":81}},"17":{"start":{"line":23,"column":51},"end":{"line":23,"column":87}},"18":{"start":{"line":24,"column":12},"end":{"line":24,"column":23}},"19":{"start":{"line":28,"column":20},"end":{"line":28,"column":52}},"20":{"start":{"line":29,"column":24},"end":{"line":31,"column":26}},"21":{"start":{"line":34,"column":36},"end":{"line":34,"column":38}},"22":{"start":{"line":35,"column":4},"end":{"line":41,"column":5}},"23":{"start":{"line":36,"column":22},"end":{"line":36,"column":90}},"24":{"start":{"line":37,"column":24},"end":{"line":37,"column":71}},"25":{"start":{"line":38,"column":6},"end":{"line":40,"column":8}},"26":{"start":{"line":44,"column":22},"end":{"line":44,"column":52}},"27":{"start":{"line":46,"column":4},"end":{"line":76,"column":5}},"28":{"start":{"line":47,"column":19},"end":{"line":47,"column":129}},"29":{"start":{"line":48,"column":6},"end":{"line":54,"column":8}},"30":{"start":{"line":55,"column":11},"end":{"line":76,"column":5}},"31":{"start":{"line":56,"column":21},"end":{"line":56,"column":50}},"32":{"start":{"line":57,"column":6},"end":{"line":63,"column":8}},"33":{"start":{"line":64,"column":11},"end":{"line":76,"column":5}},"34":{"start":{"line":65,"column":21},"end":{"line":65,"column":50}},"35":{"start":{"line":66,"column":6},"end":{"line":73,"column":8}},"36":{"start":{"line":75,"column":6},"end":{"line":75,"column":66}},"37":{"start":{"line":78,"column":20},"end":{"line":78,"column":60}},"38":{"start":{"line":7
[...]
.ts","statementMap":{"0":{"start":{"line":3,"column":21},"end":{"line":3,"column":39}},"1":{"start":{"line":4,"column":21},"end":{"line":4,"column":40}},"2":{"start":{"line":5,"column":21},"end":{"line":5,"column":33}},"3":{"start":{"line":6,"column":21},"end":{"line":6,"column":32}},"4":{"start":{"line":7,"column":21},"end":{"line":7,"column":36}},"5":{"start":{"line":11,"column":4},"end":{"line":11,"column":95}},"6":{"start":{"line":15,"column":4},"end":{"line":15,"column":27}},"7":{"start":{"line":19,"column":4},"end":{"line":19,"column":28}},"8":{"start":{"line":23,"column":4},"end":{"line":23,"column":21}},"9":{"start":{"line":27,"column":4},"end":{"line":27,"column":20}},"10":{"start":{"line":31,"column":4},"end":{"line":31,"column":24}},"11":{"start":{"line":1,"column":0},"end":{"line":1,"column":13}}},"fnMap":{"0":{"name":"(anonymous_0)","decl":{"start":{"line":2,"column":2},"end":{"line":2,"column":null}},"loc":{"start":{"line":7,"column":36},"end":{"line":8,"column":6}}},"1":{"name":"(anonymous_1)","decl":{"start":{"line":10,"column":2},"end":{"line":10,"column":12}},"loc":{"start":{"line":10,"column":12},"end":{"line":12,"column":3}}},"2":{"name":"(anonymous_2)","decl":{"start":{"line":14,"column":2},"end":{"line":14,"column":15}},"loc":{"start":{"line":14,"column":15},"end":{"line":16,"column":3}}},"3":{"name":"(anonymous_3)","decl":{"start":{"line":18,"column":2},"end":{"line":18,"column":16}},"loc":{"start":{"line":18,"column":16},"end":{"line":20,"column":3}}},"4":{"name":"(anonymous_4)","decl":{"start":{"line":22,"column":2},"end":{"line":22,"column":9}},"loc":{"start":{"line":22,"column":9},"end":{"line":24,"column":3}}},"5":{"name":"(anonymous_5)","decl":{"start":{"line":26,"column":2},"end":{"line":26,"column":8}},"loc":{"start":{"line":26,"column":8},"end":{"line":28,"column":3}}},"6":{"name":"(anonymous_6)","decl":{"start":{"line":30,"column":2},"end":{"line":30,"column":12}},"loc":{"start":{"line":30,"column":12},"end":{"line":32,"column":3}}}},"branchMap":{},"s":{"0":9,"1":9,"2":9,"3":9,"4":9,"5":0,"6":4,"7":4,"8":4,"9":4,"10":4,"11":5},"f":{"0":9,"1":0,"2":4,"3":4,"4":4,"5":4,"6":4},"b":{}}
,"/home/ssperanz/Documenti/swe/integrazione/MVP/microservices/warehouse/src/shared/domain/value-objects/internal-order.vo.ts": {"path":"/home/ssperanz/Documenti/swe/integrazione/MVP/microservices/warehouse/src/shared/domain/value-objects/internal-order.vo.ts","statementMap":{"0":{"start":{"line":4,"column":31},"end":{"line":4,"column":57}},"1":{"start":{"line":7,"column":4},"end":{"line":7,"column":30}},"2":{"start":{"line":3,"column":0},"end":{"line":3,"column":13}}},"fnMap":{"0":{"name":"(anonymous_0)","decl":{"start":{"line":4,"column":2},"end":{"line":4,"column":31}},"loc":{"start":{"line":4,"column":57},"end":{"line":4,"column":61}}},"1":{"name":"(anonymous_1)","decl":{"start":{"line":6,"column":2},"end":{"line":6,"column":18}},"loc":{"start":{"line":6,"column":18},"end":{"line":8,"column":3}}}},"branchMap":{},"s":{"0":0,"1":0,"2":0},"f":{"0":0,"1":0},"b":{}}
,"/home/ssperanz/Documenti/swe/integrazione/MVP/microservices/warehouse/src/shared/domain/value-objects/money.vo.ts": {"path":"/home/ssperanz/Documenti/swe/integrazione/MVP/microservices/warehouse/src/shared/domain/value-objects/money.vo.ts","statementMap":{"0":{"start":{"line":7,"column":4},"end":{"line":7,"column":71}},"1":{"start":{"line":7,"column":20},"end":{"line":7,"column":71}},"2":{"start":{"line":8,"column":4},"end":{"line":8,"column":25}},"3":{"start":{"line":12,"column":4},"end":{"line":12,"column":23}},"4":{"start":{"line":16,"column":4},"end":{"line":16,"column":54}},"5":{"start":{"line":20,"column":4},"end":{"line":20,"column":54}},"6":{"start":{"line":24,"column":4},"end":{"line":24,"column":49}},"7":{"start":{"line":28,"column":4},"end":{"line":28,"column":43}},"8":{"start":{"line":32,"column":4},"end":{"line":32,"column":43}},"9":{"start":{"line":36,"column":4},"end":{"line":36,"column":45}},"10":{"start":{"line":3,"column":0},"end":{"line":3,"column":13}}},"fnMap":{"0":{"name":"(anonymous_0)","decl":{"start":{"line":6,"column":2},"end":{"line":6,"column":14}},"loc":{"start":{"line":6,"column":28},"end":{"line":9,"column":3}}},"1":{"name":"(anonymous_1)","decl":{"start":{"line":11,"column":2},"end":{"line":11,"column":11}},"loc":{"start":{"line":11,"column":11},"end":{"line":13,"column":3}}},"2":{"name":"(anonymous_2)","decl":{"start":{"line":15,"column":2},"end":{"line":15,"column":12}},"loc":{"start":{"line":15,"column":25},"end":{"line":17,"column":3}}},"3":{"name":"(anonymous_3)","decl":{"start":{"line":19,"column":2},"end":{"line":19,"column":12}},"loc":{"start":{"line":19,"column":25},"end":{"line":21,"column":3}}},"4":{"name":"(anonymous_4)","decl":{"start":{"line":23,"column":2},"end":{"line":23,"column":12}},"loc":{"start":{"line":23,"column":26},"end":{"line":25,"column":3}}},"5":{"name":"(anonymous_5)","decl":{"start":{"line":27,"column":2},"end":{"line":27,"column":12}},"loc":{"start":{"line":27,"column":25},"end":{"line":29,"column":3}}},"6":{"name":"(anonymous_6)","decl":{"start":{"line":31,"column":2},"end":{"line":31,"column":15}},"loc":{"start":{"line":31,"column":28},"end":{"line":33,"column":3}}},"7":{"name":"(anonymous_7)","decl":{"start":{"line":35,"column":2},"end":{"line":35,"column":11}},"loc":{"start":{"line":35,"column":24},"end":{"line":37,"column":3}}}},"branchMap":{"0":{"loc":{"start":{"line":7,"column":4},"end":{"line":7,"column":71}},"type":"if","locations":[{"start":{"line":7,"column":4},"end":{"line":7,"column":71}},{"start":{},"end":{}}]}},"s":{"0":257,"1":0,"2":257,"3":88,"4":54,"5":0,"6":58,"7":0,"8":0,"9":0,"10":22},"f":{"0":257,"1":88,"2":54,"3":0,"4":58,"5":0,"6":0,"7":0},"b":{"0":[0,257]}}
,"/home/ssperanz/Documenti/swe/integrazione/MVP/microservices/warehouse/src/shared/domain/value-objects/order-id.vo.ts": {"path":"/home/ssperanz/Documenti/swe/integrazione/MVP/microservices/warehouse/src/shared/domain/value-objects/order-id.vo.ts","statementMap":{"0":{"start":{"line":5,"column":4},"end":{"line":6,"column":49}},"1":{"start":{"line":6,"column":6},"end":{"line":6,"column":49}},"2":{"start":{"line":7,"column":4},"end":{"line":7,"column":17}},"3":{"start":{"line":11,"column":4},"end":{"line":11,"column":19}},"4":{"start":{"line":1,"column":0},"end":{"line":1,"column":13}}},"fnMap":{"0":{"name":"(anonymous_0)","decl":{"start":{"line":4,"column":2},"end":{"line":4,"column":14}},"loc":{"start":{"line":4,"column":24},"end":{"line":8,"column":3}}},"1":{"name":"(anonymous_1)","decl":{"start":{"line":10,"column":2},"end":{"line":10,"column":7}},"loc":{"start":{"line":10,"column":7},"end":{"line":12,"column":3}}}},"branchMap":{"0":{"loc":{"start":{"line":5,"column":4},"end":{"line":6,"column":49}},"type":"if","locations":[{"start":{"line":5,"column":4},"end":{"line":6,"column":49}},{"start":{},"end":{}}]},"1":{"loc":{"start":{"line":5,"column":8},"end":{"line":5,"column":37}},"type":"binary-expr","locations":[{"start":{"line":5,"column":8},"end":{"line":5,"column":11}},{"start":{"line":5,"column":15},"end":{"line":5,"column":37}}]}},"s":{"0":149,"1":0,"2":149,"3":42,"4":29},"f":{"0":149,"1":42},"b":{"0":[0,149],"1":[149,149]}}
,"/home/ssperanz/Documenti/swe/integrazione/MVP/microservices/warehouse/src/shared/domain/value-objects/order-item.vo.ts": {"path":"/home/ssperanz/Documenti/swe/integrazione/MVP/microservices/warehouse/src/shared/domain/value-objects/order-item.vo.ts","statementMap":{"0":{"start":{"line":4,"column":0},"end":{"line":4,"column":51}},"1":{"start":{"line":11,"column":4},"end":{"line":11,"column":27}},"2":{"start":{"line":12,"column":4},"end":{"line":12,"column":41}},"3":{"start":{"line":13,"column":4},"end":{"line":13,"column":63}},"4":{"start":{"line":17,"column":4},"end":{"line":17,"column":57}},"5":{"start":{"line":21,"column":4},"end":{"line":21,"column":31}},"6":{"start":{"line":25,"column":4},"end":{"line":25,"column":36}},"7":{"start":{"line":6,"column":0},"end":{"line":6,"column":13}}},"fnMap":{"0":{"name":"(anonymous_0)","decl":{"start":{"line":10,"column":2},"end":{"line":10,"column":14}},"loc":{"start":{"line":10,"column":73},"end":{"line":14,"column":3}}},"1":{"name":"(anonymous_1)","decl":{"start":{"line":16,"column":10},"end":{"line":16,"column":34}},"loc":{"start":{"line":16,"column":34},"end":{"line":18,"column":3}}},"2":{"name":"(anonymous_2)","decl":{"start":{"line":20,"column":2},"end":{"line":20,"column":14}},"loc":{"start":{"line":20,"column":14},"end":{"line":22,"column":3}}},"3":{"name":"(anonymous_3)","decl":{"start":{"line":24,"column":2},"end":{"line":24,"column":20}},"loc":{"start":{"line":24,"column":20},"end":{"line":26,"column":3}}}},"branchMap":{},"s":{"0":11,"1":58,"2":58,"3":58,"4":58,"5":9,"6":61,"7":11},"f":{"0":58,"1":58,"2":9,"3":61},"b":{}}
,"/home/ssperanz/Documenti/swe/integrazione/MVP/microservices/warehouse/src/shared/domain/value-objects/product-id.vo.ts": {"path":"/home/ssperanz/Documenti/swe/integrazione/MVP/microservices/warehouse/src/shared/domain/value-objects/product-id.vo.ts","statementMap":{"0":{"start":{"line":5,"column":8},"end":{"line":7,"column":9}},"1":{"start":{"line":6,"column":12},"end":{"line":6,"column":57}},"2":{"start":{"line":8,"column":8},"end":{"line":8,"column":28}},"3":{"start":{"line":12,"column":8},"end":{"line":12,"column":30}},"4":{"start":{"line":1,"column":0},"end":{"line":1,"column":13}}},"fnMap":{"0":{"name":"(anonymous_0)","decl":{"start":{"line":4,"column":4},"end":{"line":4,"column":16}},"loc":{"start":{"line":4,"column":26},"end":{"line":9,"column":5}}},"1":{"name":"(anonymous_1)","decl":{"start":{"line":11,"column":4},"end":{"line":11,"column":8}},"loc":{"start":{"line":11,"column":10},"end":{"line":13,"column":5}}}},"branchMap":{"0":{"loc":{"start":{"line":5,"column":8},"end":{"line":7,"column":9}},"type":"if","locations":[{"start":{"line":5,"column":8},"end":{"line":7,"column":9}},{"start":{},"end":{}}]},"1":{"loc":{"start":{"line":5,"column":11},"end":{"line":5,"column":40}},"type":"binary-expr","locations":[{"start":{"line":5,"column":11},"end":{"line":5,"column":14}},{"start":{"line":5,"column":18},"end":{"line":5,"column":40}}]}},"s":{"0":175,"1":0,"2":175,"3":47,"4":25},"f":{"0":175,"1":47},"b":{"0":[0,175],"1":[175,175]}}
,"/home/ssperanz/Documenti/swe/integrazione/MVP/microservices/warehouse/src/shared/domain/value-objects/product-item.vo.ts": {"path":"/home/ssperanz/Documenti/swe/integrazione/MVP/microservices/warehouse/src/shared/domain/value-objects/product-item.vo.ts","statementMap":{"0":{"start":{"line":6,"column":23},"end":{"line":6,"column":40}},"1":{"start":{"line":7,"column":23},"end":{"line":7,"column":40}},"2":{"start":{"line":11,"column":4},"end":{"line":11,"column":23}},"3":{"start":{"line":15,"column":4},"end":{"line":15,"column":24}},"4":{"start":{"line":19,"column":4},"end":{"line":19,"column":33}},"5":{"start":{"line":23,"column":4},"end":{"line":23,"column":33}},"6":{"start":{"line":4,"column":0},"end":{"line":4,"column":13}}},"fnMap":{"0":{"name":"(anonymous_0)","decl":{"start":{"line":5,"column":2},"end":{"line":5,"column":null}},"loc":{"start":{"line":7,"column":40},"end":{"line":8,"column":6}}},"1":{"name":"(anonymous_1)","decl":{"start":{"line":10,"column":2},"end":{"line":10,"column":7}},"loc":{"start":{"line":10,"column":7},"end":{"line":12,"column":3}}},"2":{"name":"(anonymous_2)","decl":{"start":{"line":14,"column":2},"end":{"line":14,"column":8}},"loc":{"start":{"line":14,"column":8},"end":{"line":16,"column":3}}},"3":{"name":"(anonymous_3)","decl":{"start":{"line":18,"column":2},"end":{"line":18,"column":12}},"loc":{"start":{"line":18,"column":26},"end":{"line":20,"column":3}}},"4":{"name":"(anonymous_4)","decl":{"start":{"line":22,"column":2},"end":{"line":22,"column":12}},"loc":{"start":{"line":22,"column":26},"end":{"line":24,"column":3}}}},"branchMap":{},"s":{"0":105,"1":105,"2":44,"3":98,"4":0,"5":0,"6":16},"f":{"0":105,"1":44,"2":98,"3":0,"4":0},"b":{}}
,"/home/ssperanz/Documenti/swe/integrazione/MVP/microservices/warehouse/src/shared/domain/value-objects/quantity.vo.ts": {"path":"/home/ssperanz/Documenti/swe/integrazione/MVP/microservices/warehouse/src/shared/domain/value-objects/quantity.vo.ts","statementMap":{"0":{"start":{"line":5,"column":8},"end":{"line":7,"column":9}},"1":{"start":{"line":6,"column":12},"end":{"line":6,"column":null}},"2":{"start":{"line":8,"column":8},"end":{"line":8,"column":null}},"3":{"start":{"line":12,"column":8},"end":{"line":12,"column":null}},"4":{"start":{"line":16,"column":8},"end":{"line":16,"column":null}},"5":{"start":{"line":20,"column":8},"end":{"line":20,"column":null}},"6":{"start":{"line":24,"column":8},"end":{"line":24,"column":null}},"7":{"start":{"line":28,"column":8},"end":{"line":28,"column":null}},"8":{"start":{"line":32,"column":25},"end":{"line":32,"column":53}},"9":{"start":{"line":33,"column":8},"end":{"line":35,"column":9}},"10":{"start":{"line":34,"column":12},"end":{"line":34,"column":null}},"11":{"start":{"line":36,"column":8},"end":{"line":36,"column":null}},"12":{"start":{"line":1,"column":0},"end":{"line":1,"column":13}}},"fnMap":{"0":{"name":"(anonymous_0)","decl":{"start":{"line":4,"column":4},"end":{"line":4,"column":16}},"loc":{"start":{"line":4,"column":29},"end":{"line":9,"column":5}}},"1":{"name":"(anonymous_1)","decl":{"start":{"line":11,"column":4},"end":{"line":11,"column":8}},"loc":{"start":{"line":11,"column":16},"end":{"line":13,"column":5}}},"2":{"name":"(anonymous_2)","decl":{"start":{"line":15,"column":4},"end":{"line":15,"column":14}},"loc":{"start":{"line":15,"column":30},"end":{"line":17,"column":5}}},"3":{"name":"(anonymous_3)","decl":{"start":{"line":19,"column":4},"end":{"line":19,"column":17}},"loc":{"start":{"line":19,"column":33},"end":{"line":21,"column":5}}},"4":{"name":"(anonymous_4)","decl":{"start":{"line":23,"column":4},"end":{"line":23,"column":13}},"loc":{"start":{"line":23,"column":29},"end":{"line":25,"column":5}}},"5":{"name":"(anonymous_5)","decl":{"start":{"line":27,"column":4},"end":{"line":27,"column":14}},"loc":{"start":{"line":27,"column":31},"end":{"line":29,"column":5}}},"6":{"name":"(anonymous_6)","decl":{"start":{"line":31,"column":4},"end":{"line":31,"column":14}},"loc":{"start":{"line":31,"column":31},"end":{"line":37,"column":5}}}},"branchMap":{"0":{"loc":{"start":{"line":5,"column":8},"end":{"line":7,"column":9}},"type":"if","locations":[{"start":{"line":5,"column":8},"end":{"line":7,"column":9}},{"start":{},"end":{}}]},"1":{"loc":{"start":{"line":33,"column":8},"end":{"line":35,"column":9}},"type":"if","locations":[{"start":{"line":33,"column":8},"end":{"line":35,"column":9}},{"start":{},"end":{}}]}},"s":{"0":403,"1":0,"2":403,"3":234,"4":23,"5":40,"6":0,"7":17,"8":17,"9":17,"10":0,"11":17,"12":24},"f":{"0":403,"1":234,"2":23,"3":40,"4":0,"5":17,"6":17},"b":{"0":[0,403],"1":[0,17]}}
,"/home/ssperanz/Documenti/swe/integrazione/MVP/microservices/warehouse/src/shared/domain/value-objects/reservation-item.vo.ts": {"path":"/home/ssperanz/Documenti/swe/integrazione/MVP/microservices/warehouse/src/shared/domain/value-objects/reservation-item.vo.ts","statementMap":{"0":{"start":{"line":2,"column":0},"end":{"line":2,"column":44}},"1":{"start":{"line":3,"column":0},"end":{"line":3,"column":51}},"2":{"start":{"line":4,"column":0},"end":{"line":4,"column":79}},"3":{"start":{"line":14,"column":4},"end":{"line":14,"column":36}},"4":{"start":{"line":15,"column":4},"end":{"line":15,"column":43}},"5":{"start":{"line":19,"column":4},"end":{"line":19,"column":26}},"6":{"start":{"line":23,"column":4},"end":{"line":23,"column":32}},"7":{"start":{"line":27,"column":4},"end":{"line":27,"column":25}},"8":{"start":{"line":31,"column":4},"end":{"line":31,"column":64}},"9":{"start":{"line":35,"column":28},"end":{"line":35,"column":73}},"10":{"start":{"line":36,"column":4},"end":{"line":36,"column":70}},"11":{"start":{"line":37,"column":4},"end":{"line":37,"column":27}},"12":{"start":{"line":46,"column":17},"end":{"line":46,"column":58}},"13":{"start":{"line":48,"column":4},"end":{"line":48,"column":39}},"14":{"start":{"line":49,"column":4},"end":{"line":49,"column":32}},"15":{"start":{"line":51,"column":4},"end":{"line":51,"column":16}},"16":{"start":{"line":55,"column":4},"end":{"line":55,"column":30}},"17":{"start":{"line":59,"column":4},"end":{"line":59,"column":49}},"18":{"start":{"line":60,"column":4},"end":{"line":60,"column":56}},"19":{"start":{"line":64,"column":4},"end":{"line":64,"column":58}},"20":{"start":{"line":65,"column":4},"end":{"line":65,"column":56}},"21":{"start":{"line":69,"column":4},"end":{"line":69,"column":76}},"22":{"start":{"line":6,"column":0},"end":{"line":6,"column":13}}},"fnMap":{"0":{"name":"(anonymous_0)","decl":{"start":{"line":10,"column":2},"end":{"line":10,"column":null}},"loc":{"start":{"line":12,"column":30},"end":{"line":16,"column":3}}},"1":{"name":"(anonymous_1)","decl":{"start":{"line":18,"column":2},"end":{"line":18,"column":10}},"loc":{"start":{"line":18,"column":10},"end":{"line":20,"column":3}}},"2":{"name":"(anonymous_2)","decl":{"start":{"line":22,"column":2},"end":{"line":22,"column":16}},"loc":{"start":{"line":22,"column":16},"end":{"line":24,"column":3}}},"3":{"name":"(anonymous_3)","decl":{"start":{"line":26,"column":2},"end":{"line":26,"column":17}},"loc":{"start":{"line":26,"column":17},"end":{"line":28,"column":3}}},"4":{"name":"(anonymous_4)","decl":{"start":{"line":30,"column":2},"end":{"line":30,"column":27}},"loc":{"start":{"line":30,"column":27},"end":{"line":32,"column":3}}},"5":{"name":"(anonymous_5)","decl":{"start":{"line":34,"column":2},"end":{"line":34,"column":8}},"loc":{"start":{"line":34,"column":61},"end":{"line":38,"column":3}}},"6":{"name":"(anonymous_6)","decl":{"start":{"line":40,"column":2},"end":{"line":40,"column":8}},"loc":{"start":{"line":44,"column":31},"end":{"line":52,"column":3}}},"7":{"name":"(anonymous_7)","decl":{"start":{"line":54,"column":10},"end":{"line":54,"column":25}},"loc":{"start":{"line":54,"column":56},"end":{"line":56,"column":3}}},"8":{"name":"(anonymous_8)","decl":{"start":{"line":58,"column":2},"end":{"line":58,"column":9}},"loc":{"start":{"line":58,"column":31},"end":{"line":61,"column":3}}},"9":{"name":"(anonymous_9)","decl":{"start":{"line":63,"column":2},"end":{"line":63,"column":9}},"loc":{"start":{"line":63,"column":9},"end":{"line":66,"column":3}}},"10":{"name":"(anonymous_10)","decl":{"start":{"line":68,"column":2},"end":{"line":68,"column":14}},"loc":{"start":{"line":68,"column":14},"end":{"line":70,"column":3}}}},"branchMap":{},"s":{"0":4,"1":4,"2":4,"3":24,"4":24,"5":8,"6":10,"7":2,"8":2,"9":13,"10":13,"11":13,"12":5,"13":5,"14":5,"15":5,"16":21,"17":1,"18":1,"19":2,"20":2,"21":2,"22":4},"f":{"0":24,"1":8,"2":10,"3":2,"4":2,"5":13,"6":5,"7":21,"8":1,"9":2,"10":2},"b":{}}
,"/home/ssperanz/Documenti/swe/integrazione/MVP/microservices/warehouse/src/shared/domain/value-objects/warehouse-id.vo.ts": {"path":"/home/ssperanz/Documenti/swe/integrazione/MVP/microservices/warehouse/src/shared/domain/value-objects/warehouse-id.vo.ts","statementMap":{"0":{"start":{"line":5,"column":4},"end":{"line":5,"column":75}},"1":{"start":{"line":5,"column":29},"end":{"line":5,"column":75}},"2":{"start":{"line":6,"column":4},"end":{"line":6,"column":35}},"3":{"start":{"line":10,"column":4},"end":{"line":10,"column":28}},"4":{"start":{"line":1,"column":0},"end":{"line":1,"column":13}}},"fnMap":{"0":{"name":"(anonymous_0)","decl":{"start":{"line":4,"column":2},"end":{"line":4,"column":14}},"loc":{"start":{"line":4,"column":33},"end":{"line":7,"column":3}}},"1":{"name":"(anonymous_1)","decl":{"start":{"line":9,"column":2},"end":{"line":9,"column":7}},"loc":{"start":{"line":9,"column":7},"end":{"line":11,"column":3}}}},"branchMap":{"0":{"loc":{"start":{"line":5,"column":4},"end":{"line":5,"column":75}},"type":"if","locations":[{"start":{"line":5,"column":4},"end":{"line":5,"column":75}},{"start":{},"end":{}}]}},"s":{"0":62,"1":0,"2":62,"3":21,"4":17},"f":{"0":62,"1":21},"b":{"0":[0,62]}}
}
