{"/home/ssperanz/Documenti/swe/integrazione/MVP/microservices/warehouse/src/main.ts": {"path":"/home/ssperanz/Documenti/swe/integrazione/MVP/microservices/warehouse/src/main.ts","statementMap":{"0":{"start":{"line":1,"column":0},"end":{"line":1,"column":43}},"1":{"start":{"line":2,"column":0},"end":{"line":2,"column":53}},"2":{"start":{"line":3,"column":0},"end":{"line":3,"column":71}},"3":{"start":{"line":4,"column":0},"end":{"line":4,"column":48}},"4":{"start":{"line":7,"column":14},"end":{"line":7,"column":55}},"5":{"start":{"line":8,"column":2},"end":{"line":14,"column":4}},"6":{"start":{"line":16,"column":2},"end":{"line":16,"column":43}},"7":{"start":{"line":17,"column":2},"end":{"line":17,"column":36}},"8":{"start":{"line":18,"column":2},"end":{"line":18,"column":45}},"9":{"start":{"line":20,"column":0},"end":{"line":20,"column":12}}},"fnMap":{"0":{"name":"bootstrap","decl":{"start":{"line":6,"column":15},"end":{"line":6,"column":24}},"loc":{"start":{"line":6,"column":24},"end":{"line":19,"column":1}}}},"branchMap":{"0":{"loc":{"start":{"line":11,"column":18},"end":{"line":11,"column":65}},"type":"binary-expr","locations":[{"start":{"line":11,"column":18},"end":{"line":11,"column":38}},{"start":{"line":11,"column":42},"end":{"line":11,"column":65}}]},"1":{"loc":{"start":{"line":18,"column":19},"end":{"line":18,"column":43}},"type":"binary-expr","locations":[{"start":{"line":18,"column":19},"end":{"line":18,"column":35}},{"start":{"line":18,"column":39},"end":{"line":18,"column":43}}]}},"s":{"0":0,"1":0,"2":0,"3":0,"4":0,"5":0,"6":0,"7":0,"8":0,"9":0},"f":{"0":0},"b":{"0":[0,0],"1":[0,0]}}
,"/home/ssperanz/Documenti/swe/integrazione/MVP/microservices/warehouse/src/warehouse.controller.ts": {"path":"/home/ssperanz/Documenti/swe/integrazione/MVP/microservices/warehouse/src/warehouse.controller.ts","statementMap":{"0":{"start":{"line":1,"column":0},"end":{"line":1,"column":49}},"1":{"start":{"line":2,"column":0},"end":{"line":2,"column":55}},"2":{"start":{"line":5,"column":7},"end":{"line":12,"column":null}},"3":{"start":{"line":6,"column":31},"end":{"line":6,"column":49}},"4":{"start":{"line":10,"column":4},"end":{"line":10,"column":44}},"5":{"start":{"line":5,"column":13},"end":{"line":5,"column":32}},"6":{"start":{"line":9,"column":2},"end":{"line":11,"column":null}},"7":{"start":{"line":5,"column":13},"end":{"line":12,"column":null}}},"fnMap":{"0":{"name":"(anonymous_2)","decl":{"start":{"line":6,"column":2},"end":{"line":6,"column":31}},"loc":{"start":{"line":6,"column":65},"end":{"line":6,"column":69}}},"1":{"name":"(anonymous_3)","decl":{"start":{"line":9,"column":2},"end":{"line":9,"column":10}},"loc":{"start":{"line":9,"column":10},"end":{"line":11,"column":3}}}},"branchMap":{"0":{"loc":{"start":{"line":6,"column":49},"end":{"line":6,"column":68}},"type":"cond-expr","locations":[{"start":{"line":6,"column":65},"end":{"line":6,"column":68}},{"start":{"line":6,"column":65},"end":{"line":6,"column":68}}]},"1":{"loc":{"start":{"line":6,"column":49},"end":{"line":6,"column":65}},"type":"binary-expr","locations":[{"start":{"line":6,"column":49},"end":{"line":6,"column":68}},{"start":{"line":6,"column":49},"end":{"line":6,"column":65}}]}},"s":{"0":1,"1":1,"2":1,"3":1,"4":1,"5":1,"6":1,"7":1},"f":{"0":1,"1":1},"b":{"0":[1,0],"1":[1,1]}}
,"/home/ssperanz/Documenti/swe/integrazione/MVP/microservices/warehouse/src/warehouse.module.ts": {"path":"/home/ssperanz/Documenti/swe/integrazione/MVP/microservices/warehouse/src/warehouse.module.ts","statementMap":{"0":{"start":{"line":1,"column":0},"end":{"line":1,"column":40}},"1":{"start":{"line":2,"column":0},"end":{"line":2,"column":92}},"2":{"start":{"line":3,"column":0},"end":{"line":3,"column":50}},"3":{"start":{"line":4,"column":0},"end":{"line":4,"column":42}},"4":{"start":{"line":5,"column":0},"end":{"line":5,"column":74}},"5":{"start":{"line":6,"column":0},"end":{"line":6,"column":68}},"6":{"start":{"line":7,"column":0},"end":{"line":7,"column":86}},"7":{"start":{"line":24,"column":7},"end":{"line":24,"column":null}},"8":{"start":{"line":24,"column":13},"end":{"line":24,"column":28}},"9":{"start":{"line":24,"column":13},"end":{"line":24,"column":null}}},"fnMap":{},"branchMap":{"0":{"loc":{"start":{"line":12,"column":27},"end":{"line":12,"column":116}},"type":"binary-expr","locations":[{"start":{"line":12,"column":27},"end":{"line":12,"column":48}},{"start":{"line":12,"column":52},"end":{"line":12,"column":116}}]}},"s":{"0":0,"1":0,"2":0,"3":0,"4":0,"5":0,"6":0,"7":0,"8":0,"9":0},"f":{},"b":{"0":[0,0]}}
,"/home/ssperanz/Documenti/swe/integrazione/MVP/microservices/warehouse/src/warehouse.service.ts": {"path":"/home/ssperanz/Documenti/swe/integrazione/MVP/microservices/warehouse/src/warehouse.service.ts","statementMap":{"0":{"start":{"line":1,"column":0},"end":{"line":1,"column":44}},"1":{"start":{"line":4,"column":7},"end":{"line":8,"column":null}},"2":{"start":{"line":6,"column":4},"end":{"line":6,"column":26}},"3":{"start":{"line":4,"column":13},"end":{"line":4,"column":29}},"4":{"start":{"line":4,"column":13},"end":{"line":8,"column":null}}},"fnMap":{"0":{"name":"(anonymous_1)","decl":{"start":{"line":5,"column":2},"end":{"line":5,"column":10}},"loc":{"start":{"line":5,"column":10},"end":{"line":7,"column":3}}}},"branchMap":{},"s":{"0":1,"1":1,"2":1,"3":1,"4":1},"f":{"0":1},"b":{}}
,"/home/ssperanz/Documenti/swe/integrazione/MVP/microservices/warehouse/src/core/application/order/order.controller.ts": {"path":"/home/ssperanz/Documenti/swe/integrazione/MVP/microservices/warehouse/src/core/application/order/order.controller.ts","statementMap":{"0":{"start":{"line":1,"column":0},"end":{"line":1,"column":62}},"1":{"start":{"line":2,"column":0},"end":{"line":2,"column":56}},"2":{"start":{"line":3,"column":0},"end":{"line":3,"column":56}},"3":{"start":{"line":4,"column":0},"end":{"line":4,"column":48}},"4":{"start":{"line":10,"column":7},"end":{"line":35,"column":null}},"5":{"start":{"line":12,"column":21},"end":{"line":12,"column":61}},"6":{"start":{"line":13,"column":21},"end":{"line":13,"column":57}},"7":{"start":{"line":18,"column":4},"end":{"line":18,"column":53}},"8":{"start":{"line":23,"column":4},"end":{"line":23,"column":53}},"9":{"start":{"line":28,"column":4},"end":{"line":28,"column":52}},"10":{"start":{"line":33,"column":4},"end":{"line":33,"column":47}},"11":{"start":{"line":10,"column":13},"end":{"line":10,"column":28}},"12":{"start":{"line":17,"column":8},"end":{"line":19,"column":null}},"13":{"start":{"line":22,"column":8},"end":{"line":24,"column":null}},"14":{"start":{"line":27,"column":8},"end":{"line":29,"column":null}},"15":{"start":{"line":32,"column":8},"end":{"line":34,"column":null}},"16":{"start":{"line":10,"column":13},"end":{"line":35,"column":null}}},"fnMap":{"0":{"name":"(anonymous_2)","decl":{"start":{"line":11,"column":2},"end":{"line":11,"column":null}},"loc":{"start":{"line":13,"column":57},"end":{"line":14,"column":6}}},"1":{"name":"(anonymous_3)","decl":{"start":{"line":17,"column":8},"end":{"line":17,"column":19}},"loc":{"start":{"line":17,"column":39},"end":{"line":19,"column":3}}},"2":{"name":"(anonymous_4)","decl":{"start":{"line":22,"column":8},"end":{"line":22,"column":19}},"loc":{"start":{"line":22,"column":39},"end":{"line":24,"column":3}}},"3":{"name":"(anonymous_5)","decl":{"start":{"line":27,"column":8},"end":{"line":27,"column":20}},"loc":{"start":{"line":27,"column":36},"end":{"line":29,"column":3}}},"4":{"name":"(anonymous_6)","decl":{"start":{"line":32,"column":8},"end":{"line":32,"column":18}},"loc":{"start":{"line":32,"column":18},"end":{"line":34,"column":3}}}},"branchMap":{"0":{"loc":{"start":{"line":17,"column":25},"end":{"line":17,"column":42}},"type":"cond-expr","locations":[{"start":{"line":17,"column":39},"end":{"line":17,"column":42}},{"start":{"line":17,"column":39},"end":{"line":17,"column":42}}]},"1":{"loc":{"start":{"line":17,"column":25},"end":{"line":17,"column":39}},"type":"binary-expr","locations":[{"start":{"line":17,"column":25},"end":{"line":17,"column":42}},{"start":{"line":17,"column":25},"end":{"line":17,"column":39}}]},"2":{"loc":{"start":{"line":17,"column":42},"end":{"line":17,"column":null}},"type":"cond-expr","locations":[{"start":{"line":17,"column":49},"end":{"line":17,"column":null}},{"start":{"line":17,"column":49},"end":{"line":17,"column":null}}]},"3":{"loc":{"start":{"line":17,"column":42},"end":{"line":17,"column":49}},"type":"binary-expr","locations":[{"start":{"line":17,"column":42},"end":{"line":17,"column":null}},{"start":{"line":17,"column":42},"end":{"line":17,"column":49}}]},"4":{"loc":{"start":{"line":22,"column":25},"end":{"line":22,"column":42}},"type":"cond-expr","locations":[{"start":{"line":22,"column":39},"end":{"line":22,"column":42}},{"start":{"line":22,"column":39},"end":{"line":22,"column":42}}]},"5":{"loc":{"start":{"line":22,"column":25},"end":{"line":22,"column":39}},"type":"binary-expr","locations":[{"start":{"line":22,"column":25},"end":{"line":22,"column":42}},{"start":{"line":22,"column":25},"end":{"line":22,"column":39}}]},"6":{"loc":{"start":{"line":22,"column":42},"end":{"line":22,"column":null}},"type":"cond-expr","locations":[{"start":{"line":22,"column":49},"end":{"line":22,"column":null}},{"start":{"line":22,"column":49},"end":{"line":22,"column":null}}]},"7":{"loc":{"start":{"line":22,"column":42},"end":{"line":22,"column":49}},"type":"binary-expr","locations":[{"start":{"line":22,"column":42},"end":{"line":22,"column":null}},{"start":{"line":22,"column":42},"end":{"line":22,"column":49}}]},"8":{"loc":{"start":{"line":27,"column":26},"end":{"line":27,"column":39}},"type":"cond-expr","locations":[{"start":{"line":27,"column":36},"end":{"line":27,"column":39}},{"start":{"line":27,"column":36},"end":{"line":27,"column":39}}]},"9":{"loc":{"start":{"line":27,"column":26},"end":{"line":27,"column":36}},"type":"binary-expr","locations":[{"start":{"line":27,"column":26},"end":{"line":27,"column":39}},{"start":{"line":27,"column":26},"end":{"line":27,"column":36}}]},"10":{"loc":{"start":{"line":27,"column":39},"end":{"line":27,"column":null}},"type":"cond-expr","locations":[{"start":{"line":27,"column":46},"end":{"line":27,"column":null}},{"start":{"line":27,"column":46},"end":{"line":27,"column":null}}]},"11":{"loc":{"start":{"line":27,"column":39},"end":{"line":27,"column":46}},"type":"binary-expr","locations":[{"start":{"line":27,"column":39},"end":{"line":27,"column":null}},{"start":{"line":27,"column":39},"end":{"line":27,"column":46}}]},"12":{"loc":{"start":{"line":32,"column":22},"end":{"line":32,"column":null}},"type":"cond-expr","locations":[{"start":{"line":32,"column":29},"end":{"line":32,"column":null}},{"start":{"line":32,"column":29},"end":{"line":32,"column":null}}]},"13":{"loc":{"start":{"line":32,"column":22},"end":{"line":32,"column":29}},"type":"binary-expr","locations":[{"start":{"line":32,"column":22},"end":{"line":32,"column":null}},{"start":{"line":32,"column":22},"end":{"line":32,"column":29}}]}},"s":{"0":0,"1":0,"2":0,"3":0,"4":0,"5":0,"6":0,"7":0,"8":0,"9":0,"10":0,"11":0,"12":0,"13":0,"14":0,"15":0,"16":0},"f":{"0":0,"1":0,"2":0,"3":0,"4":0},"b":{"0":[0,0],"1":[0,0],"2":[0,0],"3":[0,0],"4":[0,0],"5":[0,0],"6":[0,0],"7":[0,0],"8":[0,0],"9":[0,0],"10":[0,0],"11":[0,0],"12":[0,0],"13":[0,0]}}
,"/home/ssperanz/Documenti/swe/integrazione/MVP/microservices/warehouse/src/core/application/order/order.module.ts": {"path":"/home/ssperanz/Documenti/swe/integrazione/MVP/microservices/warehouse/src/core/application/order/order.module.ts","statementMap":{"0":{"start":{"line":1,"column":0},"end":{"line":1,"column":40}},"1":{"start":{"line":2,"column":0},"end":{"line":2,"column":42}},"2":{"start":{"line":3,"column":0},"end":{"line":3,"column":50}},"3":{"start":{"line":4,"column":0},"end":{"line":4,"column":116}},"4":{"start":{"line":5,"column":0},"end":{"line":5,"column":145}},"5":{"start":{"line":6,"column":0},"end":{"line":6,"column":134}},"6":{"start":{"line":7,"column":0},"end":{"line":7,"column":109}},"7":{"start":{"line":8,"column":0},"end":{"line":8,"column":121}},"8":{"start":{"line":9,"column":0},"end":{"line":9,"column":120}},"9":{"start":{"line":10,"column":0},"end":{"line":10,"column":119}},"10":{"start":{"line":11,"column":0},"end":{"line":11,"column":119}},"11":{"start":{"line":12,"column":0},"end":{"line":12,"column":123}},"12":{"start":{"line":13,"column":0},"end":{"line":13,"column":123}},"13":{"start":{"line":14,"column":0},"end":{"line":14,"column":121}},"14":{"start":{"line":15,"column":0},"end":{"line":15,"column":107}},"15":{"start":{"line":16,"column":0},"end":{"line":16,"column":111}},"16":{"start":{"line":17,"column":0},"end":{"line":17,"column":121}},"17":{"start":{"line":18,"column":0},"end":{"line":18,"column":119}},"18":{"start":{"line":19,"column":0},"end":{"line":19,"column":71}},"19":{"start":{"line":20,"column":0},"end":{"line":20,"column":102}},"20":{"start":{"line":21,"column":0},"end":{"line":21,"column":61}},"21":{"start":{"line":22,"column":0},"end":{"line":22,"column":96}},"22":{"start":{"line":23,"column":0},"end":{"line":23,"column":87}},"23":{"start":{"line":24,"column":0},"end":{"line":24,"column":87}},"24":{"start":{"line":25,"column":0},"end":{"line":25,"column":104}},"25":{"start":{"line":26,"column":0},"end":{"line":26,"column":50}},"26":{"start":{"line":27,"column":0},"end":{"line":27,"column":56}},"27":{"start":{"line":28,"column":0},"end":{"line":28,"column":61}},"28":{"start":{"line":30,"column":24},"end":{"line":36,"column":2}},"29":{"start":{"line":38,"column":22},"end":{"line":41,"column":2}},"30":{"start":{"line":43,"column":22},"end":{"line":50,"column":2}},"31":{"start":{"line":92,"column":7},"end":{"line":92,"column":null}},"32":{"start":{"line":92,"column":13},"end":{"line":92,"column":24}},"33":{"start":{"line":92,"column":13},"end":{"line":92,"column":null}}},"fnMap":{},"branchMap":{},"s":{"0":0,"1":0,"2":0,"3":0,"4":0,"5":0,"6":0,"7":0,"8":0,"9":0,"10":0,"11":0,"12":0,"13":0,"14":0,"15":0,"16":0,"17":0,"18":0,"19":0,"20":0,"21":0,"22":0,"23":0,"24":0,"25":0,"26":0,"27":0,"28":0,"29":0,"30":0,"31":0,"32":0,"33":0},"f":{},"b":{}}
,"/home/ssperanz/Documenti/swe/integrazione/MVP/microservices/warehouse/src/core/application/order/order.query.service.ts": {"path":"/home/ssperanz/Documenti/swe/integrazione/MVP/microservices/warehouse/src/core/application/order/order.query.service.ts","statementMap":{"0":{"start":{"line":1,"column":0},"end":{"line":1,"column":40}},"1":{"start":{"line":5,"column":0},"end":{"line":5,"column":66}},"2":{"start":{"line":6,"column":0},"end":{"line":6,"column":75}},"3":{"start":{"line":7,"column":0},"end":{"line":7,"column":44}},"4":{"start":{"line":10,"column":7},"end":{"line":23,"column":null}},"5":{"start":{"line":12,"column":21},"end":{"line":12,"column":31}},"6":{"start":{"line":16,"column":4},"end":{"line":16,"column":65}},"7":{"start":{"line":20,"column":4},"end":{"line":20,"column":58}},"8":{"start":{"line":10,"column":13},"end":{"line":10,"column":30}},"9":{"start":{"line":10,"column":13},"end":{"line":23,"column":null}}},"fnMap":{"0":{"name":"(anonymous_2)","decl":{"start":{"line":11,"column":2},"end":{"line":11,"column":null}},"loc":{"start":{"line":12,"column":39},"end":{"line":13,"column":6}}},"1":{"name":"(anonymous_3)","decl":{"start":{"line":15,"column":2},"end":{"line":15,"column":7}},"loc":{"start":{"line":15,"column":36},"end":{"line":17,"column":3}}},"2":{"name":"(anonymous_4)","decl":{"start":{"line":19,"column":2},"end":{"line":19,"column":7}},"loc":{"start":{"line":19,"column":18},"end":{"line":21,"column":3}}}},"branchMap":{"0":{"loc":{"start":{"line":12,"column":31},"end":{"line":12,"column":null}},"type":"cond-expr","locations":[{"start":{"line":12,"column":39},"end":{"line":12,"column":null}},{"start":{"line":12,"column":39},"end":{"line":12,"column":null}}]},"1":{"loc":{"start":{"line":12,"column":31},"end":{"line":12,"column":39}},"type":"binary-expr","locations":[{"start":{"line":12,"column":31},"end":{"line":12,"column":null}},{"start":{"line":12,"column":31},"end":{"line":12,"column":39}}]}},"s":{"0":0,"1":0,"2":0,"3":0,"4":0,"5":0,"6":0,"7":0,"8":0,"9":0},"f":{"0":0,"1":0,"2":0},"b":{"0":[0,0],"1":[0,0]}}
,"/home/ssperanz/Documenti/swe/integrazione/MVP/microservices/warehouse/src/core/application/order/order.service.ts": {"path":"/home/ssperanz/Documenti/swe/integrazione/MVP/microservices/warehouse/src/core/application/order/order.service.ts","statementMap":{"0":{"start":{"line":1,"column":0},"end":{"line":1,"column":42}},"1":{"start":{"line":3,"column":0},"end":{"line":3,"column":78}},"2":{"start":{"line":4,"column":0},"end":{"line":4,"column":78}},"3":{"start":{"line":6,"column":0},"end":{"line":6,"column":80}},"4":{"start":{"line":8,"column":0},"end":{"line":8,"column":44}},"5":{"start":{"line":9,"column":0},"end":{"line":9,"column":70}},"6":{"start":{"line":11,"column":0},"end":{"line":11,"column":89}},"7":{"start":{"line":16,"column":7},"end":{"line":51,"column":null}},"8":{"start":{"line":18,"column":21},"end":{"line":18,"column":33}},"9":{"start":{"line":23,"column":6},"end":{"line":29,"column":7}},"10":{"start":{"line":24,"column":8},"end":{"line":24,"column":33}},"11":{"start":{"line":25,"column":13},"end":{"line":29,"column":7}},"12":{"start":{"line":26,"column":8},"end":{"line":26,"column":38}},"13":{"start":{"line":28,"column":8},"end":{"line":28,"column":87}},"14":{"start":{"line":30,"column":22},"end":{"line":35,"column":null}},"15":{"start":{"line":37,"column":6},"end":{"line":37,"column":46}},"16":{"start":{"line":41,"column":6},"end":{"line":41,"column":87}},"17":{"start":{"line":45,"column":6},"end":{"line":45,"column":88}},"18":{"start":{"line":49,"column":6},"end":{"line":49,"column":120}},"19":{"start":{"line":16,"column":13},"end":{"line":16,"column":25}},"20":{"start":{"line":16,"column":13},"end":{"line":51,"column":null}}},"fnMap":{"0":{"name":"(anonymous_2)","decl":{"start":{"line":17,"column":2},"end":{"line":17,"column":null}},"loc":{"start":{"line":18,"column":43},"end":{"line":19,"column":6}}},"1":{"name":"(anonymous_3)","decl":{"start":{"line":21,"column":4},"end":{"line":21,"column":9}},"loc":{"start":{"line":21,"column":41},"end":{"line":38,"column":5}}},"2":{"name":"(anonymous_4)","decl":{"start":{"line":40,"column":4},"end":{"line":40,"column":9}},"loc":{"start":{"line":40,"column":37},"end":{"line":42,"column":5}}},"3":{"name":"(anonymous_5)","decl":{"start":{"line":44,"column":4},"end":{"line":44,"column":9}},"loc":{"start":{"line":44,"column":46},"end":{"line":46,"column":5}}},"4":{"name":"(anonymous_6)","decl":{"start":{"line":48,"column":4},"end":{"line":48,"column":9}},"loc":{"start":{"line":48,"column":52},"end":{"line":50,"column":5}}}},"branchMap":{"0":{"loc":{"start":{"line":23,"column":6},"end":{"line":29,"column":7}},"type":"if","locations":[{"start":{"line":23,"column":6},"end":{"line":29,"column":7}},{"start":{"line":25,"column":13},"end":{"line":29,"column":7}}]},"1":{"loc":{"start":{"line":25,"column":13},"end":{"line":29,"column":7}},"type":"if","locations":[{"start":{"line":25,"column":13},"end":{"line":29,"column":7}},{"start":{"line":27,"column":13},"end":{"line":29,"column":7}}]},"2":{"loc":{"start":{"line":33,"column":8},"end":{"line":33,"column":29}},"type":"binary-expr","locations":[{"start":{"line":33,"column":8},"end":{"line":33,"column":21}},{"start":{"line":33,"column":25},"end":{"line":33,"column":29}}]},"3":{"loc":{"start":{"line":35,"column":8},"end":{"line":35,"column":34}},"type":"binary-expr","locations":[{"start":{"line":35,"column":8},"end":{"line":35,"column":26}},{"start":{"line":35,"column":30},"end":{"line":35,"column":34}}]},"4":{"loc":{"start":{"line":18,"column":33},"end":{"line":18,"column":null}},"type":"cond-expr","locations":[{"start":{"line":18,"column":43},"end":{"line":18,"column":null}},{"start":{"line":18,"column":43},"end":{"line":18,"column":null}}]},"5":{"loc":{"start":{"line":18,"column":33},"end":{"line":18,"column":43}},"type":"binary-expr","locations":[{"start":{"line":18,"column":33},"end":{"line":18,"column":null}},{"start":{"line":18,"column":33},"end":{"line":18,"column":43}}]}},"s":{"0":0,"1":0,"2":0,"3":0,"4":0,"5":0,"6":0,"7":0,"8":0,"9":0,"10":0,"11":0,"12":0,"13":0,"14":0,"15":0,"16":0,"17":0,"18":0,"19":0,"20":0},"f":{"0":0,"1":0,"2":0,"3":0,"4":0},"b":{"0":[0,0],"1":[0,0],"2":[0,0],"3":[0,0],"4":[0,0],"5":[0,0]}}
,"/home/ssperanz/Documenti/swe/integrazione/MVP/microservices/warehouse/src/core/application/order-saga/order.saga.ts": {"path":"/home/ssperanz/Documenti/swe/integrazione/MVP/microservices/warehouse/src/core/application/order-saga/order.saga.ts","statementMap":{"0":{"start":{"line":1,"column":0},"end":{"line":1,"column":52}},"1":{"start":{"line":2,"column":0},"end":{"line":2,"column":54}},"2":{"start":{"line":3,"column":0},"end":{"line":3,"column":39}},"3":{"start":{"line":4,"column":0},"end":{"line":4,"column":85}},"4":{"start":{"line":5,"column":0},"end":{"line":5,"column":103}},"5":{"start":{"line":6,"column":0},"end":{"line":6,"column":103}},"6":{"start":{"line":7,"column":0},"end":{"line":7,"column":95}},"7":{"start":{"line":8,"column":0},"end":{"line":8,"column":103}},"8":{"start":{"line":9,"column":0},"end":{"line":9,"column":82}},"9":{"start":{"line":10,"column":0},"end":{"line":10,"column":103}},"10":{"start":{"line":11,"column":0},"end":{"line":11,"column":89}},"11":{"start":{"line":12,"column":0},"end":{"line":12,"column":89}},"12":{"start":{"line":13,"column":0},"end":{"line":13,"column":87}},"13":{"start":{"line":14,"column":0},"end":{"line":14,"column":85}},"14":{"start":{"line":15,"column":0},"end":{"line":15,"column":92}},"15":{"start":{"line":16,"column":0},"end":{"line":16,"column":103}},"16":{"start":{"line":17,"column":0},"end":{"line":17,"column":82}},"17":{"start":{"line":18,"column":0},"end":{"line":18,"column":95}},"18":{"start":{"line":19,"column":0},"end":{"line":19,"column":126}},"19":{"start":{"line":22,"column":22},"end":{"line":132,"column":null}},"20":{"start":{"line":24,"column":28},"end":{"line":24,"column":54}},"21":{"start":{"line":26,"column":19},"end":{"line":34,"column":3}},"22":{"start":{"line":27,"column":4},"end":{"line":33,"column":6}},"23":{"start":{"line":30,"column":8},"end":{"line":30,"column":92}},"24":{"start":{"line":31,"column":8},"end":{"line":31,"column":77}},"25":{"start":{"line":38,"column":25},"end":{"line":46,"column":3}},"26":{"start":{"line":39,"column":4},"end":{"line":45,"column":6}},"27":{"start":{"line":42,"column":8},"end":{"line":42,"column":104}},"28":{"start":{"line":43,"column":8},"end":{"line":43,"column":87}},"29":{"start":{"line":50,"column":23},"end":{"line":58,"column":3}},"30":{"start":{"line":51,"column":4},"end":{"line":57,"column":6}},"31":{"start":{"line":54,"column":8},"end":{"line":54,"column":102}},"32":{"start":{"line":55,"column":8},"end":{"line":55,"column":80}},"33":{"start":{"line":62,"column":25},"end":{"line":70,"column":3}},"34":{"start":{"line":63,"column":4},"end":{"line":69,"column":6}},"35":{"start":{"line":66,"column":8},"end":{"line":66,"column":110}},"36":{"start":{"line":67,"column":8},"end":{"line":67,"column":61}},"37":{"start":{"line":74,"column":21},"end":{"line":82,"column":3}},"38":{"start":{"line":75,"column":4},"end":{"line":81,"column":6}},"39":{"start":{"line":78,"column":8},"end":{"line":78,"column":95}},"40":{"start":{"line":79,"column":8},"end":{"line":79,"column":63}},"41":{"start":{"line":86,"column":29},"end":{"line":94,"column":3}},"42":{"start":{"line":87,"column":4},"end":{"line":93,"column":6}},"43":{"start":{"line":90,"column":8},"end":{"line":90,"column":102}},"44":{"start":{"line":91,"column":8},"end":{"line":91,"column":88}},"45":{"start":{"line":98,"column":21},"end":{"line":106,"column":3}},"46":{"start":{"line":99,"column":4},"end":{"line":105,"column":6}},"47":{"start":{"line":102,"column":8},"end":{"line":102,"column":99}},"48":{"start":{"line":103,"column":8},"end":{"line":103,"column":53}},"49":{"start":{"line":110,"column":36},"end":{"line":118,"column":3}},"50":{"start":{"line":111,"column":4},"end":{"line":117,"column":6}},"51":{"start":{"line":114,"column":8},"end":{"line":114,"column":115}},"52":{"start":{"line":115,"column":8},"end":{"line":115,"column":87}},"53":{"start":{"line":122,"column":23},"end":{"line":130,"column":3}},"54":{"start":{"line":123,"column":4},"end":{"line":129,"column":6}},"55":{"start":{"line":126,"column":8},"end":{"line":126,"column":96}},"56":{"start":{"line":127,"column":8},"end":{"line":127,"column":59}},"57":{"start":{"line":22,"column":13},"end":{"line":22,"column":22}},"58":{"start":{"line":26,"column":2},"end":{"line":34,"column":null}},"59":{"start":{"line":38,"column":2},"end":{"line":46,"column":null}},"60":{"start":{"line":50,"column":2},"end":{"line":58,"column":null}},"61":{"start":{"line":62,"column":2},"end":{"line":70,"column":null}},"62":{"start":{"line":74,"column":2},"end":{"line":82,"column":null}},"63":{"start":{"line":86,"column":2},"end":{"line":94,"column":null}},"64":{"start":{"line":98,"column":2},"end":{"line":106,"column":null}},"65":{"start":{"line":110,"column":2},"end":{"line":118,"column":null}},"66":{"start":{"line":122,"column":2},"end":{"line":130,"column":null}},"67":{"start":{"line":22,"column":13},"end":{"line":132,"column":null}}},"fnMap":{"0":{"name":"(anonymous_2)","decl":{"start":{"line":26,"column":19},"end":{"line":26,"column":20}},"loc":{"start":{"line":26,"column":70},"end":{"line":34,"column":3}}},"1":{"name":"(anonymous_3)","decl":{"start":{"line":29,"column":10},"end":{"line":29,"column":11}},"loc":{"start":{"line":29,"column":20},"end":{"line":32,"column":7}}},"2":{"name":"(anonymous_4)","decl":{"start":{"line":38,"column":25},"end":{"line":38,"column":26}},"loc":{"start":{"line":38,"column":76},"end":{"line":46,"column":3}}},"3":{"name":"(anonymous_5)","decl":{"start":{"line":41,"column":10},"end":{"line":41,"column":11}},"loc":{"start":{"line":41,"column":20},"end":{"line":44,"column":7}}},"4":{"name":"(anonymous_6)","decl":{"start":{"line":50,"column":23},"end":{"line":50,"column":24}},"loc":{"start":{"line":50,"column":74},"end":{"line":58,"column":3}}},"5":{"name":"(anonymous_7)","decl":{"start":{"line":53,"column":10},"end":{"line":53,"column":11}},"loc":{"start":{"line":53,"column":20},"end":{"line":56,"column":7}}},"6":{"name":"(anonymous_8)","decl":{"start":{"line":62,"column":25},"end":{"line":62,"column":26}},"loc":{"start":{"line":62,"column":76},"end":{"line":70,"column":3}}},"7":{"name":"(anonymous_9)","decl":{"start":{"line":65,"column":10},"end":{"line":65,"column":11}},"loc":{"start":{"line":65,"column":20},"end":{"line":68,"column":7}}},"8":{"name":"(anonymous_10)","decl":{"start":{"line":74,"column":21},"end":{"line":74,"column":22}},"loc":{"start":{"line":74,"column":72},"end":{"line":82,"column":3}}},"9":{"name":"(anonymous_11)","decl":{"start":{"line":77,"column":10},"end":{"line":77,"column":11}},"loc":{"start":{"line":77,"column":20},"end":{"line":80,"column":7}}},"10":{"name":"(anonymous_12)","decl":{"start":{"line":86,"column":29},"end":{"line":86,"column":30}},"loc":{"start":{"line":86,"column":80},"end":{"line":94,"column":3}}},"11":{"name":"(anonymous_13)","decl":{"start":{"line":89,"column":10},"end":{"line":89,"column":11}},"loc":{"start":{"line":89,"column":20},"end":{"line":92,"column":7}}},"12":{"name":"(anonymous_14)","decl":{"start":{"line":98,"column":21},"end":{"line":98,"column":22}},"loc":{"start":{"line":98,"column":72},"end":{"line":106,"column":3}}},"13":{"name":"(anonymous_15)","decl":{"start":{"line":101,"column":10},"end":{"line":101,"column":11}},"loc":{"start":{"line":101,"column":20},"end":{"line":104,"column":7}}},"14":{"name":"(anonymous_16)","decl":{"start":{"line":110,"column":36},"end":{"line":110,"column":37}},"loc":{"start":{"line":110,"column":87},"end":{"line":118,"column":3}}},"15":{"name":"(anonymous_17)","decl":{"start":{"line":113,"column":10},"end":{"line":113,"column":11}},"loc":{"start":{"line":113,"column":20},"end":{"line":116,"column":7}}},"16":{"name":"(anonymous_18)","decl":{"start":{"line":122,"column":23},"end":{"line":122,"column":24}},"loc":{"start":{"line":122,"column":74},"end":{"line":130,"column":3}}},"17":{"name":"(anonymous_19)","decl":{"start":{"line":125,"column":10},"end":{"line":125,"column":11}},"loc":{"start":{"line":125,"column":20},"end":{"line":128,"column":7}}}},"branchMap":{},"s":{"0":0,"1":0,"2":0,"3":0,"4":0,"5":0,"6":0,"7":0,"8":0,"9":0,"10":0,"11":0,"12":0,"13":0,"14":0,"15":0,"16":0,"17":0,"18":0,"19":0,"20":0,"21":0,"22":0,"23":0,"24":0,"25":0,"26":0,"27":0,"28":0,"29":0,"30":0,"31":0,"32":0,"33":0,"34":0,"35":0,"36":0,"37":0,"38":0,"39":0,"40":0,"41":0,"42":0,"43":0,"44":0,"45":0,"46":0,"47":0,"48":0,"49":0,"50":0,"51":0,"52":0,"53":0,"54":0,"55":0,"56":0,"57":0,"58":0,"59":0,"60":0,"61":0,"62":0,"63":0,"64":0,"65":0,"66":0,"67":0},"f":{"0":0,"1":0,"2":0,"3":0,"4":0,"5":0,"6":0,"7":0,"8":0,"9":0,"10":0,"11":0,"12":0,"13":0,"14":0,"15":0,"16":0,"17":0},"b":{}}
,"/home/ssperanz/Documenti/swe/integrazione/MVP/microservices/warehouse/src/core/application/order/dto/cancel-order.dto.ts": {"path":"/home/ssperanz/Documenti/swe/integrazione/MVP/microservices/warehouse/src/core/application/order/dto/cancel-order.dto.ts","statementMap":{"0":{"start":{"line":1,"column":0},"end":{"line":1,"column":43}},"1":{"start":{"line":3,"column":0},"end":{"line":3,"column":13}},"2":{"start":{"line":5,"column":2},"end":{"line":5,"column":null}}},"fnMap":{},"branchMap":{},"s":{"0":0,"1":0,"2":0},"f":{},"b":{}}
,"/home/ssperanz/Documenti/swe/integrazione/MVP/microservices/warehouse/src/core/application/order/dto/create-order.dto.ts": {"path":"/home/ssperanz/Documenti/swe/integrazione/MVP/microservices/warehouse/src/core/application/order/dto/create-order.dto.ts","statementMap":{"0":{"start":{"line":1,"column":0},"end":{"line":1,"column":26}},"1":{"start":{"line":2,"column":0},"end":{"line":2,"column":102}},"2":{"start":{"line":3,"column":0},"end":{"line":3,"column":41}},"3":{"start":{"line":5,"column":0},"end":{"line":5,"column":13}},"4":{"start":{"line":7,"column":2},"end":{"line":7,"column":null}},"5":{"start":{"line":10,"column":2},"end":{"line":10,"column":null}},"6":{"start":{"line":13,"column":0},"end":{"line":13,"column":13}},"7":{"start":{"line":15,"column":2},"end":{"line":15,"column":null}},"8":{"start":{"line":18,"column":2},"end":{"line":18,"column":null}},"9":{"start":{"line":21,"column":2},"end":{"line":21,"column":null}},"10":{"start":{"line":24,"column":2},"end":{"line":24,"column":null}},"11":{"start":{"line":27,"column":2},"end":{"line":27,"column":null}},"12":{"start":{"line":30,"column":0},"end":{"line":30,"column":13}},"13":{"start":{"line":32,"column":2},"end":{"line":32,"column":null}},"14":{"start":{"line":37,"column":2},"end":{"line":37,"column":null}},"15":{"start":{"line":36,"column":14},"end":{"line":36,"column":26}},"16":{"start":{"line":41,"column":2},"end":{"line":41,"column":null}},"17":{"start":{"line":46,"column":2},"end":{"line":46,"column":null}},"18":{"start":{"line":44,"column":19},"end":{"line":44,"column":40}},"19":{"start":{"line":52,"column":2},"end":{"line":52,"column":null}},"20":{"start":{"line":49,"column":19},"end":{"line":49,"column":35}},"21":{"start":{"line":51,"column":14},"end":{"line":51,"column":24}},"22":{"start":{"line":56,"column":2},"end":{"line":56,"column":null}}},"fnMap":{"0":{"name":"(anonymous_2)","decl":{"start":{"line":36,"column":8},"end":{"line":36,"column":11}},"loc":{"start":{"line":36,"column":14},"end":{"line":36,"column":26}}},"1":{"name":"(anonymous_3)","decl":{"start":{"line":44,"column":14},"end":{"line":44,"column":15}},"loc":{"start":{"line":44,"column":19},"end":{"line":44,"column":40}}},"2":{"name":"(anonymous_4)","decl":{"start":{"line":49,"column":14},"end":{"line":49,"column":15}},"loc":{"start":{"line":49,"column":19},"end":{"line":49,"column":35}}},"3":{"name":"(anonymous_5)","decl":{"start":{"line":51,"column":8},"end":{"line":51,"column":11}},"loc":{"start":{"line":51,"column":14},"end":{"line":51,"column":24}}}},"branchMap":{},"s":{"0":0,"1":0,"2":0,"3":0,"4":0,"5":0,"6":0,"7":0,"8":0,"9":0,"10":0,"11":0,"12":0,"13":0,"14":0,"15":0,"16":0,"17":0,"18":0,"19":0,"20":0,"21":0,"22":0},"f":{"0":0,"1":0,"2":0,"3":0},"b":{}}
,"/home/ssperanz/Documenti/swe/integrazione/MVP/microservices/warehouse/src/core/application/order/dto/order-dispatched.dto.ts": {"path":"/home/ssperanz/Documenti/swe/integrazione/MVP/microservices/warehouse/src/core/application/order/dto/order-dispatched.dto.ts","statementMap":{"0":{"start":{"line":1,"column":0},"end":{"line":1,"column":43}},"1":{"start":{"line":3,"column":0},"end":{"line":3,"column":13}},"2":{"start":{"line":5,"column":2},"end":{"line":5,"column":null}}},"fnMap":{},"branchMap":{},"s":{"0":0,"1":0,"2":0},"f":{},"b":{}}
,"/home/ssperanz/Documenti/swe/integrazione/MVP/microservices/warehouse/src/core/application/order/dto/order-id.dto.ts": {"path":"/home/ssperanz/Documenti/swe/integrazione/MVP/microservices/warehouse/src/core/application/order/dto/order-id.dto.ts","statementMap":{"0":{"start":{"line":1,"column":0},"end":{"line":1,"column":43}},"1":{"start":{"line":3,"column":0},"end":{"line":3,"column":13}},"2":{"start":{"line":5,"column":2},"end":{"line":5,"column":null}}},"fnMap":{},"branchMap":{},"s":{"0":0,"1":0,"2":0},"f":{},"b":{}}
,"/home/ssperanz/Documenti/swe/integrazione/MVP/microservices/warehouse/src/core/application/order/dto/order.dto.ts": {"path":"/home/ssperanz/Documenti/swe/integrazione/MVP/microservices/warehouse/src/core/application/order/dto/order.dto.ts","statementMap":{"0":{"start":{"line":1,"column":0},"end":{"line":1,"column":94}},"1":{"start":{"line":2,"column":0},"end":{"line":2,"column":62}},"2":{"start":{"line":4,"column":0},"end":{"line":4,"column":13}},"3":{"start":{"line":6,"column":2},"end":{"line":6,"column":null}},"4":{"start":{"line":9,"column":2},"end":{"line":9,"column":null}},"5":{"start":{"line":12,"column":2},"end":{"line":12,"column":null}},"6":{"start":{"line":15,"column":2},"end":{"line":15,"column":null}},"7":{"start":{"line":18,"column":2},"end":{"line":18,"column":null}},"8":{"start":{"line":21,"column":2},"end":{"line":21,"column":null}},"9":{"start":{"line":25,"column":2},"end":{"line":25,"column":null}},"10":{"start":{"line":29,"column":2},"end":{"line":29,"column":null}},"11":{"start":{"line":33,"column":2},"end":{"line":33,"column":null}},"12":{"start":{"line":37,"column":2},"end":{"line":37,"column":null}}},"fnMap":{},"branchMap":{"0":{"loc":{"start":{"line":18,"column":21},"end":{"line":18,"column":26}},"type":"cond-expr","locations":[{"start":{"line":18,"column":25},"end":{"line":18,"column":26}},{"start":{"line":18,"column":25},"end":{"line":18,"column":26}}]},"1":{"loc":{"start":{"line":18,"column":21},"end":{"line":18,"column":25}},"type":"binary-expr","locations":[{"start":{"line":18,"column":21},"end":{"line":18,"column":26}},{"start":{"line":18,"column":21},"end":{"line":18,"column":25}}]},"2":{"loc":{"start":{"line":29,"column":16},"end":{"line":29,"column":27}},"type":"cond-expr","locations":[{"start":{"line":29,"column":26},"end":{"line":29,"column":27}},{"start":{"line":29,"column":26},"end":{"line":29,"column":27}}]},"3":{"loc":{"start":{"line":29,"column":16},"end":{"line":29,"column":26}},"type":"binary-expr","locations":[{"start":{"line":29,"column":16},"end":{"line":29,"column":27}},{"start":{"line":29,"column":16},"end":{"line":29,"column":26}}]}},"s":{"0":0,"1":0,"2":0,"3":0,"4":0,"5":0,"6":0,"7":0,"8":0,"9":0,"10":0,"11":0,"12":0},"f":{},"b":{"0":[0,0],"1":[0,0],"2":[0,0],"3":[0,0]}}
,"/home/ssperanz/Documenti/swe/integrazione/MVP/microservices/warehouse/src/core/application/order/dto/update-order-state.dto.ts": {"path":"/home/ssperanz/Documenti/swe/integrazione/MVP/microservices/warehouse/src/core/application/order/dto/update-order-state.dto.ts","statementMap":{"0":{"start":{"line":1,"column":0},"end":{"line":1,"column":43}},"1":{"start":{"line":3,"column":0},"end":{"line":3,"column":13}},"2":{"start":{"line":5,"column":2},"end":{"line":5,"column":null}},"3":{"start":{"line":8,"column":2},"end":{"line":8,"column":null}},"4":{"start":{"line":11,"column":2},"end":{"line":11,"column":null}}},"fnMap":{},"branchMap":{},"s":{"0":0,"1":0,"2":0,"3":0,"4":0},"f":{},"b":{}}
,"/home/ssperanz/Documenti/swe/integrazione/MVP/microservices/warehouse/src/core/application/order/event-handlers/abstract-order-event-handler.ts": {"path":"/home/ssperanz/Documenti/swe/integrazione/MVP/microservices/warehouse/src/core/application/order/event-handlers/abstract-order-event-handler.ts","statementMap":{"0":{"start":{"line":2,"column":0},"end":{"line":2,"column":88}},"1":{"start":{"line":3,"column":0},"end":{"line":3,"column":99}},"2":{"start":{"line":7,"column":4},"end":{"line":7,"column":78}},"3":{"start":{"line":7,"column":44},"end":{"line":7,"column":78}},"4":{"start":{"line":8,"column":4},"end":{"line":8,"column":88}},"5":{"start":{"line":8,"column":49},"end":{"line":8,"column":88}},"6":{"start":{"line":5,"column":0},"end":{"line":5,"column":22}}},"fnMap":{"0":{"name":"(anonymous_0)","decl":{"start":{"line":6,"column":2},"end":{"line":6,"column":7}},"loc":{"start":{"line":6,"column":32},"end":{"line":9,"column":3}}},"1":{"name":"(anonymous_1)","decl":{"start":{"line":11,"column":12},"end":{"line":11,"column":17}},"loc":{"start":{"line":11,"column":54},"end":{"line":11,"column":73}}},"2":{"name":"(anonymous_2)","decl":{"start":{"line":12,"column":12},"end":{"line":12,"column":17}},"loc":{"start":{"line":12,"column":64},"end":{"line":12,"column":83}}}},"branchMap":{"0":{"loc":{"start":{"line":7,"column":4},"end":{"line":7,"column":78}},"type":"if","locations":[{"start":{"line":7,"column":4},"end":{"line":7,"column":78}},{"start":{},"end":{}}]},"1":{"loc":{"start":{"line":8,"column":4},"end":{"line":8,"column":88}},"type":"if","locations":[{"start":{"line":8,"column":4},"end":{"line":8,"column":88}},{"start":{},"end":{}}]}},"s":{"0":0,"1":0,"2":0,"3":0,"4":0,"5":0,"6":0},"f":{"0":0,"1":0,"2":0},"b":{"0":[0,0],"1":[0,0]}}
,"/home/ssperanz/Documenti/swe/integrazione/MVP/microservices/warehouse/src/core/application/order/event-handlers/order-dispatched-event.handler.ts": {"path":"/home/ssperanz/Documenti/swe/integrazione/MVP/microservices/warehouse/src/core/application/order/event-handlers/order-dispatched-event.handler.ts","statementMap":{"0":{"start":{"line":1,"column":0},"end":{"line":1,"column":60}},"1":{"start":{"line":2,"column":0},"end":{"line":2,"column":40}},"2":{"start":{"line":3,"column":0},"end":{"line":3,"column":75}},"3":{"start":{"line":6,"column":0},"end":{"line":6,"column":88}},"4":{"start":{"line":7,"column":0},"end":{"line":7,"column":51}},"5":{"start":{"line":8,"column":0},"end":{"line":8,"column":71}},"6":{"start":{"line":9,"column":0},"end":{"line":9,"column":80}},"7":{"start":{"line":13,"column":7},"end":{"line":51,"column":null}},"8":{"start":{"line":15,"column":54},"end":{"line":15,"column":84}},"9":{"start":{"line":16,"column":49},"end":{"line":16,"column":81}},"10":{"start":{"line":17,"column":46},"end":{"line":17,"column":60}},"11":{"start":{"line":21,"column":18},"end":{"line":21,"column":64}},"12":{"start":{"line":22,"column":4},"end":{"line":22,"column":23}},"13":{"start":{"line":22,"column":16},"end":{"line":22,"column":23}},"14":{"start":{"line":24,"column":4},"end":{"line":36,"column":5}},"15":{"start":{"line":25,"column":6},"end":{"line":31,"column":8}},"16":{"start":{"line":34,"column":9},"end":{"line":36,"column":5}},"17":{"start":{"line":35,"column":6},"end":{"line":35,"column":48}},"18":{"start":{"line":40,"column":4},"end":{"line":40,"column":40}},"19":{"start":{"line":44,"column":16},"end":{"line":44,"column":39}},"20":{"start":{"line":45,"column":4},"end":{"line":45,"column":34}},"21":{"start":{"line":46,"column":4},"end":{"line":46,"column":31}},"22":{"start":{"line":47,"column":4},"end":{"line":47,"column":27}},"23":{"start":{"line":49,"column":4},"end":{"line":49,"column":51}},"24":{"start":{"line":13,"column":13},"end":{"line":13,"column":40}},"25":{"start":{"line":13,"column":13},"end":{"line":51,"column":null}}},"fnMap":{"0":{"name":"(anonymous_4)","decl":{"start":{"line":14,"column":2},"end":{"line":14,"column":null}},"loc":{"start":{"line":17,"column":72},"end":{"line":18,"column":6}}},"1":{"name":"(anonymous_5)","decl":{"start":{"line":20,"column":2},"end":{"line":20,"column":7}},"loc":{"start":{"line":20,"column":42},"end":{"line":37,"column":3}}},"2":{"name":"(anonymous_6)","decl":{"start":{"line":39,"column":10},"end":{"line":39,"column":15}},"loc":{"start":{"line":39,"column":48},"end":{"line":41,"column":3}}},"3":{"name":"(anonymous_7)","decl":{"start":{"line":43,"column":10},"end":{"line":43,"column":15}},"loc":{"start":{"line":43,"column":48},"end":{"line":50,"column":3}}}},"branchMap":{"0":{"loc":{"start":{"line":22,"column":4},"end":{"line":22,"column":23}},"type":"if","locations":[{"start":{"line":22,"column":4},"end":{"line":22,"column":23}},{"start":{},"end":{}}]},"1":{"loc":{"start":{"line":24,"column":4},"end":{"line":36,"column":5}},"type":"if","locations":[{"start":{"line":24,"column":4},"end":{"line":36,"column":5}},{"start":{"line":34,"column":9},"end":{"line":36,"column":5}}]},"2":{"loc":{"start":{"line":34,"column":9},"end":{"line":36,"column":5}},"type":"if","locations":[{"start":{"line":34,"column":9},"end":{"line":36,"column":5}},{"start":{},"end":{}}]},"3":{"loc":{"start":{"line":17,"column":60},"end":{"line":17,"column":null}},"type":"cond-expr","locations":[{"start":{"line":17,"column":72},"end":{"line":17,"column":null}},{"start":{"line":17,"column":72},"end":{"line":17,"column":null}}]},"4":{"loc":{"start":{"line":17,"column":60},"end":{"line":17,"column":72}},"type":"binary-expr","locations":[{"start":{"line":17,"column":60},"end":{"line":17,"column":null}},{"start":{"line":17,"column":60},"end":{"line":17,"column":72}}]}},"s":{"0":0,"1":0,"2":0,"3":0,"4":0,"5":0,"6":0,"7":0,"8":0,"9":0,"10":0,"11":0,"12":0,"13":0,"14":0,"15":0,"16":0,"17":0,"18":0,"19":0,"20":0,"21":0,"22":0,"23":0,"24":0,"25":0},"f":{"0":0,"1":0,"2":0,"3":0},"b":{"0":[0,0],"1":[0,0],"2":[0,0],"3":[0,0],"4":[0,0]}}
,"/home/ssperanz/Documenti/swe/integrazione/MVP/microservices/warehouse/src/core/application/order/event-handlers/order-event-cloud-handler.ts": {"path":"/home/ssperanz/Documenti/swe/integrazione/MVP/microservices/warehouse/src/core/application/order/event-handlers/order-event-cloud-handler.ts","statementMap":{"0":{"start":{"line":1,"column":0},"end":{"line":1,"column":60}},"1":{"start":{"line":2,"column":0},"end":{"line":2,"column":40}},"2":{"start":{"line":3,"column":0},"end":{"line":3,"column":78}},"3":{"start":{"line":5,"column":0},"end":{"line":5,"column":88}},"4":{"start":{"line":6,"column":0},"end":{"line":6,"column":99}},"5":{"start":{"line":10,"column":7},"end":{"line":25,"column":null}},"6":{"start":{"line":15,"column":4},"end":{"line":15,"column":12}},"7":{"start":{"line":13,"column":21},"end":{"line":13,"column":56}},"8":{"start":{"line":19,"column":4},"end":{"line":19,"column":52}},"9":{"start":{"line":23,"column":4},"end":{"line":23,"column":57}},"10":{"start":{"line":10,"column":13},"end":{"line":10,"column":35}},"11":{"start":{"line":10,"column":13},"end":{"line":25,"column":null}}},"fnMap":{"0":{"name":"(anonymous_4)","decl":{"start":{"line":11,"column":2},"end":{"line":11,"column":null}},"loc":{"start":{"line":13,"column":56},"end":{"line":16,"column":3}}},"1":{"name":"(anonymous_5)","decl":{"start":{"line":18,"column":11},"end":{"line":18,"column":16}},"loc":{"start":{"line":18,"column":56},"end":{"line":20,"column":3}}},"2":{"name":"(anonymous_6)","decl":{"start":{"line":22,"column":11},"end":{"line":22,"column":16}},"loc":{"start":{"line":22,"column":66},"end":{"line":24,"column":3}}}},"branchMap":{},"s":{"0":0,"1":0,"2":0,"3":0,"4":0,"5":0,"6":0,"7":0,"8":0,"9":0,"10":0,"11":0},"f":{"0":0,"1":0,"2":0},"b":{}}
,"/home/ssperanz/Documenti/swe/integrazione/MVP/microservices/warehouse/src/core/application/order/event-handlers/order-event-destination-wh-handler.ts": {"path":"/home/ssperanz/Documenti/swe/integrazione/MVP/microservices/warehouse/src/core/application/order/event-handlers/order-event-destination-wh-handler.ts","statementMap":{"0":{"start":{"line":1,"column":0},"end":{"line":1,"column":60}},"1":{"start":{"line":2,"column":0},"end":{"line":2,"column":40}},"2":{"start":{"line":3,"column":0},"end":{"line":3,"column":78}},"3":{"start":{"line":5,"column":0},"end":{"line":5,"column":99}},"4":{"start":{"line":6,"column":0},"end":{"line":6,"column":88}},"5":{"start":{"line":10,"column":7},"end":{"line":25,"column":null}},"6":{"start":{"line":15,"column":4},"end":{"line":15,"column":12}},"7":{"start":{"line":13,"column":21},"end":{"line":13,"column":64}},"8":{"start":{"line":19,"column":4},"end":{"line":19,"column":52}},"9":{"start":{"line":23,"column":4},"end":{"line":23,"column":57}},"10":{"start":{"line":10,"column":13},"end":{"line":10,"column":43}},"11":{"start":{"line":10,"column":13},"end":{"line":25,"column":null}}},"fnMap":{"0":{"name":"(anonymous_4)","decl":{"start":{"line":11,"column":2},"end":{"line":11,"column":null}},"loc":{"start":{"line":13,"column":64},"end":{"line":16,"column":3}}},"1":{"name":"(anonymous_5)","decl":{"start":{"line":18,"column":11},"end":{"line":18,"column":16}},"loc":{"start":{"line":18,"column":56},"end":{"line":20,"column":3}}},"2":{"name":"(anonymous_6)","decl":{"start":{"line":22,"column":11},"end":{"line":22,"column":16}},"loc":{"start":{"line":22,"column":66},"end":{"line":24,"column":3}}}},"branchMap":{},"s":{"0":0,"1":0,"2":0,"3":0,"4":0,"5":0,"6":0,"7":0,"8":0,"9":0,"10":0,"11":0},"f":{"0":0,"1":0,"2":0},"b":{}}
,"/home/ssperanz/Documenti/swe/integrazione/MVP/microservices/warehouse/src/core/application/order/event-handlers/order-read-model-updater.ts": {"path":"/home/ssperanz/Documenti/swe/integrazione/MVP/microservices/warehouse/src/core/application/order/event-handlers/order-read-model-updater.ts","statementMap":{"0":{"start":{"line":1,"column":0},"end":{"line":1,"column":60}},"1":{"start":{"line":2,"column":0},"end":{"line":2,"column":40}},"2":{"start":{"line":3,"column":0},"end":{"line":3,"column":78}},"3":{"start":{"line":5,"column":0},"end":{"line":5,"column":88}},"4":{"start":{"line":6,"column":0},"end":{"line":6,"column":99}},"5":{"start":{"line":9,"column":7},"end":{"line":42,"column":null}},"6":{"start":{"line":14,"column":4},"end":{"line":14,"column":12}},"7":{"start":{"line":12,"column":21},"end":{"line":12,"column":61}},"8":{"start":{"line":19,"column":4},"end":{"line":32,"column":7}},"9":{"start":{"line":21,"column":47},"end":{"line":26,"column":8}},"10":{"start":{"line":36,"column":21},"end":{"line":36,"column":78}},"11":{"start":{"line":37,"column":4},"end":{"line":40,"column":5}},"12":{"start":{"line":38,"column":6},"end":{"line":38,"column":45}},"13":{"start":{"line":39,"column":6},"end":{"line":39,"column":49}},"14":{"start":{"line":9,"column":13},"end":{"line":9,"column":34}},"15":{"start":{"line":9,"column":13},"end":{"line":42,"column":null}}},"fnMap":{"0":{"name":"(anonymous_4)","decl":{"start":{"line":10,"column":2},"end":{"line":10,"column":null}},"loc":{"start":{"line":12,"column":61},"end":{"line":15,"column":3}}},"1":{"name":"(anonymous_5)","decl":{"start":{"line":17,"column":11},"end":{"line":17,"column":16}},"loc":{"start":{"line":17,"column":56},"end":{"line":33,"column":3}}},"2":{"name":"(anonymous_6)","decl":{"start":{"line":21,"column":39},"end":{"line":21,"column":40}},"loc":{"start":{"line":21,"column":47},"end":{"line":26,"column":8}}},"3":{"name":"(anonymous_7)","decl":{"start":{"line":35,"column":11},"end":{"line":35,"column":16}},"loc":{"start":{"line":35,"column":66},"end":{"line":41,"column":3}}}},"branchMap":{"0":{"loc":{"start":{"line":37,"column":4},"end":{"line":40,"column":5}},"type":"if","locations":[{"start":{"line":37,"column":4},"end":{"line":40,"column":5}},{"start":{},"end":{}}]}},"s":{"0":0,"1":0,"2":0,"3":0,"4":0,"5":0,"6":0,"7":0,"8":0,"9":0,"10":0,"11":0,"12":0,"13":0,"14":0,"15":0},"f":{"0":0,"1":0,"2":0,"3":0},"b":{"0":[0,0]}}
,"/home/ssperanz/Documenti/swe/integrazione/MVP/microservices/warehouse/src/core/application/order/event-handlers/order-validation-failed.handler.ts": {"path":"/home/ssperanz/Documenti/swe/integrazione/MVP/microservices/warehouse/src/core/application/order/event-handlers/order-validation-failed.handler.ts","statementMap":{"0":{"start":{"line":1,"column":0},"end":{"line":1,"column":60}},"1":{"start":{"line":2,"column":0},"end":{"line":2,"column":40}},"2":{"start":{"line":3,"column":0},"end":{"line":3,"column":88}},"3":{"start":{"line":7,"column":7},"end":{"line":22,"column":null}},"4":{"start":{"line":10,"column":21},"end":{"line":10,"column":71}},"5":{"start":{"line":14,"column":4},"end":{"line":20,"column":6}},"6":{"start":{"line":7,"column":13},"end":{"line":7,"column":41}},"7":{"start":{"line":7,"column":13},"end":{"line":22,"column":null}}},"fnMap":{"0":{"name":"(anonymous_4)","decl":{"start":{"line":8,"column":2},"end":{"line":8,"column":null}},"loc":{"start":{"line":10,"column":71},"end":{"line":11,"column":6}}},"1":{"name":"(anonymous_5)","decl":{"start":{"line":13,"column":2},"end":{"line":13,"column":7}},"loc":{"start":{"line":13,"column":48},"end":{"line":21,"column":3}}}},"branchMap":{},"s":{"0":0,"1":0,"2":0,"3":0,"4":0,"5":0,"6":0,"7":0},"f":{"0":0,"1":0},"b":{}}
,"/home/ssperanz/Documenti/swe/integrazione/MVP/microservices/warehouse/src/core/application/order/event-handlers/update-order-state.handler.ts": {"path":"/home/ssperanz/Documenti/swe/integrazione/MVP/microservices/warehouse/src/core/application/order/event-handlers/update-order-state.handler.ts","statementMap":{"0":{"start":{"line":1,"column":0},"end":{"line":1,"column":60}},"1":{"start":{"line":2,"column":0},"end":{"line":2,"column":40}},"2":{"start":{"line":4,"column":0},"end":{"line":4,"column":106}},"3":{"start":{"line":5,"column":0},"end":{"line":5,"column":106}},"4":{"start":{"line":6,"column":0},"end":{"line":6,"column":129}},"5":{"start":{"line":7,"column":0},"end":{"line":7,"column":73}},"6":{"start":{"line":8,"column":0},"end":{"line":8,"column":88}},"7":{"start":{"line":9,"column":0},"end":{"line":9,"column":75}},"8":{"start":{"line":10,"column":0},"end":{"line":10,"column":84}},"9":{"start":{"line":11,"column":0},"end":{"line":11,"column":73}},"10":{"start":{"line":12,"column":0},"end":{"line":12,"column":71}},"11":{"start":{"line":13,"column":0},"end":{"line":13,"column":96}},"12":{"start":{"line":24,"column":7},"end":{"line":120,"column":null}},"13":{"start":{"line":26,"column":49},"end":{"line":26,"column":81}},"14":{"start":{"line":30,"column":4},"end":{"line":30,"column":90}},"15":{"start":{"line":30,"column":50},"end":{"line":30,"column":90}},"16":{"start":{"line":31,"column":4},"end":{"line":31,"column":90}},"17":{"start":{"line":31,"column":50},"end":{"line":31,"column":90}},"18":{"start":{"line":32,"column":4},"end":{"line":32,"column":106}},"19":{"start":{"line":32,"column":61},"end":{"line":32,"column":106}},"20":{"start":{"line":33,"column":4},"end":{"line":33,"column":85}},"21":{"start":{"line":33,"column":47},"end":{"line":33,"column":85}},"22":{"start":{"line":34,"column":4},"end":{"line":34,"column":82}},"23":{"start":{"line":34,"column":46},"end":{"line":34,"column":82}},"24":{"start":{"line":35,"column":4},"end":{"line":35,"column":96}},"25":{"start":{"line":35,"column":53},"end":{"line":35,"column":96}},"26":{"start":{"line":36,"column":4},"end":{"line":36,"column":84}},"27":{"start":{"line":36,"column":47},"end":{"line":36,"column":84}},"28":{"start":{"line":37,"column":4},"end":{"line":37,"column":92}},"29":{"start":{"line":37,"column":51},"end":{"line":37,"column":92}},"30":{"start":{"line":38,"column":4},"end":{"line":38,"column":82}},"31":{"start":{"line":38,"column":46},"end":{"line":38,"column":82}},"32":{"start":{"line":39,"column":4},"end":{"line":39,"column":80}},"33":{"start":{"line":39,"column":45},"end":{"line":39,"column":80}},"34":{"start":{"line":43,"column":18},"end":{"line":43,"column":66}},"35":{"start":{"line":44,"column":4},"end":{"line":47,"column":5}},"36":{"start":{"line":45,"column":6},"end":{"line":45,"column":30}},"37":{"start":{"line":46,"column":6},"end":{"line":46,"column":45}},"38":{"start":{"line":51,"column":18},"end":{"line":51,"column":60}},"39":{"start":{"line":52,"column":4},"end":{"line":55,"column":5}},"40":{"start":{"line":53,"column":6},"end":{"line":53,"column":29}},"41":{"start":{"line":54,"column":6},"end":{"line":54,"column":45}},"42":{"start":{"line":59,"column":22},"end":{"line":59,"column":70}},"43":{"start":{"line":60,"column":4},"end":{"line":63,"column":5}},"44":{"start":{"line":61,"column":6},"end":{"line":61,"column":31}},"45":{"start":{"line":62,"column":6},"end":{"line":62,"column":45}},"46":{"start":{"line":67,"column":18},"end":{"line":67,"column":60}},"47":{"start":{"line":68,"column":4},"end":{"line":71,"column":5}},"48":{"start":{"line":69,"column":6},"end":{"line":69,"column":32}},"49":{"start":{"line":70,"column":6},"end":{"line":70,"column":45}},"50":{"start":{"line":75,"column":18},"end":{"line":75,"column":60}},"51":{"start":{"line":76,"column":4},"end":{"line":79,"column":5}},"52":{"start":{"line":77,"column":6},"end":{"line":77,"column":31}},"53":{"start":{"line":78,"column":6},"end":{"line":78,"column":45}},"54":{"start":{"line":82,"column":18},"end":{"line":82,"column":60}},"55":{"start":{"line":83,"column":4},"end":{"line":86,"column":5}},"56":{"start":{"line":84,"column":6},"end":{"line":84,"column":31}},"57":{"start":{"line":85,"column":6},"end":{"line":85,"column":45}},"58":{"start":{"line":90,"column":18},"end":{"line":90,"column":60}},"59":{"start":{"line":91,"column":4},"end":{"line":94,"column":5}},"60":{"start":{"line":92,"column":6},"end":{"line":92,"column":30}},"61":{"start":{"line":93,"column":6},"end":{"line":93,"column":45}},"62":{"start":{"line":98,"column":18},"end":{"line":98,"column":60}},"63":{"start":{"line":99,"column":4},"end":{"line":102,"column":5}},"64":{"start":{"line":100,"column":6},"end":{"line":100,"column":30}},"65":{"start":{"line":101,"column":6},"end":{"line":101,"column":45}},"66":{"start":{"line":106,"column":18},"end":{"line":106,"column":66}},"67":{"start":{"line":107,"column":4},"end":{"line":110,"column":5}},"68":{"start":{"line":108,"column":6},"end":{"line":108,"column":30}},"69":{"start":{"line":109,"column":6},"end":{"line":109,"column":45}},"70":{"start":{"line":114,"column":18},"end":{"line":114,"column":60}},"71":{"start":{"line":115,"column":4},"end":{"line":118,"column":5}},"72":{"start":{"line":116,"column":6},"end":{"line":116,"column":29}},"73":{"start":{"line":117,"column":6},"end":{"line":117,"column":45}},"74":{"start":{"line":24,"column":13},"end":{"line":24,"column":36}},"75":{"start":{"line":24,"column":13},"end":{"line":120,"column":null}}},"fnMap":{"0":{"name":"(anonymous_4)","decl":{"start":{"line":25,"column":2},"end":{"line":25,"column":null}},"loc":{"start":{"line":26,"column":81},"end":{"line":27,"column":6}}},"1":{"name":"(anonymous_5)","decl":{"start":{"line":29,"column":2},"end":{"line":29,"column":7}},"loc":{"start":{"line":29,"column":56},"end":{"line":40,"column":3}}},"2":{"name":"(anonymous_6)","decl":{"start":{"line":42,"column":10},"end":{"line":42,"column":15}},"loc":{"start":{"line":42,"column":63},"end":{"line":48,"column":3}}},"3":{"name":"(anonymous_7)","decl":{"start":{"line":50,"column":10},"end":{"line":50,"column":15}},"loc":{"start":{"line":50,"column":58},"end":{"line":56,"column":3}}},"4":{"name":"(anonymous_8)","decl":{"start":{"line":58,"column":10},"end":{"line":58,"column":15}},"loc":{"start":{"line":58,"column":63},"end":{"line":64,"column":3}}},"5":{"name":"(anonymous_9)","decl":{"start":{"line":66,"column":10},"end":{"line":66,"column":15}},"loc":{"start":{"line":66,"column":55},"end":{"line":72,"column":3}}},"6":{"name":"(anonymous_10)","decl":{"start":{"line":74,"column":10},"end":{"line":74,"column":15}},"loc":{"start":{"line":74,"column":69},"end":{"line":79,"column":8}}},"7":{"name":"(anonymous_11)","decl":{"start":{"line":81,"column":10},"end":{"line":81,"column":15}},"loc":{"start":{"line":81,"column":57},"end":{"line":87,"column":3}}},"8":{"name":"(anonymous_12)","decl":{"start":{"line":89,"column":10},"end":{"line":89,"column":15}},"loc":{"start":{"line":89,"column":65},"end":{"line":95,"column":3}}},"9":{"name":"(anonymous_13)","decl":{"start":{"line":97,"column":10},"end":{"line":97,"column":15}},"loc":{"start":{"line":97,"column":55},"end":{"line":103,"column":3}}},"10":{"name":"(anonymous_14)","decl":{"start":{"line":105,"column":10},"end":{"line":105,"column":15}},"loc":{"start":{"line":105,"column":79},"end":{"line":111,"column":3}}},"11":{"name":"(anonymous_15)","decl":{"start":{"line":113,"column":10},"end":{"line":113,"column":15}},"loc":{"start":{"line":113,"column":53},"end":{"line":119,"column":3}}}},"branchMap":{"0":{"loc":{"start":{"line":30,"column":4},"end":{"line":30,"column":90}},"type":"if","locations":[{"start":{"line":30,"column":4},"end":{"line":30,"column":90}},{"start":{},"end":{}}]},"1":{"loc":{"start":{"line":31,"column":4},"end":{"line":31,"column":90}},"type":"if","locations":[{"start":{"line":31,"column":4},"end":{"line":31,"column":90}},{"start":{},"end":{}}]},"2":{"loc":{"start":{"line":32,"column":4},"end":{"line":32,"column":106}},"type":"if","locations":[{"start":{"line":32,"column":4},"end":{"line":32,"column":106}},{"start":{},"end":{}}]},"3":{"loc":{"start":{"line":33,"column":4},"end":{"line":33,"column":85}},"type":"if","locations":[{"start":{"line":33,"column":4},"end":{"line":33,"column":85}},{"start":{},"end":{}}]},"4":{"loc":{"start":{"line":34,"column":4},"end":{"line":34,"column":82}},"type":"if","locations":[{"start":{"line":34,"column":4},"end":{"line":34,"column":82}},{"start":{},"end":{}}]},"5":{"loc":{"start":{"line":35,"column":4},"end":{"line":35,"column":96}},"type":"if","locations":[{"start":{"line":35,"column":4},"end":{"line":35,"column":96}},{"start":{},"end":{}}]},"6":{"loc":{"start":{"line":36,"column":4},"end":{"line":36,"column":84}},"type":"if","locations":[{"start":{"line":36,"column":4},"end":{"line":36,"column":84}},{"start":{},"end":{}}]},"7":{"loc":{"start":{"line":37,"column":4},"end":{"line":37,"column":92}},"type":"if","locations":[{"start":{"line":37,"column":4},"end":{"line":37,"column":92}},{"start":{},"end":{}}]},"8":{"loc":{"start":{"line":38,"column":4},"end":{"line":38,"column":82}},"type":"if","locations":[{"start":{"line":38,"column":4},"end":{"line":38,"column":82}},{"start":{},"end":{}}]},"9":{"loc":{"start":{"line":39,"column":4},"end":{"line":39,"column":80}},"type":"if","locations":[{"start":{"line":39,"column":4},"end":{"line":39,"column":80}},{"start":{},"end":{}}]},"10":{"loc":{"start":{"line":44,"column":4},"end":{"line":47,"column":5}},"type":"if","locations":[{"start":{"line":44,"column":4},"end":{"line":47,"column":5}},{"start":{},"end":{}}]},"11":{"loc":{"start":{"line":52,"column":4},"end":{"line":55,"column":5}},"type":"if","locations":[{"start":{"line":52,"column":4},"end":{"line":55,"column":5}},{"start":{},"end":{}}]},"12":{"loc":{"start":{"line":60,"column":4},"end":{"line":63,"column":5}},"type":"if","locations":[{"start":{"line":60,"column":4},"end":{"line":63,"column":5}},{"start":{},"end":{}}]},"13":{"loc":{"start":{"line":68,"column":4},"end":{"line":71,"column":5}},"type":"if","locations":[{"start":{"line":68,"column":4},"end":{"line":71,"column":5}},{"start":{},"end":{}}]},"14":{"loc":{"start":{"line":76,"column":4},"end":{"line":79,"column":5}},"type":"if","locations":[{"start":{"line":76,"column":4},"end":{"line":79,"column":5}},{"start":{},"end":{}}]},"15":{"loc":{"start":{"line":83,"column":4},"end":{"line":86,"column":5}},"type":"if","locations":[{"start":{"line":83,"column":4},"end":{"line":86,"column":5}},{"start":{},"end":{}}]},"16":{"loc":{"start":{"line":91,"column":4},"end":{"line":94,"column":5}},"type":"if","locations":[{"start":{"line":91,"column":4},"end":{"line":94,"column":5}},{"start":{},"end":{}}]},"17":{"loc":{"start":{"line":99,"column":4},"end":{"line":102,"column":5}},"type":"if","locations":[{"start":{"line":99,"column":4},"end":{"line":102,"column":5}},{"start":{},"end":{}}]},"18":{"loc":{"start":{"line":107,"column":4},"end":{"line":110,"column":5}},"type":"if","locations":[{"start":{"line":107,"column":4},"end":{"line":110,"column":5}},{"start":{},"end":{}}]},"19":{"loc":{"start":{"line":115,"column":4},"end":{"line":118,"column":5}},"type":"if","locations":[{"start":{"line":115,"column":4},"end":{"line":118,"column":5}},{"start":{},"end":{}}]}},"s":{"0":0,"1":0,"2":0,"3":0,"4":0,"5":0,"6":0,"7":0,"8":0,"9":0,"10":0,"11":0,"12":0,"13":0,"14":0,"15":0,"16":0,"17":0,"18":0,"19":0,"20":0,"21":0,"22":0,"23":0,"24":0,"25":0,"26":0,"27":0,"28":0,"29":0,"30":0,"31":0,"32":0,"33":0,"34":0,"35":0,"36":0,"37":0,"38":0,"39":0,"40":0,"41":0,"42":0,"43":0,"44":0,"45":0,"46":0,"47":0,"48":0,"49":0,"50":0,"51":0,"52":0,"53":0,"54":0,"55":0,"56":0,"57":0,"58":0,"59":0,"60":0,"61":0,"62":0,"63":0,"64":0,"65":0,"66":0,"67":0,"68":0,"69":0,"70":0,"71":0,"72":0,"73":0,"74":0,"75":0},"f":{"0":0,"1":0,"2":0,"3":0,"4":0,"5":0,"6":0,"7":0,"8":0,"9":0,"10":0,"11":0},"b":{"0":[0,0],"1":[0,0],"2":[0,0],"3":[0,0],"4":[0,0],"5":[0,0],"6":[0,0],"7":[0,0],"8":[0,0],"9":[0,0],"10":[0,0],"11":[0,0],"12":[0,0],"13":[0,0],"14":[0,0],"15":[0,0],"16":[0,0],"17":[0,0],"18":[0,0],"19":[0,0]}}
,"/home/ssperanz/Documenti/swe/integrazione/MVP/microservices/warehouse/src/core/application/order/events/order-canceled.event.ts": {"path":"/home/ssperanz/Documenti/swe/integrazione/MVP/microservices/warehouse/src/core/application/order/events/order-canceled.event.ts","statementMap":{"0":{"start":{"line":2,"column":0},"end":{"line":2,"column":94}},"1":{"start":{"line":6,"column":4},"end":{"line":6,"column":19}},"2":{"start":{"line":5,"column":30},"end":{"line":5,"column":46}},"3":{"start":{"line":4,"column":0},"end":{"line":4,"column":13}}},"fnMap":{"0":{"name":"(anonymous_0)","decl":{"start":{"line":5,"column":2},"end":{"line":5,"column":30}},"loc":{"start":{"line":5,"column":46},"end":{"line":7,"column":3}}}},"branchMap":{},"s":{"0":0,"1":0,"2":0,"3":0},"f":{"0":0},"b":{}}
,"/home/ssperanz/Documenti/swe/integrazione/MVP/microservices/warehouse/src/core/application/order/events/order-delivered.event.ts": {"path":"/home/ssperanz/Documenti/swe/integrazione/MVP/microservices/warehouse/src/core/application/order/events/order-delivered.event.ts","statementMap":{"0":{"start":{"line":1,"column":0},"end":{"line":1,"column":97}},"1":{"start":{"line":6,"column":4},"end":{"line":6,"column":19}},"2":{"start":{"line":5,"column":30},"end":{"line":5,"column":46}},"3":{"start":{"line":4,"column":0},"end":{"line":4,"column":13}}},"fnMap":{"0":{"name":"(anonymous_0)","decl":{"start":{"line":5,"column":2},"end":{"line":5,"column":30}},"loc":{"start":{"line":5,"column":46},"end":{"line":7,"column":3}}}},"branchMap":{},"s":{"0":0,"1":0,"2":0,"3":0},"f":{"0":0},"b":{}}
,"/home/ssperanz/Documenti/swe/integrazione/MVP/microservices/warehouse/src/core/application/order/events/order-dispatch-failed.event.ts": {"path":"/home/ssperanz/Documenti/swe/integrazione/MVP/microservices/warehouse/src/core/application/order/events/order-dispatch-failed.event.ts","statementMap":{"0":{"start":{"line":2,"column":0},"end":{"line":2,"column":97}},"1":{"start":{"line":6,"column":4},"end":{"line":6,"column":19}},"2":{"start":{"line":5,"column":30},"end":{"line":5,"column":46}},"3":{"start":{"line":5,"column":64},"end":{"line":5,"column":78}},"4":{"start":{"line":7,"column":4},"end":{"line":7,"column":25}},"5":{"start":{"line":4,"column":0},"end":{"line":4,"column":13}}},"fnMap":{"0":{"name":"(anonymous_0)","decl":{"start":{"line":5,"column":2},"end":{"line":5,"column":30}},"loc":{"start":{"line":5,"column":78},"end":{"line":8,"column":3}}}},"branchMap":{},"s":{"0":0,"1":0,"2":0,"3":0,"4":0,"5":0},"f":{"0":0},"b":{}}
,"/home/ssperanz/Documenti/swe/integrazione/MVP/microservices/warehouse/src/core/application/order/events/order-dispatched.event.ts": {"path":"/home/ssperanz/Documenti/swe/integrazione/MVP/microservices/warehouse/src/core/application/order/events/order-dispatched.event.ts","statementMap":{"0":{"start":{"line":2,"column":0},"end":{"line":2,"column":97}},"1":{"start":{"line":11,"column":4},"end":{"line":11,"column":19}},"2":{"start":{"line":7,"column":20},"end":{"line":7,"column":36}},"3":{"start":{"line":8,"column":20},"end":{"line":8,"column":36}},"4":{"start":{"line":9,"column":20},"end":{"line":9,"column":42}},"5":{"start":{"line":4,"column":0},"end":{"line":4,"column":13}}},"fnMap":{"0":{"name":"(anonymous_0)","decl":{"start":{"line":6,"column":2},"end":{"line":6,"column":null}},"loc":{"start":{"line":9,"column":42},"end":{"line":12,"column":3}}}},"branchMap":{},"s":{"0":0,"1":0,"2":0,"3":0,"4":0,"5":0},"f":{"0":0},"b":{}}
,"/home/ssperanz/Documenti/swe/integrazione/MVP/microservices/warehouse/src/core/application/order/events/order-validated.event.ts": {"path":"/home/ssperanz/Documenti/swe/integrazione/MVP/microservices/warehouse/src/core/application/order/events/order-validated.event.ts","statementMap":{"0":{"start":{"line":1,"column":0},"end":{"line":1,"column":94}},"1":{"start":{"line":6,"column":4},"end":{"line":6,"column":19}},"2":{"start":{"line":5,"column":30},"end":{"line":5,"column":46}},"3":{"start":{"line":4,"column":0},"end":{"line":4,"column":13}}},"fnMap":{"0":{"name":"(anonymous_0)","decl":{"start":{"line":5,"column":2},"end":{"line":5,"column":30}},"loc":{"start":{"line":5,"column":46},"end":{"line":7,"column":3}}}},"branchMap":{},"s":{"0":0,"1":0,"2":0,"3":0},"f":{"0":0},"b":{}}
,"/home/ssperanz/Documenti/swe/integrazione/MVP/microservices/warehouse/src/core/application/order/events/order-validation-failed.event.ts": {"path":"/home/ssperanz/Documenti/swe/integrazione/MVP/microservices/warehouse/src/core/application/order/events/order-validation-failed.event.ts","statementMap":{"0":{"start":{"line":1,"column":0},"end":{"line":1,"column":94}},"1":{"start":{"line":11,"column":4},"end":{"line":11,"column":19}},"2":{"start":{"line":8,"column":20},"end":{"line":8,"column":36}},"3":{"start":{"line":9,"column":20},"end":{"line":9,"column":80}},"4":{"start":{"line":4,"column":0},"end":{"line":4,"column":13}}},"fnMap":{"0":{"name":"(anonymous_0)","decl":{"start":{"line":7,"column":2},"end":{"line":7,"column":null}},"loc":{"start":{"line":9,"column":80},"end":{"line":12,"column":3}}}},"branchMap":{},"s":{"0":0,"1":0,"2":0,"3":0,"4":0},"f":{"0":0},"b":{}}
,"/home/ssperanz/Documenti/swe/integrazione/MVP/microservices/warehouse/src/core/application/order/events/replenishment-delivered.event.ts": {"path":"/home/ssperanz/Documenti/swe/integrazione/MVP/microservices/warehouse/src/core/application/order/events/replenishment-delivered.event.ts","statementMap":{"0":{"start":{"line":1,"column":0},"end":{"line":1,"column":97}},"1":{"start":{"line":10,"column":4},"end":{"line":10,"column":27}},"2":{"start":{"line":7,"column":20},"end":{"line":7,"column":44}},"3":{"start":{"line":8,"column":20},"end":{"line":8,"column":43}},"4":{"start":{"line":9,"column":20},"end":{"line":9,"column":51}},"5":{"start":{"line":11,"column":4},"end":{"line":11,"column":41}},"6":{"start":{"line":12,"column":4},"end":{"line":12,"column":45}},"7":{"start":{"line":5,"column":0},"end":{"line":5,"column":13}}},"fnMap":{"0":{"name":"(anonymous_0)","decl":{"start":{"line":6,"column":2},"end":{"line":6,"column":null}},"loc":{"start":{"line":9,"column":51},"end":{"line":13,"column":3}}}},"branchMap":{},"s":{"0":0,"1":0,"2":0,"3":0,"4":0,"5":0,"6":0,"7":0},"f":{"0":0},"b":{}}
,"/home/ssperanz/Documenti/swe/integrazione/MVP/microservices/warehouse/src/core/application/order/ports/dispatch-notifier.port.ts": {"path":"/home/ssperanz/Documenti/swe/integrazione/MVP/microservices/warehouse/src/core/application/order/ports/dispatch-notifier.port.ts","statementMap":{"0":{"start":{"line":3,"column":13},"end":{"line":3,"column":74}}},"fnMap":{},"branchMap":{},"s":{"0":0},"f":{},"b":{}}
,"/home/ssperanz/Documenti/swe/integrazione/MVP/microservices/warehouse/src/core/application/order/ports/inbound-order-event-listener.port.ts": {"path":"/home/ssperanz/Documenti/swe/integrazione/MVP/microservices/warehouse/src/core/application/order/ports/inbound-order-event-listener.port.ts","statementMap":{"0":{"start":{"line":5,"column":13},"end":{"line":5,"column":92}}},"fnMap":{},"branchMap":{},"s":{"0":0},"f":{},"b":{}}
,"/home/ssperanz/Documenti/swe/integrazione/MVP/microservices/warehouse/src/core/application/order/ports/order-event-cloud-publisher.port.ts": {"path":"/home/ssperanz/Documenti/swe/integrazione/MVP/microservices/warehouse/src/core/application/order/ports/order-event-cloud-publisher.port.ts","statementMap":{"0":{"start":{"line":3,"column":13},"end":{"line":3,"column":82}}},"fnMap":{},"branchMap":{},"s":{"0":0},"f":{},"b":{}}
,"/home/ssperanz/Documenti/swe/integrazione/MVP/microservices/warehouse/src/core/application/order/ports/order-event-destination-wh-publisher.port.ts": {"path":"/home/ssperanz/Documenti/swe/integrazione/MVP/microservices/warehouse/src/core/application/order/ports/order-event-destination-wh-publisher.port.ts","statementMap":{"0":{"start":{"line":3,"column":13},"end":{"line":3,"column":98}}},"fnMap":{},"branchMap":{},"s":{"0":0},"f":{},"b":{}}
,"/home/ssperanz/Documenti/swe/integrazione/MVP/microservices/warehouse/src/core/application/order/ports/order-read-model.repository.interface.ts": {"path":"/home/ssperanz/Documenti/swe/integrazione/MVP/microservices/warehouse/src/core/application/order/ports/order-read-model.repository.interface.ts","statementMap":{"0":{"start":{"line":1,"column":13},"end":{"line":1,"column":82}}},"fnMap":{},"branchMap":{},"s":{"0":0},"f":{},"b":{}}
,"/home/ssperanz/Documenti/swe/integrazione/MVP/microservices/warehouse/src/core/application/order/ports/order.repository.interface.ts": {"path":"/home/ssperanz/Documenti/swe/integrazione/MVP/microservices/warehouse/src/core/application/order/ports/order.repository.interface.ts","statementMap":{"0":{"start":{"line":4,"column":13},"end":{"line":4,"column":64}}},"fnMap":{},"branchMap":{},"s":{"0":0},"f":{},"b":{}}
,"/home/ssperanz/Documenti/swe/integrazione/MVP/microservices/warehouse/src/core/application/order/ports/replenishment-request.port.ts": {"path":"/home/ssperanz/Documenti/swe/integrazione/MVP/microservices/warehouse/src/core/application/order/ports/replenishment-request.port.ts","statementMap":{"0":{"start":{"line":3,"column":13},"end":{"line":3,"column":82}}},"fnMap":{},"branchMap":{},"s":{"0":0},"f":{},"b":{}}
,"/home/ssperanz/Documenti/swe/integrazione/MVP/microservices/warehouse/src/core/application/order/use-cases/command/cancel-order.command.ts": {"path":"/home/ssperanz/Documenti/swe/integrazione/MVP/microservices/warehouse/src/core/application/order/use-cases/command/cancel-order.command.ts","statementMap":{"0":{"start":{"line":1,"column":0},"end":{"line":1,"column":39}},"1":{"start":{"line":6,"column":4},"end":{"line":6,"column":12}},"2":{"start":{"line":5,"column":30},"end":{"line":5,"column":46}},"3":{"start":{"line":4,"column":0},"end":{"line":4,"column":13}}},"fnMap":{"0":{"name":"(anonymous_0)","decl":{"start":{"line":5,"column":2},"end":{"line":5,"column":30}},"loc":{"start":{"line":5,"column":46},"end":{"line":7,"column":3}}}},"branchMap":{},"s":{"0":0,"1":0,"2":0,"3":0},"f":{"0":0},"b":{}}
,"/home/ssperanz/Documenti/swe/integrazione/MVP/microservices/warehouse/src/core/application/order/use-cases/command/create-order.command.ts": {"path":"/home/ssperanz/Documenti/swe/integrazione/MVP/microservices/warehouse/src/core/application/order/use-cases/command/create-order.command.ts","statementMap":{"0":{"start":{"line":1,"column":0},"end":{"line":1,"column":39}},"1":{"start":{"line":11,"column":4},"end":{"line":11,"column":12}},"2":{"start":{"line":5,"column":20},"end":{"line":5,"column":37}},"3":{"start":{"line":6,"column":20},"end":{"line":6,"column":68}},"4":{"start":{"line":7,"column":20},"end":{"line":7,"column":44}},"5":{"start":{"line":8,"column":20},"end":{"line":8,"column":129}},"6":{"start":{"line":9,"column":20},"end":{"line":9,"column":49}},"7":{"start":{"line":3,"column":0},"end":{"line":3,"column":13}}},"fnMap":{"0":{"name":"(anonymous_0)","decl":{"start":{"line":4,"column":2},"end":{"line":4,"column":null}},"loc":{"start":{"line":9,"column":49},"end":{"line":12,"column":3}}}},"branchMap":{},"s":{"0":0,"1":0,"2":0,"3":0,"4":0,"5":0,"6":0,"7":0},"f":{"0":0},"b":{}}
,"/home/ssperanz/Documenti/swe/integrazione/MVP/microservices/warehouse/src/core/application/order/use-cases/command/deliver-order.command.ts": {"path":"/home/ssperanz/Documenti/swe/integrazione/MVP/microservices/warehouse/src/core/application/order/use-cases/command/deliver-order.command.ts","statementMap":{"0":{"start":{"line":1,"column":0},"end":{"line":1,"column":39}},"1":{"start":{"line":6,"column":4},"end":{"line":6,"column":12}},"2":{"start":{"line":5,"column":30},"end":{"line":5,"column":46}},"3":{"start":{"line":4,"column":0},"end":{"line":4,"column":13}}},"fnMap":{"0":{"name":"(anonymous_0)","decl":{"start":{"line":5,"column":2},"end":{"line":5,"column":30}},"loc":{"start":{"line":5,"column":46},"end":{"line":7,"column":3}}}},"branchMap":{},"s":{"0":0,"1":0,"2":0,"3":0},"f":{"0":0},"b":{}}
,"/home/ssperanz/Documenti/swe/integrazione/MVP/microservices/warehouse/src/core/application/order/use-cases/command/dispatch-order.command.ts": {"path":"/home/ssperanz/Documenti/swe/integrazione/MVP/microservices/warehouse/src/core/application/order/use-cases/command/dispatch-order.command.ts","statementMap":{"0":{"start":{"line":1,"column":0},"end":{"line":1,"column":39}},"1":{"start":{"line":5,"column":4},"end":{"line":5,"column":12}},"2":{"start":{"line":4,"column":30},"end":{"line":4,"column":45}},"3":{"start":{"line":3,"column":0},"end":{"line":3,"column":13}}},"fnMap":{"0":{"name":"(anonymous_0)","decl":{"start":{"line":4,"column":2},"end":{"line":4,"column":30}},"loc":{"start":{"line":4,"column":45},"end":{"line":6,"column":3}}}},"branchMap":{},"s":{"0":0,"1":0,"2":0,"3":0},"f":{"0":0},"b":{}}
,"/home/ssperanz/Documenti/swe/integrazione/MVP/microservices/warehouse/src/core/application/order/use-cases/command/update-order-state.command.ts": {"path":"/home/ssperanz/Documenti/swe/integrazione/MVP/microservices/warehouse/src/core/application/order/use-cases/command/update-order-state.command.ts","statementMap":{"0":{"start":{"line":1,"column":0},"end":{"line":1,"column":39}},"1":{"start":{"line":7,"column":4},"end":{"line":7,"column":12}},"2":{"start":{"line":6,"column":30},"end":{"line":6,"column":46}},"3":{"start":{"line":6,"column":64},"end":{"line":6,"column":84}},"4":{"start":{"line":5,"column":0},"end":{"line":5,"column":13}}},"fnMap":{"0":{"name":"(anonymous_0)","decl":{"start":{"line":6,"column":2},"end":{"line":6,"column":30}},"loc":{"start":{"line":6,"column":84},"end":{"line":8,"column":3}}}},"branchMap":{},"s":{"0":0,"1":0,"2":0,"3":0,"4":0},"f":{"0":0},"b":{}}
,"/home/ssperanz/Documenti/swe/integrazione/MVP/microservices/warehouse/src/core/application/order/use-cases/command/validate-order.command.ts": {"path":"/home/ssperanz/Documenti/swe/integrazione/MVP/microservices/warehouse/src/core/application/order/use-cases/command/validate-order.command.ts","statementMap":{"0":{"start":{"line":1,"column":0},"end":{"line":1,"column":39}},"1":{"start":{"line":6,"column":4},"end":{"line":6,"column":12}},"2":{"start":{"line":5,"column":30},"end":{"line":5,"column":46}},"3":{"start":{"line":4,"column":0},"end":{"line":4,"column":13}}},"fnMap":{"0":{"name":"(anonymous_0)","decl":{"start":{"line":5,"column":2},"end":{"line":5,"column":30}},"loc":{"start":{"line":5,"column":46},"end":{"line":7,"column":3}}}},"branchMap":{},"s":{"0":0,"1":0,"2":0,"3":0},"f":{"0":0},"b":{}}
,"/home/ssperanz/Documenti/swe/integrazione/MVP/microservices/warehouse/src/core/application/order/use-cases/command/handlers/cancel-order.handler.ts": {"path":"/home/ssperanz/Documenti/swe/integrazione/MVP/microservices/warehouse/src/core/application/order/use-cases/command/handlers/cancel-order.handler.ts","statementMap":{"0":{"start":{"line":1,"column":0},"end":{"line":1,"column":73}},"1":{"start":{"line":2,"column":0},"end":{"line":2,"column":40}},"2":{"start":{"line":3,"column":0},"end":{"line":3,"column":64}},"3":{"start":{"line":5,"column":0},"end":{"line":5,"column":129}},"4":{"start":{"line":8,"column":7},"end":{"line":23,"column":null}},"5":{"start":{"line":10,"column":55},"end":{"line":10,"column":99}},"6":{"start":{"line":11,"column":12},"end":{"line":11,"column":22}},"7":{"start":{"line":15,"column":24},"end":{"line":15,"column":78}},"8":{"start":{"line":16,"column":4},"end":{"line":18,"column":5}},"9":{"start":{"line":17,"column":6},"end":{"line":17,"column":87}},"10":{"start":{"line":19,"column":29},"end":{"line":19,"column":59}},"11":{"start":{"line":20,"column":4},"end":{"line":20,"column":55}},"12":{"start":{"line":21,"column":4},"end":{"line":21,"column":101}},"13":{"start":{"line":8,"column":13},"end":{"line":8,"column":38}},"14":{"start":{"line":8,"column":13},"end":{"line":23,"column":null}}},"fnMap":{"0":{"name":"(anonymous_4)","decl":{"start":{"line":9,"column":2},"end":{"line":9,"column":null}},"loc":{"start":{"line":11,"column":30},"end":{"line":12,"column":6}}},"1":{"name":"(anonymous_5)","decl":{"start":{"line":14,"column":2},"end":{"line":14,"column":7}},"loc":{"start":{"line":14,"column":43},"end":{"line":22,"column":3}}}},"branchMap":{"0":{"loc":{"start":{"line":16,"column":4},"end":{"line":18,"column":5}},"type":"if","locations":[{"start":{"line":16,"column":4},"end":{"line":18,"column":5}},{"start":{},"end":{}}]},"1":{"loc":{"start":{"line":11,"column":22},"end":{"line":11,"column":null}},"type":"cond-expr","locations":[{"start":{"line":11,"column":30},"end":{"line":11,"column":null}},{"start":{"line":11,"column":30},"end":{"line":11,"column":null}}]},"2":{"loc":{"start":{"line":11,"column":22},"end":{"line":11,"column":30}},"type":"binary-expr","locations":[{"start":{"line":11,"column":22},"end":{"line":11,"column":null}},{"start":{"line":11,"column":22},"end":{"line":11,"column":30}}]}},"s":{"0":0,"1":0,"2":0,"3":0,"4":0,"5":0,"6":0,"7":0,"8":0,"9":0,"10":0,"11":0,"12":0,"13":0,"14":0},"f":{"0":0,"1":0},"b":{"0":[0,0],"1":[0,0],"2":[0,0]}}
[...]
,"/home/ssperanz/Documenti/swe/integrazione/MVP/microservices/warehouse/src/shared/domain/value-objects/address.vo.ts": {"path":"/home/ssperanz/Documenti/swe/integrazione/MVP/microservices/warehouse/src/shared/domain/value-objects/address.vo.ts","statementMap":{"0":{"start":{"line":3,"column":21},"end":{"line":3,"column":39}},"1":{"start":{"line":4,"column":21},"end":{"line":4,"column":40}},"2":{"start":{"line":5,"column":21},"end":{"line":5,"column":33}},"3":{"start":{"line":6,"column":21},"end":{"line":6,"column":32}},"4":{"start":{"line":7,"column":21},"end":{"line":7,"column":36}},"5":{"start":{"line":11,"column":4},"end":{"line":11,"column":95}},"6":{"start":{"line":15,"column":4},"end":{"line":15,"column":27}},"7":{"start":{"line":19,"column":4},"end":{"line":19,"column":28}},"8":{"start":{"line":23,"column":4},"end":{"line":23,"column":21}},"9":{"start":{"line":27,"column":4},"end":{"line":27,"column":20}},"10":{"start":{"line":31,"column":4},"end":{"line":31,"column":24}},"11":{"start":{"line":1,"column":0},"end":{"line":1,"column":13}}},"fnMap":{"0":{"name":"(anonymous_0)","decl":{"start":{"line":2,"column":2},"end":{"line":2,"column":null}},"loc":{"start":{"line":7,"column":36},"end":{"line":8,"column":6}}},"1":{"name":"(anonymous_1)","decl":{"start":{"line":10,"column":2},"end":{"line":10,"column":12}},"loc":{"start":{"line":10,"column":12},"end":{"line":12,"column":3}}},"2":{"name":"(anonymous_2)","decl":{"start":{"line":14,"column":2},"end":{"line":14,"column":15}},"loc":{"start":{"line":14,"column":15},"end":{"line":16,"column":3}}},"3":{"name":"(anonymous_3)","decl":{"start":{"line":18,"column":2},"end":{"line":18,"column":16}},"loc":{"start":{"line":18,"column":16},"end":{"line":20,"column":3}}},"4":{"name":"(anonymous_4)","decl":{"start":{"line":22,"column":2},"end":{"line":22,"column":9}},"loc":{"start":{"line":22,"column":9},"end":{"line":24,"column":3}}},"5":{"name":"(anonymous_5)","decl":{"start":{"line":26,"column":2},"end":{"line":26,"column":8}},"loc":{"start":{"line":26,"column":8},"end":{"line":28,"column":3}}},"6":{"name":"(anonymous_6)","decl":{"start":{"line":30,"column":2},"end":{"line":30,"column":12}},"loc":{"start":{"line":30,"column":12},"end":{"line":32,"column":3}}}},"branchMap":{},"s":{"0":1,"1":1,"2":1,"3":1,"4":1,"5":0,"6":0,"7":0,"8":0,"9":0,"10":0,"11":1},"f":{"0":1,"1":0,"2":0,"3":0,"4":0,"5":0,"6":0},"b":{}}
,"/home/ssperanz/Documenti/swe/integrazione/MVP/microservices/warehouse/src/shared/domain/value-objects/internal-order.vo.ts": {"path":"/home/ssperanz/Documenti/swe/integrazione/MVP/microservices/warehouse/src/shared/domain/value-objects/internal-order.vo.ts","statementMap":{"0":{"start":{"line":4,"column":31},"end":{"line":4,"column":57}},"1":{"start":{"line":7,"column":4},"end":{"line":7,"column":30}},"2":{"start":{"line":3,"column":0},"end":{"line":3,"column":13}}},"fnMap":{"0":{"name":"(anonymous_0)","decl":{"start":{"line":4,"column":2},"end":{"line":4,"column":31}},"loc":{"start":{"line":4,"column":57},"end":{"line":4,"column":61}}},"1":{"name":"(anonymous_1)","decl":{"start":{"line":6,"column":2},"end":{"line":6,"column":18}},"loc":{"start":{"line":6,"column":18},"end":{"line":8,"column":3}}}},"branchMap":{},"s":{"0":0,"1":0,"2":0},"f":{"0":0,"1":0},"b":{}}
,"/home/ssperanz/Documenti/swe/integrazione/MVP/microservices/warehouse/src/shared/domain/value-objects/money.vo.ts": {"path":"/home/ssperanz/Documenti/swe/integrazione/MVP/microservices/warehouse/src/shared/domain/value-objects/money.vo.ts","statementMap":{"0":{"start":{"line":7,"column":4},"end":{"line":7,"column":71}},"1":{"start":{"line":7,"column":20},"end":{"line":7,"column":71}},"2":{"start":{"line":8,"column":4},"end":{"line":8,"column":25}},"3":{"start":{"line":12,"column":4},"end":{"line":12,"column":23}},"4":{"start":{"line":16,"column":4},"end":{"line":16,"column":54}},"5":{"start":{"line":20,"column":4},"end":{"line":20,"column":54}},"6":{"start":{"line":24,"column":4},"end":{"line":24,"column":49}},"7":{"start":{"line":28,"column":4},"end":{"line":28,"column":43}},"8":{"start":{"line":32,"column":4},"end":{"line":32,"column":43}},"9":{"start":{"line":36,"column":4},"end":{"line":36,"column":45}},"10":{"start":{"line":3,"column":0},"end":{"line":3,"column":13}}},"fnMap":{"0":{"name":"(anonymous_0)","decl":{"start":{"line":6,"column":2},"end":{"line":6,"column":14}},"loc":{"start":{"line":6,"column":28},"end":{"line":9,"column":3}}},"1":{"name":"(anonymous_1)","decl":{"start":{"line":11,"column":2},"end":{"line":11,"column":11}},"loc":{"start":{"line":11,"column":11},"end":{"line":13,"column":3}}},"2":{"name":"(anonymous_2)","decl":{"start":{"line":15,"column":2},"end":{"line":15,"column":12}},"loc":{"start":{"line":15,"column":25},"end":{"line":17,"column":3}}},"3":{"name":"(anonymous_3)","decl":{"start":{"line":19,"column":2},"end":{"line":19,"column":12}},"loc":{"start":{"line":19,"column":25},"end":{"line":21,"column":3}}},"4":{"name":"(anonymous_4)","decl":{"start":{"line":23,"column":2},"end":{"line":23,"column":12}},"loc":{"start":{"line":23,"column":26},"end":{"line":25,"column":3}}},"5":{"name":"(anonymous_5)","decl":{"start":{"line":27,"column":2},"end":{"line":27,"column":12}},"loc":{"start":{"line":27,"column":25},"end":{"line":29,"column":3}}},"6":{"name":"(anonymous_6)","decl":{"start":{"line":31,"column":2},"end":{"line":31,"column":15}},"loc":{"start":{"line":31,"column":28},"end":{"line":33,"column":3}}},"7":{"name":"(anonymous_7)","decl":{"start":{"line":35,"column":2},"end":{"line":35,"column":11}},"loc":{"start":{"line":35,"column":24},"end":{"line":37,"column":3}}}},"branchMap":{"0":{"loc":{"start":{"line":7,"column":4},"end":{"line":7,"column":71}},"type":"if","locations":[{"start":{"line":7,"column":4},"end":{"line":7,"column":71}},{"start":{},"end":{}}]}},"s":{"0":61,"1":0,"2":61,"3":10,"4":10,"5":0,"6":10,"7":0,"8":0,"9":0,"10":5},"f":{"0":61,"1":10,"2":10,"3":0,"4":10,"5":0,"6":0,"7":0},"b":{"0":[0,61]}}
,"/home/ssperanz/Documenti/swe/integrazione/MVP/microservices/warehouse/src/shared/domain/value-objects/order-id.vo.ts": {"path":"/home/ssperanz/Documenti/swe/integrazione/MVP/microservices/warehouse/src/shared/domain/value-objects/order-id.vo.ts","statementMap":{"0":{"start":{"line":5,"column":4},"end":{"line":6,"column":49}},"1":{"start":{"line":6,"column":6},"end":{"line":6,"column":49}},"2":{"start":{"line":7,"column":4},"end":{"line":7,"column":17}},"3":{"start":{"line":11,"column":4},"end":{"line":11,"column":19}},"4":{"start":{"line":1,"column":0},"end":{"line":1,"column":13}}},"fnMap":{"0":{"name":"(anonymous_0)","decl":{"start":{"line":4,"column":2},"end":{"line":4,"column":14}},"loc":{"start":{"line":4,"column":24},"end":{"line":8,"column":3}}},"1":{"name":"(anonymous_1)","decl":{"start":{"line":10,"column":2},"end":{"line":10,"column":7}},"loc":{"start":{"line":10,"column":7},"end":{"line":12,"column":3}}}},"branchMap":{"0":{"loc":{"start":{"line":5,"column":4},"end":{"line":6,"column":49}},"type":"if","locations":[{"start":{"line":5,"column":4},"end":{"line":6,"column":49}},{"start":{},"end":{}}]},"1":{"loc":{"start":{"line":5,"column":8},"end":{"line":5,"column":37}},"type":"binary-expr","locations":[{"start":{"line":5,"column":8},"end":{"line":5,"column":11}},{"start":{"line":5,"column":15},"end":{"line":5,"column":37}}]}},"s":{"0":36,"1":0,"2":36,"3":0,"4":6},"f":{"0":36,"1":0},"b":{"0":[0,36],"1":[36,36]}}
,"/home/ssperanz/Documenti/swe/integrazione/MVP/microservices/warehouse/src/shared/domain/value-objects/order-item.vo.ts": {"path":"/home/ssperanz/Documenti/swe/integrazione/MVP/microservices/warehouse/src/shared/domain/value-objects/order-item.vo.ts","statementMap":{"0":{"start":{"line":4,"column":0},"end":{"line":4,"column":51}},"1":{"start":{"line":11,"column":4},"end":{"line":11,"column":27}},"2":{"start":{"line":12,"column":4},"end":{"line":12,"column":41}},"3":{"start":{"line":13,"column":4},"end":{"line":13,"column":63}},"4":{"start":{"line":17,"column":4},"end":{"line":17,"column":57}},"5":{"start":{"line":21,"column":4},"end":{"line":21,"column":31}},"6":{"start":{"line":25,"column":4},"end":{"line":25,"column":36}},"7":{"start":{"line":6,"column":0},"end":{"line":6,"column":13}}},"fnMap":{"0":{"name":"(anonymous_0)","decl":{"start":{"line":10,"column":2},"end":{"line":10,"column":14}},"loc":{"start":{"line":10,"column":73},"end":{"line":14,"column":3}}},"1":{"name":"(anonymous_1)","decl":{"start":{"line":16,"column":10},"end":{"line":16,"column":34}},"loc":{"start":{"line":16,"column":34},"end":{"line":18,"column":3}}},"2":{"name":"(anonymous_2)","decl":{"start":{"line":20,"column":2},"end":{"line":20,"column":14}},"loc":{"start":{"line":20,"column":14},"end":{"line":22,"column":3}}},"3":{"name":"(anonymous_3)","decl":{"start":{"line":24,"column":2},"end":{"line":24,"column":20}},"loc":{"start":{"line":24,"column":20},"end":{"line":26,"column":3}}}},"branchMap":{},"s":{"0":4,"1":10,"2":10,"3":10,"4":10,"5":0,"6":10,"7":4},"f":{"0":10,"1":10,"2":0,"3":10},"b":{}}
,"/home/ssperanz/Documenti/swe/integrazione/MVP/microservices/warehouse/src/shared/domain/value-objects/product-id.vo.ts": {"path":"/home/ssperanz/Documenti/swe/integrazione/MVP/microservices/warehouse/src/shared/domain/value-objects/product-id.vo.ts","statementMap":{"0":{"start":{"line":5,"column":8},"end":{"line":7,"column":9}},"1":{"start":{"line":6,"column":12},"end":{"line":6,"column":57}},"2":{"start":{"line":8,"column":8},"end":{"line":8,"column":28}},"3":{"start":{"line":12,"column":8},"end":{"line":12,"column":30}},"4":{"start":{"line":1,"column":0},"end":{"line":1,"column":13}}},"fnMap":{"0":{"name":"(anonymous_0)","decl":{"start":{"line":4,"column":4},"end":{"line":4,"column":16}},"loc":{"start":{"line":4,"column":26},"end":{"line":9,"column":5}}},"1":{"name":"(anonymous_1)","decl":{"start":{"line":11,"column":4},"end":{"line":11,"column":8}},"loc":{"start":{"line":11,"column":10},"end":{"line":13,"column":5}}}},"branchMap":{"0":{"loc":{"start":{"line":5,"column":8},"end":{"line":7,"column":9}},"type":"if","locations":[{"start":{"line":5,"column":8},"end":{"line":7,"column":9}},{"start":{},"end":{}}]},"1":{"loc":{"start":{"line":5,"column":11},"end":{"line":5,"column":40}},"type":"binary-expr","locations":[{"start":{"line":5,"column":11},"end":{"line":5,"column":14}},{"start":{"line":5,"column":18},"end":{"line":5,"column":40}}]}},"s":{"0":46,"1":0,"2":46,"3":2,"4":6},"f":{"0":46,"1":2},"b":{"0":[0,46],"1":[46,46]}}
,"/home/ssperanz/Documenti/swe/integrazione/MVP/microservices/warehouse/src/shared/domain/value-objects/product-item.vo.ts": {"path":"/home/ssperanz/Documenti/swe/integrazione/MVP/microservices/warehouse/src/shared/domain/value-objects/product-item.vo.ts","statementMap":{"0":{"start":{"line":6,"column":23},"end":{"line":6,"column":40}},"1":{"start":{"line":7,"column":23},"end":{"line":7,"column":40}},"2":{"start":{"line":11,"column":4},"end":{"line":11,"column":23}},"3":{"start":{"line":15,"column":4},"end":{"line":15,"column":24}},"4":{"start":{"line":19,"column":4},"end":{"line":19,"column":33}},"5":{"start":{"line":23,"column":4},"end":{"line":23,"column":33}},"6":{"start":{"line":4,"column":0},"end":{"line":4,"column":13}}},"fnMap":{"0":{"name":"(anonymous_0)","decl":{"start":{"line":5,"column":2},"end":{"line":5,"column":null}},"loc":{"start":{"line":7,"column":40},"end":{"line":8,"column":6}}},"1":{"name":"(anonymous_1)","decl":{"start":{"line":10,"column":2},"end":{"line":10,"column":7}},"loc":{"start":{"line":10,"column":7},"end":{"line":12,"column":3}}},"2":{"name":"(anonymous_2)","decl":{"start":{"line":14,"column":2},"end":{"line":14,"column":8}},"loc":{"start":{"line":14,"column":8},"end":{"line":16,"column":3}}},"3":{"name":"(anonymous_3)","decl":{"start":{"line":18,"column":2},"end":{"line":18,"column":12}},"loc":{"start":{"line":18,"column":26},"end":{"line":20,"column":3}}},"4":{"name":"(anonymous_4)","decl":{"start":{"line":22,"column":2},"end":{"line":22,"column":12}},"loc":{"start":{"line":22,"column":26},"end":{"line":24,"column":3}}}},"branchMap":{},"s":{"0":37,"1":37,"2":18,"3":23,"4":0,"5":0,"6":5},"f":{"0":37,"1":18,"2":23,"3":0,"4":0},"b":{}}
,"/home/ssperanz/Documenti/swe/integrazione/MVP/microservices/warehouse/src/shared/domain/value-objects/quantity.vo.ts": {"path":"/home/ssperanz/Documenti/swe/integrazione/MVP/microservices/warehouse/src/shared/domain/value-objects/quantity.vo.ts","statementMap":{"0":{"start":{"line":5,"column":8},"end":{"line":7,"column":9}},"1":{"start":{"line":6,"column":12},"end":{"line":6,"column":null}},"2":{"start":{"line":8,"column":8},"end":{"line":8,"column":null}},"3":{"start":{"line":12,"column":8},"end":{"line":12,"column":null}},"4":{"start":{"line":16,"column":8},"end":{"line":16,"column":null}},"5":{"start":{"line":20,"column":8},"end":{"line":20,"column":null}},"6":{"start":{"line":24,"column":8},"end":{"line":24,"column":null}},"7":{"start":{"line":28,"column":8},"end":{"line":28,"column":null}},"8":{"start":{"line":32,"column":25},"end":{"line":32,"column":53}},"9":{"start":{"line":33,"column":8},"end":{"line":35,"column":9}},"10":{"start":{"line":34,"column":12},"end":{"line":34,"column":null}},"11":{"start":{"line":36,"column":8},"end":{"line":36,"column":null}},"12":{"start":{"line":1,"column":0},"end":{"line":1,"column":13}}},"fnMap":{"0":{"name":"(anonymous_0)","decl":{"start":{"line":4,"column":4},"end":{"line":4,"column":16}},"loc":{"start":{"line":4,"column":29},"end":{"line":9,"column":5}}},"1":{"name":"(anonymous_1)","decl":{"start":{"line":11,"column":4},"end":{"line":11,"column":8}},"loc":{"start":{"line":11,"column":16},"end":{"line":13,"column":5}}},"2":{"name":"(anonymous_2)","decl":{"start":{"line":15,"column":4},"end":{"line":15,"column":14}},"loc":{"start":{"line":15,"column":30},"end":{"line":17,"column":5}}},"3":{"name":"(anonymous_3)","decl":{"start":{"line":19,"column":4},"end":{"line":19,"column":17}},"loc":{"start":{"line":19,"column":33},"end":{"line":21,"column":5}}},"4":{"name":"(anonymous_4)","decl":{"start":{"line":23,"column":4},"end":{"line":23,"column":13}},"loc":{"start":{"line":23,"column":29},"end":{"line":25,"column":5}}},"5":{"name":"(anonymous_5)","decl":{"start":{"line":27,"column":4},"end":{"line":27,"column":14}},"loc":{"start":{"line":27,"column":31},"end":{"line":29,"column":5}}},"6":{"name":"(anonymous_6)","decl":{"start":{"line":31,"column":4},"end":{"line":31,"column":14}},"loc":{"start":{"line":31,"column":31},"end":{"line":37,"column":5}}}},"branchMap":{"0":{"loc":{"start":{"line":5,"column":8},"end":{"line":7,"column":9}},"type":"if","locations":[{"start":{"line":5,"column":8},"end":{"line":7,"column":9}},{"start":{},"end":{}}]},"1":{"loc":{"start":{"line":33,"column":8},"end":{"line":35,"column":9}},"type":"if","locations":[{"start":{"line":33,"column":8},"end":{"line":35,"column":9}},{"start":{},"end":{}}]}},"s":{"0":226,"1":0,"2":226,"3":107,"4":23,"5":40,"6":0,"7":17,"8":17,"9":17,"10":0,"11":17,"12":6},"f":{"0":226,"1":107,"2":23,"3":40,"4":0,"5":17,"6":17},"b":{"0":[0,226],"1":[0,17]}}
,"/home/ssperanz/Documenti/swe/integrazione/MVP/microservices/warehouse/src/shared/domain/value-objects/reservation-item.vo.ts": {"path":"/home/ssperanz/Documenti/swe/integrazione/MVP/microservices/warehouse/src/shared/domain/value-objects/reservation-item.vo.ts","statementMap":{"0":{"start":{"line":2,"column":0},"end":{"line":2,"column":44}},"1":{"start":{"line":3,"column":0},"end":{"line":3,"column":51}},"2":{"start":{"line":4,"column":0},"end":{"line":4,"column":79}},"3":{"start":{"line":14,"column":4},"end":{"line":14,"column":36}},"4":{"start":{"line":15,"column":4},"end":{"line":15,"column":43}},"5":{"start":{"line":19,"column":4},"end":{"line":19,"column":26}},"6":{"start":{"line":23,"column":4},"end":{"line":23,"column":32}},"7":{"start":{"line":27,"column":4},"end":{"line":27,"column":25}},"8":{"start":{"line":31,"column":4},"end":{"line":31,"column":64}},"9":{"start":{"line":35,"column":28},"end":{"line":35,"column":73}},"10":{"start":{"line":36,"column":4},"end":{"line":36,"column":70}},"11":{"start":{"line":37,"column":4},"end":{"line":37,"column":27}},"12":{"start":{"line":41,"column":4},"end":{"line":41,"column":30}},"13":{"start":{"line":45,"column":4},"end":{"line":45,"column":49}},"14":{"start":{"line":46,"column":4},"end":{"line":46,"column":56}},"15":{"start":{"line":50,"column":4},"end":{"line":50,"column":58}},"16":{"start":{"line":51,"column":4},"end":{"line":51,"column":56}},"17":{"start":{"line":55,"column":4},"end":{"line":55,"column":76}},"18":{"start":{"line":6,"column":0},"end":{"line":6,"column":13}}},"fnMap":{"0":{"name":"(anonymous_0)","decl":{"start":{"line":10,"column":2},"end":{"line":10,"column":null}},"loc":{"start":{"line":12,"column":30},"end":{"line":16,"column":3}}},"1":{"name":"(anonymous_1)","decl":{"start":{"line":18,"column":2},"end":{"line":18,"column":10}},"loc":{"start":{"line":18,"column":10},"end":{"line":20,"column":3}}},"2":{"name":"(anonymous_2)","decl":{"start":{"line":22,"column":2},"end":{"line":22,"column":16}},"loc":{"start":{"line":22,"column":16},"end":{"line":24,"column":3}}},"3":{"name":"(anonymous_3)","decl":{"start":{"line":26,"column":2},"end":{"line":26,"column":17}},"loc":{"start":{"line":26,"column":17},"end":{"line":28,"column":3}}},"4":{"name":"(anonymous_4)","decl":{"start":{"line":30,"column":2},"end":{"line":30,"column":27}},"loc":{"start":{"line":30,"column":27},"end":{"line":32,"column":3}}},"5":{"name":"(anonymous_5)","decl":{"start":{"line":34,"column":2},"end":{"line":34,"column":8}},"loc":{"start":{"line":34,"column":61},"end":{"line":38,"column":3}}},"6":{"name":"(anonymous_6)","decl":{"start":{"line":40,"column":10},"end":{"line":40,"column":25}},"loc":{"start":{"line":40,"column":56},"end":{"line":42,"column":3}}},"7":{"name":"(anonymous_7)","decl":{"start":{"line":44,"column":2},"end":{"line":44,"column":9}},"loc":{"start":{"line":44,"column":31},"end":{"line":47,"column":3}}},"8":{"name":"(anonymous_8)","decl":{"start":{"line":49,"column":2},"end":{"line":49,"column":9}},"loc":{"start":{"line":49,"column":9},"end":{"line":52,"column":3}}},"9":{"name":"(anonymous_9)","decl":{"start":{"line":54,"column":2},"end":{"line":54,"column":14}},"loc":{"start":{"line":54,"column":14},"end":{"line":56,"column":3}}}},"branchMap":{},"s":{"0":1,"1":1,"2":1,"3":12,"4":12,"5":2,"6":2,"7":0,"8":2,"9":12,"10":12,"11":12,"12":15,"13":1,"14":1,"15":2,"16":2,"17":0,"18":1},"f":{"0":12,"1":2,"2":2,"3":0,"4":2,"5":12,"6":15,"7":1,"8":2,"9":0},"b":{}}
,"/home/ssperanz/Documenti/swe/integrazione/MVP/microservices/warehouse/src/shared/domain/value-objects/warehouse-id.vo.ts": {"path":"/home/ssperanz/Documenti/swe/integrazione/MVP/microservices/warehouse/src/shared/domain/value-objects/warehouse-id.vo.ts","statementMap":{"0":{"start":{"line":5,"column":4},"end":{"line":5,"column":75}},"1":{"start":{"line":5,"column":29},"end":{"line":5,"column":75}},"2":{"start":{"line":6,"column":4},"end":{"line":6,"column":35}},"3":{"start":{"line":10,"column":4},"end":{"line":10,"column":28}},"4":{"start":{"line":1,"column":0},"end":{"line":1,"column":13}}},"fnMap":{"0":{"name":"(anonymous_0)","decl":{"start":{"line":4,"column":2},"end":{"line":4,"column":14}},"loc":{"start":{"line":4,"column":33},"end":{"line":7,"column":3}}},"1":{"name":"(anonymous_1)","decl":{"start":{"line":9,"column":2},"end":{"line":9,"column":7}},"loc":{"start":{"line":9,"column":7},"end":{"line":11,"column":3}}}},"branchMap":{"0":{"loc":{"start":{"line":5,"column":4},"end":{"line":5,"column":75}},"type":"if","locations":[{"start":{"line":5,"column":4},"end":{"line":5,"column":75}},{"start":{},"end":{}}]}},"s":{"0":7,"1":0,"2":7,"3":2,"4":4},"f":{"0":7,"1":2},"b":{"0":[0,7]}}
}
