TN:
SF:src/main.ts
FN:6,bootstrap
FNF:1
FNH:0
FNDA:0,bootstrap
DA:1,0
DA:2,0
DA:3,0
DA:4,0
DA:7,0
DA:8,0
DA:16,0
DA:17,0
DA:18,0
DA:20,0
LF:10
LH:0
BRDA:11,0,0,0
BRDA:11,0,1,0
BRDA:18,1,0,0
BRDA:18,1,1,0
BRF:4
BRH:0
end_of_record
TN:
SF:src/warehouse.controller.ts
FN:6,(anonymous_2)
FN:9,(anonymous_3)
FNF:2
FNH:2
FNDA:1,(anonymous_2)
FNDA:1,(anonymous_3)
DA:1,1
DA:2,1
DA:5,1
DA:6,1
DA:9,1
DA:10,1
LF:6
LH:6
BRDA:6,0,0,1
BRDA:6,0,1,0
BRDA:6,1,0,1
BRDA:6,1,1,1
BRF:4
BRH:3
end_of_record
TN:
SF:src/warehouse.module.ts
FNF:0
FNH:0
DA:1,0
DA:2,0
DA:3,0
DA:4,0
DA:5,0
DA:6,0
DA:7,0
DA:24,0
LF:8
LH:0
BRDA:12,0,0,0
BRDA:12,0,1,0
BRF:2
BRH:0
end_of_record
TN:
SF:src/warehouse.service.ts
FN:5,(anonymous_1)
FNF:1
FNH:1
FNDA:1,(anonymous_1)
DA:1,1
DA:4,1
DA:6,1
LF:3
LH:3
BRF:0
BRH:0
end_of_record
TN:
SF:src/core/application/order/order.controller.ts
FN:11,(anonymous_2)
FN:17,(anonymous_3)
FN:22,(anonymous_4)
FN:27,(anonymous_5)
FN:32,(anonymous_6)
FNF:5
FNH:0
FNDA:0,(anonymous_2)
FNDA:0,(anonymous_3)
FNDA:0,(anonymous_4)
FNDA:0,(anonymous_5)
FNDA:0,(anonymous_6)
DA:1,0
DA:2,0
DA:3,0
DA:4,0
DA:10,0
DA:12,0
DA:13,0
DA:17,0
DA:18,0
DA:22,0
DA:23,0
DA:27,0
DA:28,0
DA:32,0
DA:33,0
LF:15
LH:0
BRDA:17,0,0,0
BRDA:17,0,1,0
BRDA:17,1,0,0
BRDA:17,1,1,0
BRDA:17,2,0,0
BRDA:17,2,1,0
BRDA:17,3,0,0
BRDA:17,3,1,0
BRDA:22,4,0,0
BRDA:22,4,1,0
BRDA:22,5,0,0
BRDA:22,5,1,0
BRDA:22,6,0,0
BRDA:22,6,1,0
BRDA:22,7,0,0
BRDA:22,7,1,0
BRDA:27,8,0,0
BRDA:27,8,1,0
BRDA:27,9,0,0
BRDA:27,9,1,0
BRDA:27,10,0,0
BRDA:27,10,1,0
BRDA:27,11,0,0
BRDA:27,11,1,0
BRDA:32,12,0,0
BRDA:32,12,1,0
BRDA:32,13,0,0
BRDA:32,13,1,0
BRF:28
BRH:0
end_of_record
TN:
SF:src/core/application/order/order.module.ts
FNF:0
FNH:0
DA:1,0
DA:2,0
DA:3,0
DA:4,0
DA:5,0
DA:6,0
DA:7,0
DA:8,0
DA:9,0
DA:10,0
DA:11,0
DA:12,0
DA:13,0
DA:14,0
DA:15,0
DA:16,0
DA:17,0
DA:18,0
DA:19,0
DA:20,0
DA:21,0
DA:22,0
DA:23,0
DA:24,0
DA:25,0
DA:26,0
DA:27,0
DA:28,0
DA:30,0
DA:38,0
DA:43,0
DA:92,0
LF:32
LH:0
BRF:0
BRH:0
end_of_record
TN:
SF:src/core/application/order/order.query.service.ts
FN:11,(anonymous_2)
FN:15,(anonymous_3)
FN:19,(anonymous_4)
FNF:3
FNH:0
FNDA:0,(anonymous_2)
FNDA:0,(anonymous_3)
FNDA:0,(anonymous_4)
DA:1,0
DA:5,0
DA:6,0
DA:7,0
DA:10,0
DA:12,0
DA:16,0
DA:20,0
LF:8
LH:0
BRDA:12,0,0,0
BRDA:12,0,1,0
BRDA:12,1,0,0
BRDA:12,1,1,0
BRF:4
BRH:0
end_of_record
TN:
SF:src/core/application/order/order.service.ts
FN:17,(anonymous_2)
FN:21,(anonymous_3)
FN:40,(anonymous_4)
FN:44,(anonymous_5)
FN:48,(anonymous_6)
FNF:5
FNH:5
FNDA:4,(anonymous_2)
FNDA:1,(anonymous_3)
FNDA:1,(anonymous_4)
FNDA:1,(anonymous_5)
FNDA:1,(anonymous_6)
DA:1,2
DA:3,2
DA:4,2
DA:6,2
DA:8,2
DA:11,2
DA:16,2
DA:18,4
DA:23,1
DA:24,1
DA:25,0
DA:26,0
DA:28,0
DA:30,1
DA:37,1
DA:41,1
DA:45,1
DA:49,1
LF:18
LH:15
BRDA:23,0,0,1
BRDA:23,0,1,0
BRDA:25,1,0,0
BRDA:25,1,1,0
BRDA:33,2,0,1
BRDA:33,2,1,0
BRDA:35,3,0,1
BRDA:35,3,1,1
BRDA:18,4,0,2
BRDA:18,4,1,0
BRDA:18,5,0,2
BRDA:18,5,1,2
BRF:12
BRH:7
end_of_record
TN:
SF:src/core/application/order-saga/order.saga.ts
FN:27,(anonymous_2)
FN:30,(anonymous_3)
FN:39,(anonymous_4)
FN:42,(anonymous_5)
FN:51,(anonymous_6)
FN:54,(anonymous_7)
FN:63,(anonymous_8)
FN:66,(anonymous_9)
FN:75,(anonymous_10)
FN:78,(anonymous_11)
FN:87,(anonymous_12)
FN:90,(anonymous_13)
FN:99,(anonymous_14)
FN:102,(anonymous_15)
FN:111,(anonymous_16)
FN:114,(anonymous_17)
FN:123,(anonymous_18)
FN:126,(anonymous_19)
FNF:18
FNH:18
FNDA:1,(anonymous_2)
FNDA:1,(anonymous_3)
FNDA:1,(anonymous_4)
FNDA:1,(anonymous_5)
FNDA:1,(anonymous_6)
FNDA:1,(anonymous_7)
FNDA:1,(anonymous_8)
FNDA:1,(anonymous_9)
FNDA:1,(anonymous_10)
FNDA:1,(anonymous_11)
FNDA:1,(anonymous_12)
FNDA:1,(anonymous_13)
FNDA:1,(anonymous_14)
FNDA:1,(anonymous_15)
FNDA:1,(anonymous_16)
FNDA:1,(anonymous_17)
FNDA:1,(anonymous_18)
FNDA:1,(anonymous_19)
DA:1,1
DA:2,1
DA:3,1
DA:4,1
DA:5,1
DA:6,1
DA:7,1
DA:8,1
DA:9,1
DA:10,1
DA:11,1
DA:12,1
DA:13,1
DA:14,1
DA:15,1
DA:16,1
DA:17,1
DA:18,1
DA:19,1
DA:20,1
DA:23,1
DA:25,9
DA:27,9
DA:28,1
DA:31,1
DA:32,1
DA:39,9
DA:40,1
DA:43,1
DA:44,1
DA:51,9
DA:52,1
DA:55,1
DA:56,1
DA:63,9
DA:64,1
DA:67,1
DA:68,1
DA:75,9
DA:76,1
DA:79,1
DA:80,1
DA:87,9
DA:88,1
DA:91,1
DA:92,1
DA:99,9
DA:100,1
DA:103,1
DA:104,1
DA:111,9
DA:112,1
DA:115,1
DA:116,1
DA:123,9
DA:124,1
DA:127,1
DA:128,1
LF:58
LH:58
BRF:0
BRH:0
end_of_record
TN:
SF:src/core/application/order/dto/cancel-order.dto.ts
FNF:0
FNH:0
DA:1,0
DA:3,0
DA:5,0
LF:3
LH:0
BRF:0
BRH:0
end_of_record
TN:
SF:src/core/application/order/dto/create-order.dto.ts
FN:36,(anonymous_2)
FN:44,(anonymous_3)
FN:49,(anonymous_4)
FN:51,(anonymous_5)
FNF:4
FNH:0
FNDA:0,(anonymous_2)
FNDA:0,(anonymous_3)
FNDA:0,(anonymous_4)
FNDA:0,(anonymous_5)
DA:1,2
DA:2,2
DA:3,2
DA:5,2
DA:7,2
DA:10,2
DA:13,2
DA:15,2
DA:18,2
DA:21,2
DA:24,2
DA:27,2
DA:30,2
DA:32,2
DA:36,0
DA:37,2
DA:41,2
DA:44,0
DA:46,2
DA:49,0
DA:51,0
DA:52,2
DA:56,2
LF:23
LH:19
BRF:0
BRH:0
end_of_record
TN:
SF:src/core/application/order/dto/order-dispatched.dto.ts
FNF:0
FNH:0
DA:1,0
DA:3,0
DA:5,0
LF:3
LH:0
BRF:0
BRH:0
end_of_record
TN:
SF:src/core/application/order/dto/order-id.dto.ts
FNF:0
FNH:0
DA:1,0
DA:3,0
DA:5,0
LF:3
LH:0
BRF:0
BRH:0
end_of_record
TN:
SF:src/core/application/order/dto/order.dto.ts
FNF:0
FNH:0
DA:1,2
DA:2,2
DA:4,2
DA:6,2
DA:9,2
DA:12,2
DA:15,2
DA:18,2
DA:21,2
DA:25,2
DA:29,2
DA:33,2
DA:37,2
LF:13
LH:13
BRDA:18,0,0,2
BRDA:18,0,1,0
BRDA:18,1,0,2
BRDA:18,1,1,2
BRDA:29,2,0,2
BRDA:29,2,1,0
BRDA:29,3,0,2
BRDA:29,3,1,2
BRF:8
BRH:6
end_of_record
TN:
SF:src/core/application/order/dto/update-order-state.dto.ts
FNF:0
FNH:0
DA:1,1
DA:3,1
DA:5,1
DA:8,1
DA:11,1
LF:5
LH:5
BRF:0
BRH:0
end_of_record
TN:
SF:src/core/application/order/event-handlers/abstract-order-event-handler.ts
FN:6,(anonymous_0)
FN:11,(anonymous_1)
FN:12,(anonymous_2)
FNF:3
FNH:1
FNDA:2,(anonymous_0)
FNDA:0,(anonymous_1)
FNDA:0,(anonymous_2)
DA:2,5
DA:3,5
DA:5,5
DA:7,2
DA:8,1
LF:5
LH:5
BRDA:7,0,0,1
BRDA:7,0,1,1
BRDA:8,1,0,1
BRDA:8,1,1,0
BRF:4
BRH:3
end_of_record
TN:
SF:src/core/application/order/event-handlers/order-dispatched-event.handler.ts
FN:14,(anonymous_4)
FN:20,(anonymous_5)
FN:39,(anonymous_6)
FN:43,(anonymous_7)
FNF:4
FNH:4
FNDA:3,(anonymous_4)
FNDA:3,(anonymous_5)
FNDA:1,(anonymous_6)
FNDA:1,(anonymous_7)
DA:1,1
DA:2,1
DA:3,1
DA:6,1
DA:7,1
DA:8,1
DA:9,1
DA:13,1
DA:15,3
DA:16,3
DA:17,3
DA:21,3
DA:22,3
DA:24,2
DA:25,1
DA:34,1
DA:35,1
DA:40,1
DA:44,1
DA:45,1
DA:46,1
DA:47,1
DA:49,1
LF:23
LH:23
BRDA:22,0,0,1
BRDA:22,0,1,2
BRDA:24,1,0,1
BRDA:24,1,1,1
BRDA:34,2,0,1
BRDA:34,2,1,0
BRDA:17,3,0,1
BRDA:17,3,1,0
BRDA:17,4,0,1
BRDA:17,4,1,1
BRF:10
BRH:8
end_of_record
TN:
SF:src/core/application/order/event-handlers/order-event-cloud-handler.ts
FN:11,(anonymous_4)
FN:18,(anonymous_5)
FN:22,(anonymous_6)
FNF:3
FNH:3
FNDA:2,(anonymous_4)
FNDA:1,(anonymous_5)
FNDA:1,(anonymous_6)
DA:1,1
DA:2,1
DA:3,1
DA:5,1
DA:6,1
DA:10,1
DA:13,2
DA:15,2
DA:19,1
DA:23,1
LF:10
LH:10
BRF:0
BRH:0
end_of_record
TN:
SF:src/core/application/order/event-handlers/order-event-destination-wh-handler.ts
FN:11,(anonymous_4)
FN:18,(anonymous_5)
FN:22,(anonymous_6)
FNF:3
FNH:3
FNDA:2,(anonymous_4)
FNDA:1,(anonymous_5)
FNDA:1,(anonymous_6)
DA:1,1
DA:2,1
DA:3,1
DA:5,1
DA:6,1
DA:10,1
DA:13,2
DA:15,2
DA:19,1
DA:23,1
LF:10
LH:10
BRF:0
BRH:0
end_of_record
TN:
SF:src/core/application/order/event-handlers/order-read-model-updater.ts
FN:10,(anonymous_4)
FN:17,(anonymous_5)
FN:21,(anonymous_6)
FN:35,(anonymous_7)
FNF:4
FNH:4
FNDA:3,(anonymous_4)
FNDA:1,(anonymous_5)
FNDA:1,(anonymous_6)
FNDA:2,(anonymous_7)
DA:1,2
DA:2,2
DA:3,2
DA:5,2
DA:6,2
DA:9,2
DA:12,3
DA:14,3
DA:19,1
DA:21,1
DA:36,2
DA:37,2
DA:38,1
DA:39,1
LF:14
LH:14
BRDA:37,0,0,1
BRDA:37,0,1,1
BRF:2
BRH:2
end_of_record
TN:
SF:src/core/application/order/event-handlers/order-validation-failed.handler.ts
FN:8,(anonymous_4)
FN:13,(anonymous_5)
FNF:2
FNH:2
FNDA:1,(anonymous_4)
FNDA:1,(anonymous_5)
DA:1,1
DA:2,1
DA:3,1
DA:7,1
DA:10,1
DA:14,1
LF:6
LH:6
BRF:0
BRH:0
end_of_record
TN:
SF:src/core/application/order/event-handlers/update-order-state.handler.ts
FN:26,(anonymous_4)
FN:30,(anonymous_5)
FN:43,(anonymous_6)
FN:51,(anonymous_7)
FN:59,(anonymous_8)
FN:67,(anonymous_9)
FN:75,(anonymous_10)
FN:82,(anonymous_11)
FN:90,(anonymous_12)
FN:98,(anonymous_13)
FN:106,(anonymous_14)
FN:114,(anonymous_15)
FNF:12
FNH:12
FNDA:13,(anonymous_4)
FNDA:12,(anonymous_5)
FNDA:1,(anonymous_6)
FNDA:1,(anonymous_7)
FNDA:1,(anonymous_8)
FNDA:2,(anonymous_9)
FNDA:1,(anonymous_10)
FNDA:1,(anonymous_11)
FNDA:1,(anonymous_12)
FNDA:1,(anonymous_13)
FNDA:1,(anonymous_14)
FNDA:2,(anonymous_15)
DA:1,1
DA:2,1
DA:4,1
DA:5,1
DA:6,1
DA:7,1
DA:8,1
DA:9,1
DA:10,1
DA:11,1
DA:12,1
DA:16,1
DA:25,1
DA:27,13
DA:31,12
DA:32,11
DA:33,10
DA:34,9
DA:35,8
DA:36,6
DA:37,5
DA:38,4
DA:39,3
DA:40,2
DA:44,1
DA:45,1
DA:46,1
DA:47,1
DA:52,1
DA:53,1
DA:54,1
DA:55,1
DA:60,1
DA:61,1
DA:62,1
DA:63,1
DA:68,2
DA:69,2
DA:70,1
DA:71,1
DA:76,1
DA:77,1
DA:78,1
DA:79,1
DA:83,1
DA:84,1
DA:85,1
DA:86,1
DA:91,1
DA:92,1
DA:93,1
DA:94,1
DA:99,1
DA:100,1
DA:101,1
DA:102,1
DA:107,1
DA:108,1
DA:109,1
DA:110,1
DA:115,2
DA:116,2
DA:117,2
DA:118,2
LF:64
LH:64
BRDA:31,0,0,1
BRDA:31,0,1,11
BRDA:32,1,0,1
BRDA:32,1,1,10
BRDA:33,2,0,1
BRDA:33,2,1,9
BRDA:34,3,0,1
BRDA:34,3,1,8
BRDA:35,4,0,2
BRDA:35,4,1,6
BRDA:36,5,0,1
BRDA:36,5,1,5
BRDA:37,6,0,1
BRDA:37,6,1,4
BRDA:38,7,0,1
BRDA:38,7,1,3
BRDA:39,8,0,1
BRDA:39,8,1,2
BRDA:40,9,0,2
BRDA:40,9,1,0
BRDA:45,10,0,1
BRDA:45,10,1,0
BRDA:53,11,0,1
BRDA:53,11,1,0
BRDA:61,12,0,1
BRDA:61,12,1,0
BRDA:69,13,0,1
BRDA:69,13,1,1
BRDA:77,14,0,1
BRDA:77,14,1,0
BRDA:84,15,0,1
BRDA:84,15,1,0
BRDA:92,16,0,1
BRDA:92,16,1,0
BRDA:100,17,0,1
BRDA:100,17,1,0
BRDA:108,18,0,1
BRDA:108,18,1,0
BRDA:116,19,0,2
BRDA:116,19,1,0
BRF:40
BRH:30
end_of_record
TN:
SF:src/core/application/order/events/order-canceled.event.ts
FN:5,(anonymous_0)
FNF:1
FNH:1
FNDA:2,(anonymous_0)
DA:2,1
DA:4,1
DA:5,2
DA:6,2
LF:4
LH:4
BRF:0
BRH:0
end_of_record
TN:
SF:src/core/application/order/events/order-delivered.event.ts
FN:5,(anonymous_0)
FNF:1
FNH:1
FNDA:2,(anonymous_0)
DA:1,2
DA:4,2
DA:5,2
DA:6,2
LF:4
LH:4
BRF:0
BRH:0
end_of_record
TN:
SF:src/core/application/order/events/order-dispatch-failed.event.ts
FN:5,(anonymous_0)
FNF:1
FNH:1
FNDA:3,(anonymous_0)
DA:2,3
DA:4,3
DA:5,3
DA:6,3
DA:7,3
LF:5
LH:5
BRF:0
BRH:0
end_of_record
TN:
SF:src/core/application/order/events/order-dispatched.event.ts
FN:6,(anonymous_0)
FNF:1
FNH:1
FNDA:5,(anonymous_0)
DA:2,3
DA:4,3
DA:7,5
DA:8,5
DA:9,5
DA:11,5
LF:6
LH:6
BRF:0
BRH:0
end_of_record
TN:
SF:src/core/application/order/events/order-validated.event.ts
FN:5,(anonymous_0)
FNF:1
FNH:1
FNDA:4,(anonymous_0)
DA:1,3
DA:4,3
DA:5,4
DA:6,4
LF:4
LH:4
BRF:0
BRH:0
end_of_record
TN:
SF:src/core/application/order/events/order-validation-failed.event.ts
FN:6,(anonymous_0)
FNF:1
FNH:1
FNDA:3,(anonymous_0)
DA:2,3
DA:5,3
DA:7,3
DA:8,3
DA:9,3
DA:11,3
LF:6
LH:6
BRF:0
BRH:0
end_of_record
TN:
SF:src/core/application/order/events/replenishment-delivered.event.ts
FN:6,(anonymous_0)
FNF:1
FNH:1
FNDA:1,(anonymous_0)
DA:1,2
DA:5,2
DA:7,1
DA:8,1
DA:9,1
DA:10,1
DA:11,1
DA:12,1
LF:8
LH:8
BRF:0
BRH:0
end_of_record
TN:
SF:src/core/application/order/ports/dispatch-notifier.port.ts
FNF:0
FNH:0
DA:3,0
LF:1
LH:0
BRF:0
BRH:0
end_of_record
TN:
SF:src/core/application/order/ports/inbound-order-event-listener.port.ts
FNF:0
FNH:0
DA:5,0
LF:1
LH:0
BRF:0
BRH:0
end_of_record
TN:
SF:src/core/application/order/ports/order-event-cloud-publisher.port.ts
FNF:0
FNH:0
DA:3,0
LF:1
LH:0
BRF:0
BRH:0
end_of_record
TN:
SF:src/core/application/order/ports/order-event-destination-wh-publisher.port.ts
FNF:0
FNH:0
DA:3,0
LF:1
LH:0
BRF:0
BRH:0
end_of_record
TN:
SF:src/core/application/order/ports/order-read-model.repository.interface.ts
FNF:0
FNH:0
DA:1,0
LF:1
LH:0
BRF:0
BRH:0
end_of_record
TN:
SF:src/core/application/order/ports/order.repository.interface.ts
FNF:0
FNH:0
DA:4,0
LF:1
LH:0
BRF:0
BRH:0
end_of_record
TN:
SF:src/core/application/order/ports/replenishment-request.port.ts
FNF:0
FNH:0
DA:3,0
LF:1
LH:0
BRF:0
BRH:0
end_of_record
TN:
SF:src/core/application/order/use-cases/command/cancel-order.command.ts
FN:5,(anonymous_0)
FNF:1
FNH:1
FNDA:4,(anonymous_0)
DA:1,4
DA:4,4
DA:5,4
DA:6,4
LF:4
LH:4
BRF:0
BRH:0
end_of_record
TN:
SF:src/core/application/order/use-cases/command/create-order.command.ts
FN:4,(anonymous_0)
FNF:1
FNH:1
FNDA:5,(anonymous_0)
DA:1,3
DA:3,3
DA:5,5
DA:6,5
DA:7,5
DA:8,5
DA:9,5
DA:11,5
LF:8
LH:8
BRF:0
BRH:0
end_of_record
TN:
SF:src/core/application/order/use-cases/command/deliver-order.command.ts
FN:5,(anonymous_0)
FNF:1
FNH:1
FNDA:4,(anonymous_0)
DA:1,3
DA:4,3
DA:5,4
DA:6,4
LF:4
LH:4
BRF:0
BRH:0
end_of_record
TN:
SF:src/core/application/order/use-cases/command/dispatch-order.command.ts
FN:4,(anonymous_0)
FNF:1
FNH:1
FNDA:5,(anonymous_0)
DA:1,2
DA:3,2
DA:4,5
DA:5,5
LF:4
LH:4
BRF:0
BRH:0
end_of_record
TN:
SF:src/core/application/order/use-cases/command/update-order-state.command.ts
FN:6,(anonymous_0)
FNF:1
FNH:1
FNDA:3,(anonymous_0)
DA:1,3
DA:5,3
DA:6,3
DA:7,3
LF:4
LH:4
BRF:0
BRH:0
end_of_record
TN:
SF:src/core/application/order/use-cases/command/validate-order.command.ts
FN:5,(anonymous_0)
FNF:1
FNH:1
FNDA:3,(anonymous_0)
DA:1,2
DA:4,2
DA:5,3
DA:6,3
LF:4
LH:4
BRF:0
BRH:0
end_of_record
TN:
SF:src/core/application/order/use-cases/command/handlers/cancel-order.handler.ts
FN:10,(anonymous_4)
FN:15,(anonymous_5)
FNF:2
FNH:2
FNDA:2,(anonymous_4)
FNDA:2,(anonymous_5)
DA:1,1
DA:2,1
DA:3,1
DA:5,1
DA:6,1
DA:9,1
DA:11,2
DA:12,2
DA:16,2
DA:17,2
DA:18,1
DA:20,1
DA:21,1
DA:22,1
LF:14
LH:14
BRDA:17,0,0,1
BRDA:17,0,1,1
BRDA:12,1,0,1
BRDA:12,1,1,0
BRDA:12,2,0,1
BRDA:12,2,1,1
BRF:6
BRH:5
end_of_record
TN:
SF:src/core/application/order/use-cases/command/handlers/create-order.handler.ts
FN:21,(anonymous_13)
FN:27,(anonymous_14)
FNF:2
FNH:2
FNDA:4,(anonymous_13)
FNDA:4,(anonymous_14)
DA:1,1
DA:2,1
DA:3,1
DA:5,1
DA:6,1
DA:7,1
DA:8,1
DA:9,1
DA:10,1
DA:11,1
DA:12,1
DA:13,1
DA:14,1
DA:15,1
DA:17,1
DA:20,1
DA:22,4
DA:23,4
DA:24,4
DA:28,4
DA:29,4
DA:34,4
DA:35,4
DA:36,5
DA:37,5
DA:38,5
DA:44,4
DA:46,4
DA:47,1
DA:48,1
DA:55,3
DA:56,1
DA:57,1
DA:64,2
DA:65,1
DA:66,1
DA:75,1
DA:78,3
DA:79,3
DA:80,3
LF:40
LH:40
BRDA:29,0,0,0
BRDA:29,0,1,4
BRDA:37,1,0,4
BRDA:37,1,1,1
BRDA:46,2,0,1
BRDA:46,2,1,3
BRDA:55,3,0,1
BRDA:55,3,1,2
BRDA:64,4,0,1
BRDA:64,4,1,1
BRDA:72,5,0,1
BRDA:72,5,1,0
BRDA:24,6,0,1
BRDA:24,6,1,0
BRDA:24,7,0,1
BRDA:24,7,1,1
BRF:16
BRH:13
end_of_record
TN:
SF:src/core/application/order/use-cases/command/handlers/deliver-order.handler.ts
FN:13,(anonymous_4)
FN:19,(anonymous_5)
FNF:2
FNH:2
FNDA:3,(anonymous_4)
FNDA:3,(anonymous_5)
DA:1,1
DA:2,1
DA:5,1
DA:6,1
DA:7,1
DA:8,1
DA:9,1
DA:12,1
DA:14,3
DA:15,3
DA:16,3
DA:20,3
DA:21,3
DA:23,2
DA:24,2
DA:25,1
DA:26,1
DA:27,0
DA:28,0
DA:30,1
DA:31,0
DA:34,1
DA:37,1
LF:23
LH:20
BRDA:21,0,0,1
BRDA:21,0,1,2
BRDA:26,1,0,1
BRDA:26,1,1,0
BRDA:30,2,0,0
BRDA:30,2,1,1
BRDA:16,3,0,1
BRDA:16,3,1,0
BRDA:16,4,0,1
BRDA:16,4,1,1
BRF:10
BRH:7
end_of_record
TN:
SF:src/core/application/order/use-cases/command/handlers/dispatch-order.handler.ts
FN:15,(anonymous_4)
FN:21,(anonymous_5)
FNF:2
FNH:2
FNDA:4,(anonymous_4)
FNDA:4,(anonymous_5)
DA:1,1
DA:2,1
DA:3,1
DA:6,1
DA:7,1
DA:8,1
DA:9,1
DA:10,1
DA:11,1
DA:14,1
DA:16,4
DA:17,4
DA:18,4
DA:22,4
DA:23,4
DA:24,3
DA:26,2
DA:27,2
DA:28,2
DA:29,2
DA:30,2
DA:31,1
DA:33,1
DA:35,1
LF:24
LH:24
BRDA:23,0,0,1
BRDA:23,0,1,3
BRDA:24,1,0,1
BRDA:24,1,1,2
BRDA:29,2,0,0
BRDA:29,2,1,2
BRDA:18,3,0,1
BRDA:18,3,1,0
BRDA:18,4,0,1
BRDA:18,4,1,1
BRF:10
BRH:8
end_of_record
TN:
SF:src/core/application/order/use-cases/command/handlers/update-order-state.handler.ts
FN:14,(anonymous_4)
FN:18,(anonymous_5)
FNF:2
FNH:2
FNDA:2,(anonymous_4)
FNDA:2,(anonymous_5)
DA:1,1
DA:2,1
DA:9,1
DA:10,1
DA:13,1
DA:15,2
DA:19,2
DA:20,2
DA:22,1
DA:23,1
DA:24,1
DA:26,0
LF:12
LH:11
BRDA:20,0,0,1
BRDA:20,0,1,1
BRF:2
BRH:2
end_of_record
TN:
SF:src/core/application/order/use-cases/command/handlers/validate-order.handler.ts
FN:11,(anonymous_4)
FN:16,(anonymous_5)
FN:27,(anonymous_6)
FNF:3
FNH:3
FNDA:2,(anonymous_4)
FNDA:2,(anonymous_5)
FNDA:1,(anonymous_6)
DA:1,1
DA:2,1
DA:3,1
DA:4,1
DA:5,1
DA:7,1
DA:10,1
DA:12,2
DA:13,2
DA:17,2
DA:18,2
DA:19,0
DA:21,2
DA:22,2
DA:23,1
DA:27,1
DA:30,1
DA:32,1
DA:33,1
DA:35,2
LF:20
LH:19
BRDA:18,0,0,0
BRDA:18,0,1,2
BRDA:22,1,0,1
BRDA:22,1,1,1
BRDA:13,2,0,1
BRDA:13,2,1,0
BRDA:13,3,0,1
BRDA:13,3,1,1
BRF:8
BRH:6
end_of_record
TN:
SF:src/core/application/order/use-cases/query/get-all-orders.query.ts
FN:4,(anonymous_0)
FNF:1
FNH:1
FNDA:1,(anonymous_0)
DA:1,1
DA:3,1
DA:5,1
LF:3
LH:3
BRF:0
BRH:0
end_of_record
TN:
SF:src/core/application/order/use-cases/query/get-order.query.ts
FN:5,(anonymous_0)
FNF:1
FNH:1
FNDA:2,(anonymous_0)
DA:1,1
DA:4,1
DA:5,2
DA:6,2
LF:4
LH:4
BRF:0
BRH:0
end_of_record
TN:
SF:src/core/application/order/use-cases/query/handlers/get-all-orders.handler.ts
FN:9,(anonymous_4)
FN:14,(anonymous_5)
FN:16,(anonymous_6)
FNF:3
FNH:3
FNDA:1,(anonymous_4)
FNDA:1,(anonymous_5)
FNDA:2,(anonymous_6)
DA:1,1
DA:2,1
DA:3,1
DA:5,1
DA:8,1
DA:11,1
DA:15,1
DA:16,2
LF:8
LH:8
BRF:0
BRH:0
end_of_record
TN:
SF:src/core/application/order/use-cases/query/handlers/get-order.handler.ts
FN:9,(anonymous_4)
FN:14,(anonymous_5)
FNF:2
FNH:2
FNDA:2,(anonymous_4)
FNDA:2,(anonymous_5)
DA:1,1
DA:2,1
DA:4,1
DA:5,1
DA:8,1
DA:11,2
DA:15,2
DA:16,2
LF:8
LH:8
BRDA:16,0,0,1
BRDA:16,0,1,1
BRF:2
BRH:2
end_of_record
TN:
SF:src/core/application/product/product.controller.ts
FN:12,(anonymous_2)
FN:18,(anonymous_3)
FN:23,(anonymous_4)
FN:28,(anonymous_5)
FN:33,(anonymous_6)
FN:38,(anonymous_7)
FNF:6
FNH:0
FNDA:0,(anonymous_2)
FNDA:0,(anonymous_3)
FNDA:0,(anonymous_4)
FNDA:0,(anonymous_5)
FNDA:0,(anonymous_6)
FNDA:0,(anonymous_7)
DA:1,0
DA:2,0
DA:3,0
DA:4,0
DA:11,0
DA:13,0
DA:14,0
DA:18,0
DA:19,0
DA:23,0
DA:24,0
DA:28,0
DA:29,0
DA:33,0
DA:34,0
DA:38,0
DA:39,0
LF:17
LH:0
BRDA:18,0,0,0
BRDA:18,0,1,0
BRDA:18,1,0,0
BRDA:18,1,1,0
BRDA:18,2,0,0
BRDA:18,2,1,0
BRDA:18,3,0,0
BRDA:18,3,1,0
BRDA:23,4,0,0
BRDA:23,4,1,0
BRDA:23,5,0,0
BRDA:23,5,1,0
BRDA:23,6,0,0
BRDA:23,6,1,0
BRDA:23,7,0,0
BRDA:23,7,1,0
BRDA:28,8,0,0
BRDA:28,8,1,0
BRDA:28,9,0,0
BRDA:28,9,1,0
BRDA:28,10,0,0
BRDA:28,10,1,0
BRDA:28,11,0,0
BRDA:28,11,1,0
BRDA:33,12,0,0
BRDA:33,12,1,0
BRDA:33,13,0,0
BRDA:33,13,1,0
BRDA:33,14,0,0
BRDA:33,14,1,0
BRDA:33,15,0,0
BRDA:33,15,1,0
BRDA:38,16,0,0
BRDA:38,16,1,0
BRDA:38,17,0,0
BRDA:38,17,1,0
BRF:36
BRH:0
end_of_record
TN:
SF:src/core/application/product/product.module.ts
FNF:0
FNH:0
DA:1,0
DA:2,0
DA:3,0
DA:4,0
DA:5,0
DA:6,0
DA:7,0
DA:8,0
DA:9,0
DA:10,0
DA:11,0
DA:12,0
DA:13,0
DA:14,0
DA:15,0
DA:16,0
DA:17,0
DA:18,0
DA:20,0
DA:26,0
DA:31,0
DA:69,0
LF:22
LH:0
BRF:0
BRH:0
end_of_record
TN:
SF:src/core/application/product/product.query.service.ts
FN:12,(anonymous_2)
FN:16,(anonymous_3)
FN:20,(anonymous_4)
FNF:3
FNH:0
FNDA:0,(anonymous_2)
FNDA:0,(anonymous_3)
FNDA:0,(anonymous_4)
DA:1,0
DA:6,0
DA:7,0
DA:8,0
DA:11,0
DA:13,0
DA:17,0
DA:21,0
LF:8
LH:0
BRDA:13,0,0,0
BRDA:13,0,1,0
BRDA:13,1,0,0
BRDA:13,1,1,0
BRF:4
BRH:0
end_of_record
TN:
SF:src/core/application/product/product.service.ts
FN:13,(anonymous_2)
FN:17,(anonymous_3)
FN:29,(anonymous_4)
FN:41,(anonymous_5)
FNF:4
FNH:4
FNDA:3,(anonymous_2)
FNDA:1,(anonymous_3)
FNDA:1,(anonymous_4)
FNDA:1,(anonymous_5)
DA:1,1
DA:3,1
DA:5,1
DA:7,1
DA:8,1
DA:12,1
DA:14,3
DA:18,1
DA:26,1
DA:30,1
DA:38,1
DA:42,1
LF:12
LH:12
BRDA:14,0,0,1
BRDA:14,0,1,0
BRDA:14,1,0,1
BRDA:14,1,1,1
BRF:4
BRH:3
end_of_record
TN:
SF:src/core/application/product/dto/create-product.dto.ts
FN:12,(anonymous_2)
FN:17,(anonymous_3)
FN:22,(anonymous_4)
FN:27,(anonymous_5)
FNF:4
FNH:0
FNDA:0,(anonymous_2)
FNDA:0,(anonymous_3)
FNDA:0,(anonymous_4)
FNDA:0,(anonymous_5)
DA:1,0
DA:2,0
DA:3,0
DA:5,0
DA:7,0
DA:10,0
DA:12,0
DA:15,0
DA:17,0
DA:20,0
DA:22,0
DA:25,0
DA:27,0
DA:30,0
LF:14
LH:0
BRF:0
BRH:0
end_of_record
TN:
SF:src/core/application/product/dto/inventory.dto.ts
FNF:0
FNH:0
DA:3,1
LF:1
LH:1
BRF:0
BRH:0
end_of_record
TN:
SF:src/core/application/product/dto/product-id.dto.ts
FNF:0
FNH:0
DA:1,0
DA:3,0
DA:5,0
LF:3
LH:0
BRF:0
BRH:0
end_of_record
TN:
SF:src/core/application/product/dto/product.dto.ts
FNF:0
FNH:0
DA:1,2
DA:3,2
DA:5,2
DA:8,2
DA:12,2
DA:16,2
DA:20,2
DA:24,2
DA:28,2
LF:9
LH:9
BRF:0
BRH:0
end_of_record
TN:
SF:src/core/application/product/dto/update-product.dto.ts
FNF:0
FNH:0
DA:1,0
DA:2,0
DA:3,0
DA:5,0
DA:7,0
LF:5
LH:0
BRF:0
BRH:0
end_of_record
TN:
SF:src/core/application/product/event-handler/abstract-product-event-handler.ts
FN:16,(anonymous_0)
FN:31,(anonymous_1)
FN:32,(anonymous_2)
FN:33,(anonymous_3)
FN:34,(anonymous_4)
FN:35,(anonymous_5)
FN:36,(anonymous_6)
FN:37,(anonymous_7)
FN:38,(anonymous_8)
FN:39,(anonymous_9)
FN:40,(anonymous_10)
FN:41,(anonymous_11)
FN:42,(anonymous_12)
FNF:13
FNH:1
FNDA:12,(anonymous_0)
FNDA:0,(anonymous_1)
FNDA:0,(anonymous_2)
FNDA:0,(anonymous_3)
FNDA:0,(anonymous_4)
FNDA:0,(anonymous_5)
FNDA:0,(anonymous_6)
FNDA:0,(anonymous_7)
FNDA:0,(anonymous_8)
FNDA:0,(anonymous_9)
FNDA:0,(anonymous_10)
FNDA:0,(anonymous_11)
FNDA:0,(anonymous_12)
DA:1,3
DA:2,3
DA:3,3
DA:4,3
DA:5,3
DA:6,3
DA:7,3
DA:8,3
DA:9,3
DA:10,3
DA:11,3
DA:12,3
DA:15,3
DA:17,12
DA:18,11
DA:19,10
DA:20,9
DA:21,8
DA:22,7
DA:23,6
DA:24,5
DA:25,4
DA:26,3
DA:27,2
DA:28,1
LF:25
LH:25
BRDA:17,0,0,1
BRDA:17,0,1,11
BRDA:18,1,0,1
BRDA:18,1,1,10
BRDA:19,2,0,1
BRDA:19,2,1,9
BRDA:20,3,0,1
BRDA:20,3,1,8
BRDA:21,4,0,1
BRDA:21,4,1,7
BRDA:22,5,0,1
BRDA:22,5,1,6
BRDA:23,6,0,1
BRDA:23,6,1,5
BRDA:24,7,0,1
BRDA:24,7,1,4
BRDA:25,8,0,1
BRDA:25,8,1,3
BRDA:26,9,0,1
BRDA:26,9,1,2
BRDA:27,10,0,1
BRDA:27,10,1,1
BRDA:28,11,0,1
BRDA:28,11,1,0
BRF:24
BRH:23
end_of_record
TN:
SF:src/core/application/product/event-handler/product-critical-event.handler.ts
FN:8,(anonymous_2)
FN:12,(anonymous_3)
FN:20,(anonymous_4)
FNF:3
FNH:3
FNDA:2,(anonymous_2)
FNDA:1,(anonymous_3)
FNDA:1,(anonymous_4)
DA:1,1
DA:2,1
DA:3,1
DA:7,1
DA:9,2
DA:13,1
DA:21,1
LF:7
LH:7
BRF:0
BRH:0
end_of_record
TN:
SF:src/core/application/product/event-handler/product-event-cloud-handler.ts
FN:28,(anonymous_4)
FN:35,(anonymous_5)
FN:39,(anonymous_6)
FN:43,(anonymous_7)
FN:47,(anonymous_8)
FN:51,(anonymous_9)
FN:55,(anonymous_10)
FN:59,(anonymous_11)
FN:63,(anonymous_12)
FN:67,(anonymous_13)
FN:71,(anonymous_14)
FN:75,(anonymous_15)
FN:79,(anonymous_16)
FNF:13
FNH:13
FNDA:12,(anonymous_4)
FNDA:1,(anonymous_5)
FNDA:1,(anonymous_6)
FNDA:1,(anonymous_7)
FNDA:1,(anonymous_8)
FNDA:1,(anonymous_9)
FNDA:1,(anonymous_10)
FNDA:1,(anonymous_11)
FNDA:1,(anonymous_12)
FNDA:1,(anonymous_13)
FNDA:1,(anonymous_14)
FNDA:1,(anonymous_15)
FNDA:1,(anonymous_16)
DA:1,1
DA:2,1
DA:3,1
DA:5,1
DA:6,1
DA:7,1
DA:8,1
DA:9,1
DA:10,1
DA:11,1
DA:12,1
DA:13,1
DA:14,1
DA:15,1
DA:16,1
DA:27,1
DA:30,12
DA:32,12
DA:36,1
DA:40,1
DA:44,1
DA:48,1
DA:52,1
DA:56,1
DA:60,1
DA:64,1
DA:68,1
DA:72,1
DA:76,1
DA:80,1
LF:30
LH:30
BRF:0
BRH:0
end_of_record
TN:
SF:src/core/application/product/event-handler/product-read-model-updater.ts
FN:27,(anonymous_4)
FN:34,(anonymous_5)
FN:46,(anonymous_6)
FN:50,(anonymous_7)
FN:58,(anonymous_8)
FN:66,(anonymous_9)
FN:74,(anonymous_10)
FN:82,(anonymous_11)
FN:90,(anonymous_12)
FN:98,(anonymous_13)
FN:107,(anonymous_14)
FN:116,(anonymous_15)
FN:124,(anonymous_16)
FNF:13
FNH:13
FNDA:12,(anonymous_4)
FNDA:1,(anonymous_5)
FNDA:1,(anonymous_6)
FNDA:1,(anonymous_7)
FNDA:1,(anonymous_8)
FNDA:1,(anonymous_9)
FNDA:1,(anonymous_10)
FNDA:1,(anonymous_11)
FNDA:1,(anonymous_12)
FNDA:1,(anonymous_13)
FNDA:1,(anonymous_14)
FNDA:1,(anonymous_15)
FNDA:1,(anonymous_16)
DA:1,1
DA:2,1
DA:3,1
DA:5,1
DA:6,1
DA:7,1
DA:8,1
DA:9,1
DA:10,1
DA:11,1
DA:12,1
DA:13,1
DA:14,1
DA:15,1
DA:16,1
DA:26,1
DA:29,12
DA:31,12
DA:35,1
DA:47,1
DA:51,1
DA:52,1
DA:53,1
DA:54,1
DA:59,1
DA:60,1
DA:61,1
DA:62,1
DA:67,1
DA:68,1
DA:69,1
DA:70,1
DA:75,1
DA:76,1
DA:77,1
DA:78,1
DA:83,1
DA:84,1
DA:85,1
DA:86,1
DA:91,1
DA:92,1
DA:93,1
DA:94,1
DA:99,1
DA:100,1
DA:101,1
DA:102,1
DA:103,1
DA:108,1
DA:109,1
DA:110,1
DA:111,1
DA:112,1
DA:117,1
DA:118,1
DA:119,1
DA:120,1
DA:125,1
DA:126,1
DA:127,1
DA:128,1
LF:62
LH:62
BRDA:52,0,0,1
BRDA:52,0,1,0
BRDA:60,1,0,1
BRDA:60,1,1,0
BRDA:68,2,0,1
BRDA:68,2,1,0
BRDA:76,3,0,1
BRDA:76,3,1,0
BRDA:84,4,0,1
BRDA:84,4,1,0
BRDA:92,5,0,1
BRDA:92,5,1,0
BRDA:100,6,0,1
BRDA:100,6,1,0
BRDA:109,7,0,1
BRDA:109,7,1,0
BRDA:118,8,0,1
BRDA:118,8,1,0
BRDA:126,9,0,1
BRDA:126,9,1,0
BRF:20
BRH:10
end_of_record
TN:
SF:src/core/application/product/events/products-released.event.ts
FN:7,(anonymous_0)
FNF:1
FNH:1
FNDA:2,(anonymous_0)
DA:1,2
DA:6,2
DA:8,2
DA:9,2
DA:11,2
LF:5
LH:5
BRF:0
BRH:0
end_of_record
TN:
SF:src/core/application/product/events/products-reserved.event.ts
FN:7,(anonymous_0)
FNF:1
FNH:1
FNDA:3,(anonymous_0)
DA:1,3
DA:6,3
DA:8,3
DA:9,3
DA:11,3
LF:5
LH:5
BRF:0
BRH:0
end_of_record
TN:
SF:src/core/application/product/ports/product-critical-event-publisher.port.ts
FNF:0
FNH:0
DA:1,0
LF:1
LH:0
BRF:0
BRH:0
end_of_record
TN:
SF:src/core/application/product/ports/product-event-cloud-publisher.port.ts
FNF:0
FNH:0
DA:14,0
LF:1
LH:0
BRF:0
BRH:0
end_of_record
TN:
SF:src/core/application/product/ports/product-read-model.repository.interface.ts
FNF:0
FNH:0
DA:1,0
LF:1
LH:0
BRF:0
BRH:0
end_of_record
TN:
SF:src/core/application/product/ports/product.repository.interface.ts
FNF:0
FNH:0
DA:4,0
LF:1
LH:0
BRF:0
BRH:0
end_of_record
TN:
SF:src/core/application/product/use-cases/product.command.usecase.ts
FNF:0
FNH:0
DA:5,0
LF:1
LH:0
BRF:0
BRH:0
end_of_record
TN:
SF:src/core/application/product/use-cases/product.query.usecase.ts
FNF:0
FNH:0
DA:5,0
LF:1
LH:0
BRF:0
BRH:0
end_of_record
TN:
SF:src/core/application/product/use-cases/command/create-product.command.ts
FN:4,(anonymous_0)
FNF:1
FNH:1
FNDA:3,(anonymous_0)
DA:1,2
DA:3,2
DA:5,3
DA:6,3
DA:7,3
DA:8,3
DA:9,3
DA:10,3
DA:12,3
LF:9
LH:9
BRF:0
BRH:0
end_of_record
TN:
SF:src/core/application/product/use-cases/command/release-products.command.ts
FN:6,(anonymous_0)
FNF:1
FNH:1
FNDA:2,(anonymous_0)
DA:1,2
DA:5,2
DA:7,2
DA:8,2
DA:10,2
LF:5
LH:5
BRF:0
BRH:0
end_of_record
TN:
SF:src/core/application/product/use-cases/command/remove-product.command.ts
FN:4,(anonymous_0)
FNF:1
FNH:1
FNDA:3,(anonymous_0)
DA:1,2
DA:3,2
DA:4,3
DA:5,3
LF:4
LH:4
BRF:0
BRH:0
end_of_record
TN:
SF:src/core/application/product/use-cases/command/reserve-products.command.ts
FN:6,(anonymous_0)
FNF:1
FNH:1
FNDA:3,(anonymous_0)
DA:1,2
DA:5,2
DA:7,3
DA:8,3
DA:10,3
LF:5
LH:5
BRF:0
BRH:0
end_of_record
TN:
SF:src/core/application/product/use-cases/command/update-product.command.ts
FN:4,(anonymous_0)
FNF:1
FNH:1
FNDA:3,(anonymous_0)
DA:1,2
DA:3,2
DA:5,3
DA:6,3
DA:7,3
DA:8,3
DA:9,3
DA:10,3
DA:12,3
LF:9
LH:9
BRF:0
BRH:0
end_of_record
TN:
SF:src/core/application/product/use-cases/command/handlers/create-product.handler.ts
FN:12,(anonymous_4)
FN:17,(anonymous_5)
FNF:2
FNH:2
FNDA:2,(anonymous_4)
FNDA:2,(anonymous_5)
DA:1,1
DA:2,1
DA:3,1
DA:5,1
DA:6,1
DA:7,1
DA:8,1
DA:11,1
DA:13,2
DA:14,2
DA:18,2
DA:19,2
DA:20,1
DA:22,1
DA:32,1
DA:33,1
LF:16
LH:16
BRDA:19,0,0,1
BRDA:19,0,1,1
BRDA:14,1,0,1
BRDA:14,1,1,0
BRDA:14,2,0,1
BRDA:14,2,1,1
BRF:6
BRH:5
end_of_record
TN:
SF:src/core/application/product/use-cases/command/handlers/release-product.handler.ts
FN:10,(anonymous_4)
FN:16,(anonymous_5)
FNF:2
FNH:2
FNDA:1,(anonymous_4)
FNDA:1,(anonymous_5)
DA:1,1
DA:2,1
DA:4,1
DA:6,1
DA:9,1
DA:11,1
DA:12,1
DA:13,1
DA:17,1
DA:18,1
DA:19,2
DA:20,2
DA:21,2
DA:22,2
DA:23,2
DA:24,2
DA:25,2
DA:28,1
LF:18
LH:18
BRDA:20,0,0,2
BRDA:20,0,1,0
BRDA:12,1,0,1
BRDA:12,1,1,0
BRDA:12,2,0,1
BRDA:12,2,1,1
BRDA:12,3,0,1
BRDA:12,3,1,0
BRDA:12,4,0,1
BRDA:12,4,1,1
BRF:10
BRH:7
end_of_record
TN:
SF:src/core/application/product/use-cases/command/handlers/remove-product.handler.ts
FN:9,(anonymous_4)
FN:14,(anonymous_5)
FNF:2
FNH:2
FNDA:2,(anonymous_4)
FNDA:2,(anonymous_5)
DA:1,1
DA:2,1
DA:3,1
DA:5,1
DA:8,1
DA:10,2
DA:11,2
DA:15,2
DA:16,2
DA:17,2
DA:18,1
DA:19,1
DA:20,1
DA:21,1
LF:14
LH:14
BRDA:17,0,0,1
BRDA:17,0,1,1
BRDA:11,1,0,1
BRDA:11,1,1,0
BRDA:11,2,0,1
BRDA:11,2,1,1
BRF:6
BRH:5
end_of_record
TN:
SF:src/core/application/product/use-cases/command/handlers/reserve-product.handler.ts
FN:10,(anonymous_4)
FN:16,(anonymous_5)
FNF:2
FNH:2
FNDA:1,(anonymous_4)
FNDA:1,(anonymous_5)
DA:1,1
DA:2,1
DA:3,1
DA:5,1
DA:9,1
DA:11,1
DA:12,1
DA:13,1
DA:17,1
DA:18,1
DA:19,2
DA:20,2
DA:21,2
DA:22,2
DA:23,2
DA:24,2
DA:25,2
DA:28,1
LF:18
LH:18
BRDA:20,0,0,2
BRDA:20,0,1,0
BRDA:12,1,0,1
BRDA:12,1,1,0
BRDA:12,2,0,1
BRDA:12,2,1,1
BRDA:12,3,0,1
BRDA:12,3,1,0
BRDA:12,4,0,1
BRDA:12,4,1,1
BRF:10
BRH:7
end_of_record
TN:
SF:src/core/application/product/use-cases/command/handlers/update-product.handler.ts
FN:11,(anonymous_4)
FN:16,(anonymous_5)
FNF:2
FNH:2
FNDA:2,(anonymous_4)
FNDA:2,(anonymous_5)
DA:1,1
DA:2,1
DA:4,1
DA:5,1
DA:6,1
DA:7,1
DA:10,1
DA:12,2
DA:13,2
DA:17,2
DA:18,2
DA:19,1
DA:22,1
DA:24,1
DA:25,1
DA:26,1
DA:27,1
DA:28,1
DA:30,1
DA:31,1
LF:20
LH:20
BRDA:18,0,0,1
BRDA:18,0,1,1
BRDA:24,1,0,1
BRDA:24,1,1,0
BRDA:25,2,0,1
BRDA:25,2,1,0
BRDA:26,3,0,1
BRDA:26,3,1,0
BRDA:27,4,0,1
BRDA:27,4,1,0
BRDA:28,5,0,1
BRDA:28,5,1,0
BRDA:13,6,0,1
BRDA:13,6,1,0
BRDA:13,7,0,1
BRDA:13,7,1,1
BRF:16
BRH:10
end_of_record
TN:
SF:src/core/application/product/use-cases/query/get-inventory.query.ts
FN:5,(anonymous_0)
FNF:1
FNH:1
FNDA:1,(anonymous_0)
DA:1,1
DA:4,1
DA:6,1
LF:3
LH:3
BRF:0
BRH:0
end_of_record
TN:
SF:src/core/application/product/use-cases/query/get-product.query.ts
FN:5,(anonymous_0)
FNF:1
FNH:1
FNDA:2,(anonymous_0)
DA:1,1
DA:4,1
DA:5,2
DA:6,2
LF:4
LH:4
BRF:0
BRH:0
end_of_record
TN:
SF:src/core/application/product/use-cases/query/handlers/get-inventory.handler.ts
FN:10,(anonymous_4)
FN:15,(anonymous_5)
FN:18,(anonymous_6)
FNF:3
FNH:3
FNDA:1,(anonymous_4)
FNDA:1,(anonymous_5)
FNDA:2,(anonymous_6)
DA:1,1
DA:2,1
DA:3,1
DA:4,1
DA:6,1
DA:9,1
DA:12,1
DA:16,1
DA:17,1
DA:18,2
DA:19,1
LF:11
LH:11
BRF:0
BRH:0
end_of_record
TN:
SF:src/core/application/product/use-cases/query/handlers/get-product.handler.ts
FN:9,(anonymous_4)
FN:14,(anonymous_5)
FNF:2
FNH:2
FNDA:2,(anonymous_4)
FNDA:2,(anonymous_5)
DA:1,1
DA:2,1
DA:3,1
DA:5,1
DA:8,1
DA:11,2
DA:15,2
DA:16,2
LF:8
LH:8
BRDA:16,0,0,1
BRDA:16,0,1,1
BRF:2
BRH:2
end_of_record
TN:
SF:src/core/application/reservation/reservation.module.ts
FNF:0
FNH:0
DA:1,0
DA:2,0
DA:3,0
DA:4,0
DA:5,0
DA:6,0
DA:7,0
DA:9,0
DA:31,0
LF:9
LH:0
BRF:0
BRH:0
end_of_record
TN:
SF:src/core/application/reservation/ports/reservation.repository.interface.ts
FNF:0
FNH:0
DA:4,0
LF:1
LH:0
BRF:0
BRH:0
end_of_record
TN:
SF:src/core/application/reservation/use-cases/command/cancel-reservation.command.ts
FN:5,(anonymous_0)
FNF:1
FNH:1
FNDA:3,(anonymous_0)
DA:1,2
DA:4,2
DA:6,3
DA:8,3
LF:4
LH:4
BRF:0
BRH:0
end_of_record
TN:
SF:src/core/application/reservation/use-cases/command/create-reservation.command.ts
FN:6,(anonymous_0)
FNF:1
FNH:1
FNDA:3,(anonymous_0)
DA:1,2
DA:5,2
DA:7,3
DA:8,3
DA:10,3
LF:5
LH:5
BRF:0
BRH:0
end_of_record
TN:
SF:src/core/application/reservation/use-cases/command/update-reservation.command.ts
FN:6,(anonymous_0)
FNF:1
FNH:1
FNDA:3,(anonymous_0)
DA:1,2
DA:5,2
DA:7,3
DA:8,3
DA:10,3
LF:5
LH:5
BRF:0
BRH:0
end_of_record
TN:
SF:src/core/application/reservation/use-cases/command/handlers/cancel-reservation.handler.ts
FN:8,(anonymous_4)
FN:13,(anonymous_5)
FNF:2
FNH:2
FNDA:2,(anonymous_4)
FNDA:2,(anonymous_5)
DA:1,1
DA:2,1
DA:4,1
DA:7,1
DA:9,2
DA:10,2
DA:14,2
DA:15,2
DA:16,1
DA:18,1
DA:19,1
DA:20,1
DA:21,1
LF:13
LH:13
BRDA:15,0,0,1
BRDA:15,0,1,1
BRDA:10,1,0,1
BRDA:10,1,1,0
BRDA:10,2,0,1
BRDA:10,2,1,1
BRF:6
BRH:5
end_of_record
TN:
SF:src/core/application/reservation/use-cases/command/handlers/create-reservation.handler.ts
FN:9,(anonymous_4)
FN:14,(anonymous_5)
FNF:2
FNH:2
FNDA:2,(anonymous_4)
FNDA:2,(anonymous_5)
DA:1,1
DA:2,1
DA:3,1
DA:5,1
DA:8,1
DA:10,2
DA:11,2
DA:15,2
DA:16,1
DA:18,1
DA:19,1
DA:20,1
DA:21,1
LF:13
LH:13
BRDA:15,0,0,1
BRDA:15,0,1,1
BRDA:11,1,0,1
BRDA:11,1,1,0
BRDA:11,2,0,1
BRDA:11,2,1,1
BRF:6
BRH:5
end_of_record
TN:
SF:src/core/application/reservation/use-cases/command/handlers/update-reservation.handler.ts
FN:8,(anonymous_4)
FN:13,(anonymous_5)
FNF:2
FNH:2
FNDA:2,(anonymous_4)
FNDA:2,(anonymous_5)
DA:1,1
DA:2,1
DA:4,1
DA:7,1
DA:9,2
DA:10,2
DA:14,2
DA:15,2
DA:16,1
DA:18,1
DA:19,1
DA:20,1
DA:21,1
LF:13
LH:13
BRDA:15,0,0,1
BRDA:15,0,1,1
BRDA:10,1,0,1
BRDA:10,1,1,0
BRDA:10,2,0,1
BRDA:10,2,1,1
BRF:6
BRH:5
end_of_record
TN:
SF:src/core/domain/order/entities/order.entity.ts
FN:19,(anonymous_0)
FN:37,(anonymous_1)
FN:39,(anonymous_2)
FN:44,(anonymous_3)
FN:45,(anonymous_4)
FN:46,(anonymous_5)
FN:47,(anonymous_6)
FN:48,(anonymous_7)
FN:49,(anonymous_8)
FN:50,(anonymous_9)
FN:52,(anonymous_10)
FN:64,(anonymous_11)
FN:68,(anonymous_12)
FN:72,(anonymous_13)
FN:76,(anonymous_14)
FN:80,(anonymous_15)
FN:84,(anonymous_16)
FN:88,(anonymous_17)
FN:92,(anonymous_18)
FN:96,(anonymous_19)
FN:100,(anonymous_20)
FNF:21
FNH:21
FNDA:24,(anonymous_0)
FNDA:24,(anonymous_1)
FNDA:40,(anonymous_2)
FNDA:5,(anonymous_3)
FNDA:3,(anonymous_4)
FNDA:1,(anonymous_5)
FNDA:13,(anonymous_6)
FNDA:1,(anonymous_7)
FNDA:2,(anonymous_8)
FNDA:8,(anonymous_9)
FNDA:12,(anonymous_10)
FNDA:1,(anonymous_11)
FNDA:2,(anonymous_12)
FNDA:1,(anonymous_13)
FNDA:1,(anonymous_14)
FNDA:1,(anonymous_15)
FNDA:1,(anonymous_16)
FNDA:1,(anonymous_17)
FNDA:1,(anonymous_18)
FNDA:1,(anonymous_19)
FNDA:1,(anonymous_20)
DA:1,8
DA:5,8
DA:7,8
DA:8,8
DA:10,8
DA:27,24
DA:28,24
DA:29,24
DA:30,24
DA:31,24
DA:32,24
DA:33,24
DA:34,24
DA:38,24
DA:39,40
DA:44,5
DA:45,3
DA:46,1
DA:47,13
DA:48,1
DA:49,2
DA:50,8
DA:53,12
DA:54,12
DA:61,12
DA:65,1
DA:69,2
DA:73,1
DA:77,1
DA:81,1
DA:85,1
DA:89,1
DA:93,1
DA:97,1
DA:101,1
LF:35
LH:35
BRDA:33,0,0,24
BRDA:33,0,1,22
BRF:2
BRH:2
end_of_record
TN:
SF:src/core/domain/order/entities/replenishment-order.entity.ts
FN:12,(anonymous_0)
FN:26,(anonymous_1)
FN:55,(anonymous_2)
FNF:3
FNH:3
FNDA:2,(anonymous_0)
FNDA:2,(anonymous_1)
FNDA:1,(anonymous_2)
DA:1,3
DA:5,3
DA:7,3
DA:9,3
DA:22,2
DA:23,2
DA:34,2
DA:42,2
DA:52,2
DA:55,1
LF:10
LH:10
BRDA:19,0,0,2
BRF:1
BRH:1
end_of_record
TN:
SF:src/core/domain/order/entities/sell-order.entity.ts
FN:13,(anonymous_0)
FN:26,(anonymous_1)
FN:47,(anonymous_2)
FNF:3
FNH:3
FNDA:3,(anonymous_0)
FNDA:2,(anonymous_1)
FNDA:1,(anonymous_2)
DA:1,3
DA:5,3
DA:8,3
DA:10,3
DA:22,3
DA:23,3
DA:33,2
DA:34,2
DA:44,2
DA:47,1
LF:10
LH:10
BRDA:19,0,0,2
BRF:1
BRH:1
end_of_record
TN:
SF:src/core/domain/order/entities/transfer-order.entity.ts
FN:12,(anonymous_0)
FN:25,(anonymous_1)
FN:46,(anonymous_2)
FN:50,(anonymous_3)
FNF:4
FNH:3
FNDA:8,(anonymous_0)
FNDA:3,(anonymous_1)
FNDA:0,(anonymous_2)
FNDA:2,(anonymous_3)
DA:1,6
DA:5,6
DA:7,6
DA:9,6
DA:21,8
DA:22,8
DA:32,3
DA:33,3
DA:43,3
DA:47,0
DA:50,2
LF:11
LH:10
BRDA:18,0,0,3
BRF:1
BRH:1
end_of_record
TN:
SF:src/core/domain/order/events/order-created.event.ts
FN:10,(anonymous_0)
FNF:1
FNH:1
FNDA:12,(anonymous_0)
DA:5,13
DA:9,13
DA:11,12
DA:12,12
DA:13,12
DA:14,12
DA:15,12
DA:16,12
DA:17,12
DA:19,12
LF:10
LH:10
BRF:0
BRH:0
end_of_record
TN:
SF:src/core/domain/order/events/order-state-updated.event.ts
FN:7,(anonymous_0)
FNF:1
FNH:1
FNDA:17,(anonymous_0)
DA:3,13
DA:6,13
DA:8,17
DA:9,17
DA:10,17
DA:12,17
LF:6
LH:6
BRF:0
BRH:0
end_of_record
TN:
SF:src/core/domain/product/entities/product.entity.ts
FN:22,(anonymous_0)
FN:34,(anonymous_1)
FN:57,(anonymous_2)
FN:61,(anonymous_3)
FN:62,(anonymous_4)
FN:63,(anonymous_5)
FN:64,(anonymous_6)
FN:65,(anonymous_7)
FN:66,(anonymous_8)
FN:67,(anonymous_9)
FN:68,(anonymous_10)
FN:70,(anonymous_11)
FN:79,(anonymous_12)
FN:85,(anonymous_13)
FN:91,(anonymous_14)
FN:98,(anonymous_15)
FN:105,(anonymous_16)
FN:112,(anonymous_17)
FN:119,(anonymous_18)
FN:137,(anonymous_19)
FN:148,(anonymous_20)
FN:158,(anonymous_21)
FNF:22
FNH:22
FNDA:26,(anonymous_0)
FNDA:25,(anonymous_1)
FNDA:1,(anonymous_2)
FNDA:1,(anonymous_3)
FNDA:2,(anonymous_4)
FNDA:2,(anonymous_5)
FNDA:6,(anonymous_6)
FNDA:6,(anonymous_7)
FNDA:1,(anonymous_8)
FNDA:2,(anonymous_9)
FNDA:2,(anonymous_10)
FNDA:23,(anonymous_11)
FNDA:1,(anonymous_12)
FNDA:1,(anonymous_13)
FNDA:3,(anonymous_14)
FNDA:1,(anonymous_15)
FNDA:1,(anonymous_16)
FNDA:1,(anonymous_17)
FNDA:11,(anonymous_18)
FNDA:3,(anonymous_19)
FNDA:3,(anonymous_20)
FNDA:2,(anonymous_21)
DA:1,2
DA:3,2
DA:5,2
DA:6,2
DA:7,2
DA:8,2
DA:9,2
DA:10,2
DA:11,2
DA:12,2
DA:13,2
DA:14,2
DA:15,2
DA:16,2
DA:18,2
DA:19,2
DA:21,2
DA:23,26
DA:24,26
DA:25,26
DA:26,26
DA:27,26
DA:28,26
DA:29,26
DA:31,26
DA:42,25
DA:43,25
DA:54,25
DA:58,1
DA:61,1
DA:62,2
DA:63,2
DA:64,6
DA:65,6
DA:66,1
DA:67,2
DA:68,2
DA:71,23
DA:72,3
DA:74,23
DA:75,1
DA:80,1
DA:81,1
DA:82,1
DA:86,1
DA:87,1
DA:88,1
DA:92,3
DA:93,3
DA:94,3
DA:95,3
DA:99,1
DA:100,1
DA:101,1
DA:102,1
DA:106,1
DA:107,1
DA:108,1
DA:109,1
DA:113,1
DA:114,1
DA:115,1
DA:116,1
DA:120,11
DA:121,1
DA:122,1
DA:123,1
DA:124,1
DA:125,1
DA:126,1
DA:129,10
DA:130,10
DA:131,10
DA:132,10
DA:133,10
DA:138,3
DA:139,1
DA:141,2
DA:142,2
DA:143,2
DA:144,2
DA:145,2
DA:149,3
DA:150,1
DA:152,2
DA:153,2
DA:154,2
DA:155,2
DA:159,2
DA:160,2
DA:161,2
DA:162,2
LF:92
LH:92
BRDA:71,0,0,3
BRDA:71,0,1,20
BRDA:74,1,0,1
BRDA:74,1,1,22
BRDA:120,2,0,1
BRDA:120,2,1,10
BRDA:138,3,0,1
BRDA:138,3,1,2
BRDA:149,4,0,1
BRDA:149,4,1,2
BRF:10
BRH:10
end_of_record
TN:
SF:src/core/domain/product/events/product-available-qty-updated.event.ts
FN:6,(anonymous_0)
FNF:1
FNH:1
FNDA:5,(anonymous_0)
DA:2,5
DA:5,5
DA:6,5
DA:7,5
LF:4
LH:4
BRF:0
BRH:0
end_of_record
TN:
SF:src/core/domain/product/events/product-created.event.ts
FN:7,(anonymous_0)
FNF:1
FNH:1
FNDA:27,(anonymous_0)
DA:2,5
DA:6,5
DA:8,27
DA:9,27
DA:10,27
DA:11,27
DA:12,27
DA:13,27
DA:14,27
DA:16,27
LF:10
LH:10
BRF:0
BRH:0
end_of_record
TN:
SF:src/core/domain/product/events/product-critical-max-thres.event.ts
FN:6,(anonymous_0)
FNF:1
FNH:1
FNDA:2,(anonymous_0)
DA:2,3
DA:5,3
DA:8,2
DA:9,2
DA:11,2
LF:5
LH:5
BRF:0
BRH:0
end_of_record
TN:
SF:src/core/domain/product/events/product-critical-min-thres.event.ts
FN:6,(anonymous_0)
FNF:1
FNH:1
FNDA:4,(anonymous_0)
DA:2,3
DA:5,3
DA:8,4
DA:9,4
DA:11,4
LF:5
LH:5
BRF:0
BRH:0
end_of_record
TN:
SF:src/core/domain/product/events/product-dispatched.event.ts
FN:7,(anonymous_0)
FNF:1
FNH:1
FNDA:4,(anonymous_0)
DA:2,5
DA:6,5
DA:8,4
DA:9,4
DA:10,4
DA:12,4
LF:6
LH:6
BRF:0
BRH:0
end_of_record
TN:
SF:src/core/domain/product/events/product-max-thres-updated.event.ts
FN:6,(anonymous_0)
FNF:1
FNH:1
FNDA:3,(anonymous_0)
DA:2,5
DA:5,5
DA:6,3
DA:7,3
LF:4
LH:4
BRF:0
BRH:0
end_of_record
TN:
SF:src/core/domain/product/events/product-min-thres-updated.event.ts
FN:6,(anonymous_0)
FNF:1
FNH:1
FNDA:3,(anonymous_0)
DA:2,5
DA:5,5
DA:6,3
DA:7,3
LF:4
LH:4
BRF:0
BRH:0
end_of_record
TN:
SF:src/core/domain/product/events/product-name-updated.event.ts
FN:5,(anonymous_0)
FNF:1
FNH:1
FNDA:3,(anonymous_0)
DA:2,5
DA:4,5
DA:5,3
DA:6,3
LF:4
LH:4
BRF:0
BRH:0
end_of_record
TN:
SF:src/core/domain/product/events/product-price-updated.event.ts
FN:6,(anonymous_0)
FNF:1
FNH:1
FNDA:3,(anonymous_0)
DA:1,5
DA:5,5
DA:6,3
DA:7,3
LF:4
LH:4
BRF:0
BRH:0
end_of_record
TN:
SF:src/core/domain/product/events/product-received.event.ts
FN:7,(anonymous_0)
FNF:1
FNH:1
FNDA:4,(anonymous_0)
DA:2,5
DA:6,5
DA:8,4
DA:9,4
DA:10,4
DA:12,4
LF:6
LH:6
BRF:0
BRH:0
end_of_record
TN:
SF:src/core/domain/product/events/product-released.event.ts
FN:7,(anonymous_0)
FNF:1
FNH:1
FNDA:4,(anonymous_0)
DA:2,5
DA:6,5
DA:8,4
DA:9,4
DA:10,4
DA:12,4
LF:6
LH:6
BRF:0
BRH:0
end_of_record
TN:
SF:src/core/domain/product/events/product-removed.event.ts
FN:5,(anonymous_0)
FNF:1
FNH:1
FNDA:3,(anonymous_0)
DA:2,5
DA:4,5
DA:5,3
DA:6,3
LF:4
LH:4
BRF:0
BRH:0
end_of_record
TN:
SF:src/core/domain/product/events/product-reserved-qty-updated.event.ts
FN:6,(anonymous_0)
FNF:1
FNH:1
FNDA:3,(anonymous_0)
DA:2,5
DA:5,5
DA:6,3
DA:7,3
LF:4
LH:4
BRF:0
BRH:0
end_of_record
TN:
SF:src/core/domain/product/events/product-reserved.event.ts
FN:7,(anonymous_0)
FNF:1
FNH:1
FNDA:13,(anonymous_0)
DA:2,5
DA:6,5
DA:8,13
DA:9,13
DA:10,13
DA:12,13
LF:6
LH:6
BRF:0
BRH:0
end_of_record
TN:
SF:src/core/domain/reservation/entities/reservation.entity.ts
FN:19,(anonymous_0)
FN:28,(anonymous_1)
FN:29,(anonymous_2)
FN:30,(anonymous_3)
FN:32,(anonymous_4)
FN:36,(anonymous_5)
FN:44,(anonymous_6)
FN:55,(anonymous_7)
FN:56,(anonymous_8)
FN:59,(anonymous_9)
FN:61,(anonymous_10)
FN:69,(anonymous_11)
FN:72,(anonymous_12)
FN:83,(anonymous_13)
FN:88,(anonymous_14)
FN:93,(anonymous_15)
FN:99,(anonymous_16)
FNF:17
FNH:17
FNDA:8,(anonymous_0)
FNDA:1,(anonymous_1)
FNDA:1,(anonymous_2)
FNDA:6,(anonymous_3)
FNDA:12,(anonymous_4)
FNDA:1,(anonymous_5)
FNDA:1,(anonymous_6)
FNDA:1,(anonymous_7)
FNDA:2,(anonymous_8)
FNDA:7,(anonymous_9)
FNDA:13,(anonymous_10)
FNDA:1,(anonymous_11)
FNDA:1,(anonymous_12)
FNDA:1,(anonymous_13)
FNDA:1,(anonymous_14)
FNDA:1,(anonymous_15)
FNDA:1,(anonymous_16)
DA:1,2
DA:3,2
DA:4,2
DA:5,2
DA:6,2
DA:7,2
DA:8,2
DA:9,2
DA:10,2
DA:11,2
DA:12,2
DA:14,2
DA:23,8
DA:24,8
DA:25,8
DA:28,1
DA:29,1
DA:30,6
DA:33,12
DA:37,1
DA:38,2
DA:39,2
DA:45,1
DA:46,1
DA:47,2
DA:48,2
DA:49,2
DA:52,1
DA:56,2
DA:60,7
DA:61,13
DA:63,7
DA:64,7
DA:65,7
DA:66,7
DA:70,1
DA:71,1
DA:72,1
DA:74,1
DA:75,1
DA:78,1
DA:79,1
DA:80,1
DA:84,1
DA:85,1
DA:89,1
DA:90,1
DA:94,1
DA:95,1
DA:96,1
DA:100,1
DA:101,1
DA:102,1
LF:53
LH:53
BRDA:38,0,0,2
BRDA:38,0,1,0
BRDA:48,1,0,2
BRDA:48,1,1,0
BRDA:74,2,0,1
BRDA:74,2,1,0
BRF:6
BRH:3
end_of_record
TN:
SF:src/core/domain/reservation/events/reservation-canceled.event.ts
FN:6,(anonymous_0)
FNF:1
FNH:1
FNDA:1,(anonymous_0)
DA:1,2
DA:3,2
DA:5,2
DA:7,1
DA:9,1
LF:5
LH:5
BRF:0
BRH:0
end_of_record
TN:
SF:src/core/domain/reservation/events/reservation-canceling-requested.event.ts
FN:7,(anonymous_0)
FNF:1
FNH:1
FNDA:4,(anonymous_0)
DA:1,5
DA:3,5
DA:6,5
DA:8,4
DA:9,4
DA:11,4
LF:6
LH:6
BRF:0
BRH:0
end_of_record
TN:
SF:src/core/domain/reservation/events/reservation-completed.event.ts
FN:6,(anonymous_0)
FNF:1
FNH:1
FNDA:1,(anonymous_0)
DA:1,2
DA:3,2
DA:5,2
DA:7,1
DA:9,1
LF:5
LH:5
BRF:0
BRH:0
end_of_record
TN:
SF:src/core/domain/reservation/events/reservation-created.event.ts
FN:7,(anonymous_0)
FNF:1
FNH:1
FNDA:9,(anonymous_0)
DA:1,4
DA:2,4
DA:6,4
DA:8,9
DA:9,9
DA:11,9
LF:6
LH:6
BRF:0
BRH:0
end_of_record
TN:
SF:src/core/domain/reservation/events/reservation-updated.event.ts
FN:6,(anonymous_0)
FNF:1
FNH:1
FNDA:4,(anonymous_0)
DA:1,4
DA:3,4
DA:5,4
DA:7,4
DA:9,4
LF:5
LH:5
BRF:0
BRH:0
end_of_record
TN:
SF:src/infrastructure/messaging/nats/dispatch-notifier.publisher.nats.ts
FN:7,(anonymous_4)
FN:11,(anonymous_5)
FNF:2
FNH:0
FNDA:0,(anonymous_4)
FNDA:0,(anonymous_5)
DA:1,0
DA:2,0
DA:6,0
DA:8,0
DA:12,0
DA:13,0
DA:14,0
LF:7
LH:0
BRDA:8,0,0,0
BRDA:8,0,1,0
BRDA:8,1,0,0
BRDA:8,1,1,0
BRF:4
BRH:0
end_of_record
TN:
SF:src/infrastructure/messaging/nats/inbound-order-event.listener.nats.ts
FN:12,(anonymous_2)
FN:17,(anonymous_3)
FN:22,(anonymous_4)
FN:27,(anonymous_5)
FN:32,(anonymous_6)
FNF:5
FNH:0
FNDA:0,(anonymous_2)
FNDA:0,(anonymous_3)
FNDA:0,(anonymous_4)
FNDA:0,(anonymous_5)
FNDA:0,(anonymous_6)
DA:1,0
DA:2,0
DA:3,0
DA:4,0
DA:5,0
DA:6,0
DA:7,0
DA:11,0
DA:13,0
DA:17,0
DA:18,0
DA:22,0
DA:23,0
DA:27,0
DA:28,0
DA:32,0
DA:33,0
LF:17
LH:0
BRDA:17,0,0,0
BRDA:17,0,1,0
BRDA:17,1,0,0
BRDA:17,1,1,0
BRDA:17,2,0,0
BRDA:17,2,1,0
BRDA:17,3,0,0
BRDA:17,3,1,0
BRDA:22,4,0,0
BRDA:22,4,1,0
BRDA:22,5,0,0
BRDA:22,5,1,0
BRDA:22,6,0,0
BRDA:22,6,1,0
BRDA:22,7,0,0
BRDA:22,7,1,0
BRDA:27,8,0,0
BRDA:27,8,1,0
BRDA:27,9,0,0
BRDA:27,9,1,0
BRDA:27,10,0,0
BRDA:27,10,1,0
BRDA:27,11,0,0
BRDA:27,11,1,0
BRDA:32,12,0,0
BRDA:32,12,1,0
BRDA:32,13,0,0
BRDA:32,13,1,0
BRDA:32,14,0,0
BRDA:32,14,1,0
BRDA:32,15,0,0
BRDA:32,15,1,0
BRDA:13,16,0,0
BRDA:13,16,1,0
BRDA:13,17,0,0
BRDA:13,17,1,0
BRF:36
BRH:0
end_of_record
TN:
SF:src/infrastructure/messaging/nats/nats-messaging.module.ts
FNF:0
FNH:0
DA:1,0
DA:2,0
DA:3,0
DA:4,0
DA:5,0
DA:6,0
DA:7,0
DA:8,0
DA:9,0
DA:60,0
LF:10
LH:0
BRDA:19,0,0,0
BRDA:19,0,1,0
BRF:2
BRH:0
end_of_record
TN:
SF:src/infrastructure/messaging/nats/order-event-cloud.publisher.nats.ts
FN:9,(anonymous_4)
FN:11,(anonymous_5)
FN:17,(anonymous_6)
FNF:3
FNH:0
FNDA:0,(anonymous_4)
FNDA:0,(anonymous_5)
FNDA:0,(anonymous_6)
DA:1,0
DA:3,0
DA:6,0
DA:7,0
DA:9,0
DA:12,0
DA:13,0
DA:14,0
DA:18,0
DA:19,0
DA:20,0
LF:11
LH:0
BRDA:12,0,0,0
BRDA:12,0,1,0
BRDA:18,1,0,0
BRDA:18,1,1,0
BRDA:9,2,0,0
BRDA:9,2,1,0
BRDA:9,3,0,0
BRDA:9,3,1,0
BRF:8
BRH:0
end_of_record
TN:
SF:src/infrastructure/messaging/nats/order-event-destination-wh.publisher.nats.ts
FN:11,(anonymous_4)
FN:13,(anonymous_5)
FN:18,(anonymous_6)
FN:25,(anonymous_7)
FNF:4
FNH:0
FNDA:0,(anonymous_4)
FNDA:0,(anonymous_5)
FNDA:0,(anonymous_6)
FNDA:0,(anonymous_7)
DA:1,0
DA:5,0
DA:8,0
DA:9,0
DA:11,0
DA:14,0
DA:15,0
DA:16,0
DA:18,0
DA:26,0
DA:27,0
DA:28,0
LF:12
LH:0
BRDA:14,0,0,0
BRDA:14,0,1,0
BRDA:26,1,0,0
BRDA:26,1,1,0
BRDA:11,2,0,0
BRDA:11,2,1,0
BRDA:11,3,0,0
BRDA:11,3,1,0
BRF:8
BRH:0
end_of_record
TN:
SF:src/infrastructure/messaging/nats/product-critical-event.publisher.nats.ts
FN:9,(anonymous_4)
FN:11,(anonymous_5)
FN:17,(anonymous_6)
FNF:3
FNH:0
FNDA:0,(anonymous_4)
FNDA:0,(anonymous_5)
FNDA:0,(anonymous_6)
DA:1,0
DA:2,0
DA:6,0
DA:7,0
DA:9,0
DA:12,0
DA:13,0
DA:14,0
DA:18,0
DA:19,0
DA:20,0
LF:11
LH:0
BRDA:12,0,0,0
BRDA:12,0,1,0
BRDA:18,1,0,0
BRDA:18,1,1,0
BRDA:9,2,0,0
BRDA:9,2,1,0
BRDA:9,3,0,0
BRDA:9,3,1,0
BRF:8
BRH:0
end_of_record
TN:
SF:src/infrastructure/messaging/nats/product-event-cloud.publisher.nats.ts
FN:20,(anonymous_4)
FN:22,(anonymous_5)
FN:28,(anonymous_6)
FN:37,(anonymous_7)
FN:46,(anonymous_8)
FN:55,(anonymous_9)
FN:64,(anonymous_10)
FN:73,(anonymous_11)
FN:82,(anonymous_12)
FN:91,(anonymous_13)
FN:100,(anonymous_14)
FN:109,(anonymous_15)
FN:118,(anonymous_16)
FNF:13
FNH:0
FNDA:0,(anonymous_4)
FNDA:0,(anonymous_5)
FNDA:0,(anonymous_6)
FNDA:0,(anonymous_7)
FNDA:0,(anonymous_8)
FNDA:0,(anonymous_9)
FNDA:0,(anonymous_10)
FNDA:0,(anonymous_11)
FNDA:0,(anonymous_12)
FNDA:0,(anonymous_13)
FNDA:0,(anonymous_14)
FNDA:0,(anonymous_15)
FNDA:0,(anonymous_16)
DA:1,0
DA:3,0
DA:17,0
DA:18,0
DA:20,0
DA:23,0
DA:24,0
DA:25,0
DA:29,0
DA:30,0
DA:31,0
DA:38,0
DA:39,0
DA:40,0
DA:47,0
DA:48,0
DA:49,0
DA:56,0
DA:57,0
DA:58,0
DA:65,0
DA:66,0
DA:67,0
DA:74,0
DA:75,0
DA:76,0
DA:83,0
DA:84,0
DA:85,0
DA:92,0
DA:93,0
DA:94,0
DA:101,0
DA:102,0
DA:103,0
DA:110,0
DA:111,0
DA:112,0
DA:119,0
DA:120,0
DA:121,0
LF:41
LH:0
BRDA:23,0,0,0
BRDA:23,0,1,0
BRDA:29,1,0,0
BRDA:29,1,1,0
BRDA:38,2,0,0
BRDA:38,2,1,0
BRDA:47,3,0,0
BRDA:47,3,1,0
BRDA:56,4,0,0
BRDA:56,4,1,0
BRDA:65,5,0,0
BRDA:65,5,1,0
BRDA:74,6,0,0
BRDA:74,6,1,0
BRDA:83,7,0,0
BRDA:83,7,1,0
BRDA:92,8,0,0
BRDA:92,8,1,0
BRDA:101,9,0,0
BRDA:101,9,1,0
BRDA:110,10,0,0
BRDA:110,10,1,0
BRDA:119,11,0,0
BRDA:119,11,1,0
BRDA:20,12,0,0
BRDA:20,12,1,0
BRDA:20,13,0,0
BRDA:20,13,1,0
BRF:28
BRH:0
end_of_record
TN:
SF:src/infrastructure/messaging/nats/replenishment-request.publisher.nats.ts
FN:9,(anonymous_4)
FN:11,(anonymous_5)
FNF:2
FNH:0
FNDA:0,(anonymous_4)
FNDA:0,(anonymous_5)
DA:1,0
DA:3,0
DA:6,0
DA:7,0
DA:9,0
DA:14,0
DA:15,0
DA:16,0
LF:8
LH:0
BRDA:14,0,0,0
BRDA:14,0,1,0
BRDA:9,1,0,0
BRDA:9,1,1,0
BRDA:9,2,0,0
BRDA:9,2,1,0
BRF:6
BRH:0
end_of_record
TN:
SF:src/infrastructure/persistence/mongodb/order.repository.mongo.ts
FN:22,(anonymous_4)
FN:26,(anonymous_5)
FN:29,(anonymous_6)
FN:68,(anonymous_7)
FN:74,(anonymous_8)
FN:76,(anonymous_9)
FN:79,(anonymous_10)
FN:82,(anonymous_11)
FNF:8
FNH:0
FNDA:0,(anonymous_4)
FNDA:0,(anonymous_5)
FNDA:0,(anonymous_6)
FNDA:0,(anonymous_7)
FNDA:0,(anonymous_8)
FNDA:0,(anonymous_9)
FNDA:0,(anonymous_10)
FNDA:0,(anonymous_11)
DA:1,0
DA:2,0
DA:3,0
DA:5,0
DA:6,0
DA:7,0
DA:8,0
DA:9,0
DA:10,0
DA:11,0
DA:12,0
DA:13,0
DA:14,0
DA:15,0
DA:16,0
DA:18,0
DA:21,0
DA:23,0
DA:27,0
DA:29,0
DA:42,0
DA:43,0
DA:44,0
DA:53,0
DA:54,0
DA:57,0
DA:58,0
DA:61,0
DA:69,0
DA:70,0
DA:71,0
DA:75,0
DA:76,0
DA:80,0
DA:81,0
DA:82,0
DA:84,0
DA:85,0
DA:86,0
DA:88,0
DA:89,0
DA:96,0
DA:99,0
DA:100,0
DA:108,0
DA:109,0
DA:116,0
LF:47
LH:0
BRDA:42,0,0,0
BRDA:42,0,1,0
BRDA:53,1,0,0
BRDA:53,1,1,0
BRDA:57,2,0,0
BRDA:57,2,1,0
BRDA:70,3,0,0
BRDA:70,3,1,0
BRDA:88,4,0,0
BRDA:88,4,1,0
BRDA:88,5,0,0
BRDA:88,5,1,0
BRDA:99,6,0,0
BRDA:99,6,1,0
BRDA:99,7,0,0
BRDA:99,7,1,0
BRDA:103,8,0,0
BRDA:103,8,1,0
BRDA:108,9,0,0
BRDA:108,9,1,0
BRDA:108,10,0,0
BRDA:108,10,1,0
BRDA:23,11,0,0
BRDA:23,11,1,0
BRDA:23,12,0,0
BRDA:23,12,1,0
BRF:26
BRH:0
end_of_record
TN:
SF:src/infrastructure/persistence/mongodb/product.repository.mongo.ts
FN:13,(anonymous_4)
FN:17,(anonymous_5)
FN:35,(anonymous_6)
FN:37,(anonymous_7)
FN:40,(anonymous_8)
FN:46,(anonymous_9)
FN:50,(anonymous_10)
FNF:7
FNH:0
FNDA:0,(anonymous_4)
FNDA:0,(anonymous_5)
FNDA:0,(anonymous_6)
FNDA:0,(anonymous_7)
FNDA:0,(anonymous_8)
FNDA:0,(anonymous_9)
FNDA:0,(anonymous_10)
DA:1,0
DA:2,0
DA:3,0
DA:4,0
DA:6,0
DA:7,0
DA:8,0
DA:9,0
DA:12,0
DA:14,0
DA:18,0
DA:28,0
DA:36,0
DA:37,0
DA:41,0
DA:42,0
DA:43,0
DA:47,0
DA:51,0
LF:19
LH:0
BRDA:42,0,0,0
BRDA:42,0,1,0
BRDA:14,1,0,0
BRDA:14,1,1,0
BRDA:14,2,0,0
BRDA:14,2,1,0
BRF:6
BRH:0
end_of_record
TN:
SF:src/infrastructure/persistence/mongodb/reservation.repository.mongo.ts
FN:16,(anonymous_4)
FN:20,(anonymous_5)
FN:23,(anonymous_6)
FN:38,(anonymous_7)
FN:44,(anonymous_8)
FN:46,(anonymous_9)
FN:49,(anonymous_10)
FN:51,(anonymous_11)
FNF:8
FNH:0
FNDA:0,(anonymous_4)
FNDA:0,(anonymous_5)
FNDA:0,(anonymous_6)
FNDA:0,(anonymous_7)
FNDA:0,(anonymous_8)
FNDA:0,(anonymous_9)
FNDA:0,(anonymous_10)
FNDA:0,(anonymous_11)
DA:1,0
DA:2,0
DA:3,0
DA:5,0
DA:6,0
DA:7,0
DA:8,0
DA:9,0
DA:12,0
DA:15,0
DA:17,0
DA:21,0
DA:23,0
DA:31,0
DA:39,0
DA:40,0
DA:41,0
DA:45,0
DA:46,0
DA:50,0
DA:51,0
DA:56,0
LF:22
LH:0
BRDA:40,0,0,0
BRDA:40,0,1,0
BRDA:17,1,0,0
BRDA:17,1,1,0
BRDA:17,2,0,0
BRDA:17,2,1,0
BRF:6
BRH:0
end_of_record
TN:
SF:src/infrastructure/persistence/mongodb/read-models/order-read-model.mongo.ts
FN:15,(anonymous_4)
FN:20,(anonymous_5)
FN:26,(anonymous_6)
FN:28,(anonymous_7)
FN:31,(anonymous_8)
FN:39,(anonymous_9)
FNF:6
FNH:0
FNDA:0,(anonymous_4)
FNDA:0,(anonymous_5)
FNDA:0,(anonymous_6)
FNDA:0,(anonymous_7)
FNDA:0,(anonymous_8)
FNDA:0,(anonymous_9)
DA:1,0
DA:2,0
DA:3,0
DA:8,0
DA:14,0
DA:17,0
DA:21,0
DA:22,0
DA:23,0
DA:27,0
DA:28,0
DA:32,0
DA:40,0
LF:13
LH:0
BRDA:22,0,0,0
BRDA:22,0,1,0
BRDA:17,1,0,0
BRDA:17,1,1,0
BRDA:17,2,0,0
BRDA:17,2,1,0
BRF:6
BRH:0
end_of_record
TN:
SF:src/infrastructure/persistence/mongodb/read-models/product-read-model.mongo.ts
FN:15,(anonymous_4)
FN:20,(anonymous_5)
FN:34,(anonymous_6)
FN:36,(anonymous_7)
FN:47,(anonymous_8)
FN:55,(anonymous_9)
FNF:6
FNH:0
FNDA:0,(anonymous_4)
FNDA:0,(anonymous_5)
FNDA:0,(anonymous_6)
FNDA:0,(anonymous_7)
FNDA:0,(anonymous_8)
FNDA:0,(anonymous_9)
DA:1,0
DA:2,0
DA:3,0
DA:8,0
DA:14,0
DA:17,0
DA:21,0
DA:22,0
DA:23,0
DA:35,0
DA:36,0
DA:48,0
DA:56,0
LF:13
LH:0
BRDA:22,0,0,0
BRDA:22,0,1,0
BRDA:17,1,0,0
BRDA:17,1,1,0
BRDA:17,2,0,0
BRDA:17,2,1,0
BRF:6
BRH:0
end_of_record
TN:
SF:src/infrastructure/persistence/mongodb/schemas/order-read-model.schema.ts
FNF:0
FNH:0
DA:1,0
DA:7,0
DA:9,0
DA:12,0
DA:15,0
DA:18,0
DA:21,0
DA:24,0
DA:27,0
DA:30,0
DA:33,0
DA:36,0
DA:39,0
LF:13
LH:0
BRDA:12,0,0,0
BRDA:12,0,1,0
BRDA:12,1,0,0
BRDA:12,1,1,0
BRDA:21,2,0,0
BRDA:21,2,1,0
BRDA:21,3,0,0
BRDA:21,3,1,0
BRF:8
BRH:0
end_of_record
TN:
SF:src/infrastructure/persistence/mongodb/schemas/order.schema.ts
FNF:0
FNH:0
DA:1,0
DA:7,0
DA:9,0
DA:12,0
DA:15,0
DA:18,0
DA:21,0
DA:24,0
DA:27,0
DA:30,0
DA:33,0
DA:36,0
DA:39,0
LF:13
LH:0
BRDA:12,0,0,0
BRDA:12,0,1,0
BRDA:12,1,0,0
BRDA:12,1,1,0
BRDA:21,2,0,0
BRDA:21,2,1,0
BRDA:21,3,0,0
BRDA:21,3,1,0
BRF:8
BRH:0
end_of_record
TN:
SF:src/infrastructure/persistence/mongodb/schemas/product-read-model.schema.ts
FNF:0
FNH:0
DA:1,0
DA:7,0
DA:9,0
DA:12,0
DA:15,0
DA:18,0
DA:21,0
DA:24,0
DA:27,0
DA:30,0
LF:10
LH:0
BRF:0
BRH:0
end_of_record
TN:
SF:src/infrastructure/persistence/mongodb/schemas/product.schema.ts
FNF:0
FNH:0
DA:1,0
DA:7,0
DA:9,0
DA:12,0
DA:15,0
DA:18,0
DA:21,0
DA:24,0
DA:27,0
DA:30,0
LF:10
LH:0
BRF:0
BRH:0
end_of_record
TN:
SF:src/infrastructure/persistence/mongodb/schemas/reservation.schema.ts
FNF:0
FNH:0
DA:1,0
DA:7,0
DA:9,0
DA:12,0
DA:15,0
DA:18,0
LF:6
LH:0
BRDA:12,0,0,0
BRDA:12,0,1,0
BRDA:12,1,0,0
BRDA:12,1,1,0
BRF:4
BRH:0
end_of_record
TN:
SF:src/shared/application/events/order-application-event.ts
FN:11,(anonymous_9)
FNF:1
FNH:1
FNDA:20,(anonymous_9)
DA:2,7
DA:3,7
DA:6,7
DA:11,20
DA:12,20
DA:13,20
DA:14,20
LF:7
LH:7
BRF:0
BRH:0
end_of_record
TN:
SF:src/shared/application/events/product-application-event.ts
FN:11,(anonymous_9)
FNF:1
FNH:1
FNDA:5,(anonymous_9)
DA:2,4
DA:3,4
DA:6,4
DA:11,5
DA:12,5
DA:13,5
DA:14,5
LF:7
LH:7
BRF:0
BRH:0
end_of_record
TN:
SF:src/shared/domain/enums/event-type.enum.ts
FN:1,(anonymous_0)
FNF:1
FNH:1
FNDA:27,(anonymous_0)
DA:1,27
DA:2,27
DA:3,27
DA:4,27
DA:5,27
LF:5
LH:5
BRDA:1,0,0,27
BRDA:1,0,1,27
BRF:2
BRH:2
end_of_record
TN:
SF:src/shared/domain/enums/order-state.enum.ts
FN:1,(anonymous_0)
FNF:1
FNH:1
FNDA:16,(anonymous_0)
DA:1,16
DA:2,16
DA:3,16
DA:4,16
DA:5,16
DA:6,16
DA:7,16
DA:8,16
DA:9,16
DA:10,16
DA:11,16
LF:11
LH:11
BRDA:1,0,0,16
BRDA:1,0,1,16
BRF:2
BRH:2
end_of_record
TN:
SF:src/shared/domain/enums/order-type.enum.ts
FN:1,(anonymous_0)
FNF:1
FNH:1
FNDA:14,(anonymous_0)
DA:1,14
DA:2,14
DA:3,14
DA:4,14
LF:4
LH:4
BRDA:1,0,0,14
BRDA:1,0,1,14
BRF:2
BRH:2
end_of_record
TN:
SF:src/shared/domain/enums/reservation-item-state.enum.ts
FN:1,(anonymous_0)
FNF:1
FNH:1
FNDA:2,(anonymous_0)
DA:1,2
DA:2,2
DA:3,2
DA:4,2
LF:4
LH:4
BRDA:1,0,0,2
BRDA:1,0,1,2
BRF:2
BRH:2
end_of_record
TN:
SF:src/shared/domain/enums/reservation-state.enum.ts
FN:1,(anonymous_0)
FNF:1
FNH:1
FNDA:5,(anonymous_0)
DA:1,5
DA:2,5
DA:3,5
DA:4,5
DA:5,5
DA:6,5
DA:7,5
LF:7
LH:7
BRDA:1,0,0,5
BRDA:1,0,1,5
BRF:2
BRH:2
end_of_record
TN:
SF:src/shared/domain/enums/warehouse-state.enum.ts
FN:1,(anonymous_0)
FNF:1
FNH:0
FNDA:0,(anonymous_0)
DA:1,0
DA:2,0
DA:3,0
LF:3
LH:0
BRDA:1,0,0,0
BRDA:1,0,1,0
BRF:2
BRH:0
end_of_record
TN:
SF:src/shared/domain/events/domain-event.base.ts
FN:10,(anonymous_9)
FNF:1
FNH:1
FNDA:129,(anonymous_9)
DA:2,23
DA:5,23
DA:11,129
DA:12,129
LF:4
LH:4
BRF:0
BRH:0
end_of_record
TN:
SF:src/shared/domain/events/order-event.base.ts
FN:7,(anonymous_0)
FNF:1
FNH:1
FNDA:29,(anonymous_0)
DA:1,14
DA:2,14
DA:6,14
DA:8,29
DA:9,29
DA:11,29
DA:12,29
LF:7
LH:7
BRF:0
BRH:0
end_of_record
TN:
SF:src/shared/domain/events/product-event.base.ts
FN:6,(anonymous_0)
FNF:1
FNH:1
FNDA:81,(anonymous_0)
DA:1,6
DA:2,6
DA:5,6
DA:6,81
DA:7,81
DA:8,81
LF:6
LH:6
BRF:0
BRH:0
end_of_record
TN:
SF:src/shared/domain/events/reservation-event.base.ts
FN:7,(anonymous_0)
FNF:1
FNH:1
FNDA:19,(anonymous_0)
DA:1,5
DA:2,5
DA:6,5
DA:7,19
DA:8,19
DA:9,19
LF:6
LH:6
BRF:0
BRH:0
end_of_record
TN:
SF:src/shared/domain/value-objects/address.vo.ts
FN:2,(anonymous_0)
FN:10,(anonymous_1)
FN:14,(anonymous_2)
FN:18,(anonymous_3)
FN:22,(anonymous_4)
FN:26,(anonymous_5)
FN:30,(anonymous_6)
FNF:7
FNH:1
FNDA:3,(anonymous_0)
FNDA:0,(anonymous_1)
FNDA:0,(anonymous_2)
FNDA:0,(anonymous_3)
FNDA:0,(anonymous_4)
FNDA:0,(anonymous_5)
FNDA:0,(anonymous_6)
DA:1,3
DA:3,3
DA:4,3
DA:5,3
DA:6,3
DA:7,3
DA:11,0
DA:15,0
DA:19,0
DA:23,0
DA:27,0
DA:31,0
LF:12
LH:6
BRF:0
BRH:0
end_of_record
TN:
SF:src/shared/domain/value-objects/internal-order.vo.ts
FN:4,(anonymous_0)
FN:6,(anonymous_1)
FNF:2
FNH:0
FNDA:0,(anonymous_0)
FNDA:0,(anonymous_1)
DA:3,0
DA:4,0
DA:7,0
LF:3
LH:0
BRF:0
BRH:0
end_of_record
TN:
SF:src/shared/domain/value-objects/money.vo.ts
FN:6,(anonymous_0)
FN:11,(anonymous_1)
FN:15,(anonymous_2)
FN:19,(anonymous_3)
FN:23,(anonymous_4)
FN:27,(anonymous_5)
FN:31,(anonymous_6)
FN:35,(anonymous_7)
FNF:8
FNH:4
FNDA:192,(anonymous_0)
FNDA:45,(anonymous_1)
FNDA:40,(anonymous_2)
FNDA:0,(anonymous_3)
FNDA:44,(anonymous_4)
FNDA:0,(anonymous_5)
FNDA:0,(anonymous_6)
FNDA:0,(anonymous_7)
DA:3,18
DA:7,192
DA:8,192
DA:12,45
DA:16,40
DA:20,0
DA:24,44
DA:28,0
DA:32,0
DA:36,0
LF:10
LH:6
BRDA:7,0,0,0
BRDA:7,0,1,192
BRF:2
BRH:1
end_of_record
TN:
SF:src/shared/domain/value-objects/order-id.vo.ts
FN:4,(anonymous_0)
FN:10,(anonymous_1)
FNF:2
FNH:2
FNDA:122,(anonymous_0)
FNDA:18,(anonymous_1)
DA:1,26
DA:5,122
DA:6,0
DA:7,122
DA:11,18
LF:5
LH:4
BRDA:5,0,0,0
BRDA:5,0,1,122
BRDA:5,1,0,122
BRDA:5,1,1,122
BRF:4
BRH:3
end_of_record
TN:
SF:src/shared/domain/value-objects/order-item.vo.ts
FN:10,(anonymous_0)
FN:16,(anonymous_1)
FN:20,(anonymous_2)
FN:24,(anonymous_3)
FNF:4
FNH:4
FNDA:44,(anonymous_0)
FNDA:44,(anonymous_1)
FNDA:2,(anonymous_2)
FNDA:40,(anonymous_3)
DA:4,9
DA:6,9
DA:11,44
DA:12,44
DA:13,44
DA:17,44
DA:21,2
DA:25,40
LF:8
LH:8
BRF:0
BRH:0
end_of_record
TN:
SF:src/shared/domain/value-objects/product-id.vo.ts
FN:4,(anonymous_0)
FN:11,(anonymous_1)
FNF:2
FNH:2
FNDA:140,(anonymous_0)
FNDA:19,(anonymous_1)
DA:1,20
DA:5,140
DA:6,0
DA:8,140
DA:12,19
LF:5
LH:4
BRDA:5,0,0,0
BRDA:5,0,1,140
BRDA:5,1,0,140
BRDA:5,1,1,140
BRF:4
BRH:3
end_of_record
TN:
SF:src/shared/domain/value-objects/product-item.vo.ts
FN:5,(anonymous_0)
FN:10,(anonymous_1)
FN:14,(anonymous_2)
FN:18,(anonymous_3)
FN:22,(anonymous_4)
FNF:5
FNH:3
FNDA:81,(anonymous_0)
FNDA:29,(anonymous_1)
FNDA:69,(anonymous_2)
FNDA:0,(anonymous_3)
FNDA:0,(anonymous_4)
DA:4,13
DA:6,81
DA:7,81
DA:11,29
DA:15,69
DA:19,0
DA:23,0
LF:7
LH:5
BRF:0
BRH:0
end_of_record
TN:
SF:src/shared/domain/value-objects/quantity.vo.ts
FN:4,(anonymous_0)
FN:11,(anonymous_1)
FN:15,(anonymous_2)
FN:19,(anonymous_3)
FN:23,(anonymous_4)
FN:27,(anonymous_5)
FN:31,(anonymous_6)
FNF:7
FNH:6
FNDA:324,(anonymous_0)
FNDA:167,(anonymous_1)
FNDA:23,(anonymous_2)
FNDA:40,(anonymous_3)
FNDA:0,(anonymous_4)
FNDA:17,(anonymous_5)
FNDA:17,(anonymous_6)
DA:1,19
DA:5,324
DA:6,0
DA:8,324
DA:12,167
DA:16,23
DA:20,40
DA:24,0
DA:28,17
DA:32,17
DA:33,17
DA:34,0
DA:36,17
LF:13
LH:10
BRDA:5,0,0,0
BRDA:5,0,1,324
BRDA:33,1,0,0
BRDA:33,1,1,17
BRF:4
BRH:2
end_of_record
TN:
SF:src/shared/domain/value-objects/reservation-item.vo.ts
FN:10,(anonymous_0)
FN:18,(anonymous_1)
FN:22,(anonymous_2)
FN:26,(anonymous_3)
FN:30,(anonymous_4)
FN:34,(anonymous_5)
FN:40,(anonymous_6)
FN:44,(anonymous_7)
FN:49,(anonymous_8)
FN:54,(anonymous_9)
FNF:10
FNH:10
FNDA:14,(anonymous_0)
FNDA:2,(anonymous_1)
FNDA:4,(anonymous_2)
FNDA:2,(anonymous_3)
FNDA:2,(anonymous_4)
FNDA:13,(anonymous_5)
FNDA:16,(anonymous_6)
FNDA:1,(anonymous_7)
FNDA:2,(anonymous_8)
FNDA:2,(anonymous_9)
DA:2,2
DA:3,2
DA:4,2
DA:6,2
DA:14,14
DA:15,14
DA:19,2
DA:23,4
DA:27,2
DA:31,2
DA:35,13
DA:36,13
DA:37,13
DA:41,16
DA:45,1
DA:46,1
DA:50,2
DA:51,2
DA:55,2
LF:19
LH:19
BRF:0
BRH:0
end_of_record
TN:
SF:src/shared/domain/value-objects/warehouse-id.vo.ts
FN:4,(anonymous_0)
FN:9,(anonymous_1)
FNF:2
FNH:2
FNDA:42,(anonymous_0)
FNDA:5,(anonymous_1)
DA:1,15
DA:5,42
DA:6,42
DA:10,5
LF:4
LH:4
BRDA:5,0,0,0
BRDA:5,0,1,42
BRF:2
BRH:1
end_of_record
